{"D:\\disertatie\\Train-Eat-Track\\src\\features\\home\\homeSelectors.ts": {"path":"D:\\disertatie\\Train-Eat-Track\\src\\features\\home\\homeSelectors.ts","statementMap":{"0":{"start":{"line":28,"column":33},"end":{"line":28,"column":37}},"1":{"start":{"line":30,"column":20},"end":{"line":34,"column":1}},"2":{"start":{"line":31,"column":21},"end":{"line":31,"column":39}},"3":{"start":{"line":32,"column":2},"end":{"line":32,"column":31}},"4":{"start":{"line":32,"column":19},"end":{"line":32,"column":31}},"5":{"start":{"line":33,"column":2},"end":{"line":33,"column":32}},"6":{"start":{"line":36,"column":18},"end":{"line":40,"column":1}},"7":{"start":{"line":37,"column":18},"end":{"line":37,"column":32}},"8":{"start":{"line":38,"column":2},"end":{"line":38,"column":45}},"9":{"start":{"line":39,"column":2},"end":{"line":39,"column":17}},"10":{"start":{"line":42,"column":29},"end":{"line":53,"column":1}},"11":{"start":{"line":43,"column":26},"end":{"line":43,"column":43}},"12":{"start":{"line":45,"column":2},"end":{"line":50,"column":3}},"13":{"start":{"line":46,"column":4},"end":{"line":46,"column":36}},"14":{"start":{"line":46,"column":27},"end":{"line":46,"column":36}},"15":{"start":{"line":47,"column":23},"end":{"line":47,"column":48}},"16":{"start":{"line":48,"column":4},"end":{"line":48,"column":30}},"17":{"start":{"line":48,"column":21},"end":{"line":48,"column":30}},"18":{"start":{"line":49,"column":4},"end":{"line":49,"column":47}},"19":{"start":{"line":52,"column":2},"end":{"line":52,"column":25}},"20":{"start":{"line":55,"column":24},"end":{"line":66,"column":1}},"21":{"start":{"line":58,"column":17},"end":{"line":58,"column":43}},"22":{"start":{"line":59,"column":2},"end":{"line":59,"column":48}},"23":{"start":{"line":59,"column":34},"end":{"line":59,"column":48}},"24":{"start":{"line":61,"column":2},"end":{"line":63,"column":3}},"25":{"start":{"line":62,"column":4},"end":{"line":62,"column":48}},"26":{"start":{"line":65,"column":2},"end":{"line":65,"column":16}},"27":{"start":{"line":68,"column":29},"end":{"line":75,"column":1}},"28":{"start":{"line":69,"column":2},"end":{"line":69,"column":47}},"29":{"start":{"line":69,"column":34},"end":{"line":69,"column":47}},"30":{"start":{"line":71,"column":20},"end":{"line":71,"column":49}},"31":{"start":{"line":72,"column":2},"end":{"line":72,"column":66}},"32":{"start":{"line":72,"column":53},"end":{"line":72,"column":66}},"33":{"start":{"line":74,"column":2},"end":{"line":74,"column":53}},"34":{"start":{"line":77,"column":32},"end":{"line":80,"column":1}},"35":{"start":{"line":78,"column":2},"end":{"line":78,"column":47}},"36":{"start":{"line":78,"column":34},"end":{"line":78,"column":47}},"37":{"start":{"line":79,"column":2},"end":{"line":79,"column":56}},"38":{"start":{"line":79,"column":40},"end":{"line":79,"column":54}},"39":{"start":{"line":82,"column":25},"end":{"line":89,"column":1}},"40":{"start":{"line":87,"column":18},"end":{"line":87,"column":60}},"41":{"start":{"line":88,"column":2},"end":{"line":88,"column":42}},"42":{"start":{"line":91,"column":38},"end":{"line":107,"column":1}},"43":{"start":{"line":95,"column":15},"end":{"line":95,"column":16}},"44":{"start":{"line":96,"column":15},"end":{"line":96,"column":24}},"45":{"start":{"line":98,"column":2},"end":{"line":104,"column":3}},"46":{"start":{"line":98,"column":17},"end":{"line":98,"column":18}},"47":{"start":{"line":99,"column":4},"end":{"line":101,"column":5}},"48":{"start":{"line":100,"column":6},"end":{"line":100,"column":12}},"49":{"start":{"line":102,"column":4},"end":{"line":102,"column":16}},"50":{"start":{"line":103,"column":4},"end":{"line":103,"column":35}},"51":{"start":{"line":106,"column":2},"end":{"line":106,"column":16}},"52":{"start":{"line":109,"column":44},"end":{"line":139,"column":1}},"53":{"start":{"line":114,"column":2},"end":{"line":116,"column":3}},"54":{"start":{"line":115,"column":4},"end":{"line":115,"column":13}},"55":{"start":{"line":118,"column":21},"end":{"line":118,"column":49}},"56":{"start":{"line":120,"column":15},"end":{"line":120,"column":16}},"57":{"start":{"line":121,"column":15},"end":{"line":121,"column":24}},"58":{"start":{"line":123,"column":2},"end":{"line":136,"column":3}},"59":{"start":{"line":123,"column":17},"end":{"line":123,"column":18}},"60":{"start":{"line":124,"column":4},"end":{"line":127,"column":5}},"61":{"start":{"line":125,"column":6},"end":{"line":125,"column":37}},"62":{"start":{"line":126,"column":6},"end":{"line":126,"column":15}},"63":{"start":{"line":129,"column":4},"end":{"line":133,"column":5}},"64":{"start":{"line":130,"column":6},"end":{"line":130,"column":18}},"65":{"start":{"line":131,"column":6},"end":{"line":131,"column":37}},"66":{"start":{"line":132,"column":6},"end":{"line":132,"column":15}},"67":{"start":{"line":135,"column":4},"end":{"line":135,"column":10}},"68":{"start":{"line":138,"column":2},"end":{"line":138,"column":16}},"69":{"start":{"line":141,"column":31},"end":{"line":159,"column":1}},"70":{"start":{"line":145,"column":26},"end":{"line":145,"column":56}},"71":{"start":{"line":146,"column":2},"end":{"line":148,"column":3}},"72":{"start":{"line":147,"column":4},"end":{"line":147,"column":13}},"73":{"start":{"line":150,"column":16},"end":{"line":150,"column":38}},"74":{"start":{"line":151,"column":19},"end":{"line":151,"column":35}},"75":{"start":{"line":152,"column":20},"end":{"line":152,"column":80}},"76":{"start":{"line":154,"column":2},"end":{"line":156,"column":3}},"77":{"start":{"line":155,"column":4},"end":{"line":155,"column":69}},"78":{"start":{"line":158,"column":2},"end":{"line":158,"column":86}},"79":{"start":{"line":161,"column":34},"end":{"line":254,"column":1}},"80":{"start":{"line":165,"column":16},"end":{"line":165,"column":38}},"81":{"start":{"line":167,"column":20},"end":{"line":167,"column":34}},"82":{"start":{"line":168,"column":17},"end":{"line":168,"column":32}},"83":{"start":{"line":169,"column":2},"end":{"line":169,"column":74}},"84":{"start":{"line":171,"column":38},"end":{"line":171,"column":59}},"85":{"start":{"line":172,"column":34},"end":{"line":172,"column":83}},"86":{"start":{"line":174,"column":44},"end":{"line":174,"column":46}},"87":{"start":{"line":175,"column":29},"end":{"line":175,"column":30}},"88":{"start":{"line":177,"column":2},"end":{"line":197,"column":3}},"89":{"start":{"line":178,"column":24},"end":{"line":178,"column":49}},"90":{"start":{"line":179,"column":4},"end":{"line":179,"column":31}},"91":{"start":{"line":179,"column":22},"end":{"line":179,"column":31}},"92":{"start":{"line":181,"column":21},"end":{"line":181,"column":87}},"93":{"start":{"line":182,"column":26},"end":{"line":182,"column":55}},"94":{"start":{"line":184,"column":4},"end":{"line":189,"column":5}},"95":{"start":{"line":185,"column":6},"end":{"line":187,"column":7}},"96":{"start":{"line":186,"column":8},"end":{"line":186,"column":38}},"97":{"start":{"line":188,"column":6},"end":{"line":188,"column":15}},"98":{"start":{"line":191,"column":4},"end":{"line":191,"column":34}},"99":{"start":{"line":192,"column":4},"end":{"line":192,"column":50}},"100":{"start":{"line":194,"column":4},"end":{"line":196,"column":5}},"101":{"start":{"line":195,"column":6},"end":{"line":195,"column":39}},"102":{"start":{"line":199,"column":2},"end":{"line":228,"column":3}},"103":{"start":{"line":200,"column":23},"end":{"line":200,"column":51}},"104":{"start":{"line":203,"column":40},"end":{"line":206,"column":5}},"105":{"start":{"line":208,"column":4},"end":{"line":227,"column":5}},"106":{"start":{"line":208,"column":19},"end":{"line":208,"column":20}},"107":{"start":{"line":209,"column":18},"end":{"line":209,"column":40}},"108":{"start":{"line":210,"column":25},"end":{"line":210,"column":51}},"109":{"start":{"line":212,"column":6},"end":{"line":215,"column":7}},"110":{"start":{"line":213,"column":8},"end":{"line":213,"column":34}},"111":{"start":{"line":214,"column":8},"end":{"line":214,"column":17}},"112":{"start":{"line":217,"column":24},"end":{"line":217,"column":70}},"113":{"start":{"line":218,"column":25},"end":{"line":222,"column":7}},"114":{"start":{"line":224,"column":6},"end":{"line":226,"column":7}},"115":{"start":{"line":225,"column":8},"end":{"line":225,"column":33}},"116":{"start":{"line":230,"column":24},"end":{"line":230,"column":46}},"117":{"start":{"line":231,"column":21},"end":{"line":231,"column":48}},"118":{"start":{"line":233,"column":4},"end":{"line":235,"column":48}},"119":{"start":{"line":237,"column":24},"end":{"line":237,"column":69}},"120":{"start":{"line":238,"column":27},"end":{"line":238,"column":80}},"121":{"start":{"line":238,"column":63},"end":{"line":238,"column":72}},"122":{"start":{"line":240,"column":2},"end":{"line":253,"column":4}}},"fnMap":{"0":{"name":"(anonymous_0)","decl":{"start":{"line":30,"column":20},"end":{"line":30,"column":21}},"loc":{"start":{"line":30,"column":59},"end":{"line":34,"column":1}},"line":30},"1":{"name":"(anonymous_1)","decl":{"start":{"line":36,"column":18},"end":{"line":36,"column":19}},"loc":{"start":{"line":36,"column":55},"end":{"line":40,"column":1}},"line":36},"2":{"name":"(anonymous_2)","decl":{"start":{"line":42,"column":29},"end":{"line":42,"column":30}},"loc":{"start":{"line":42,"column":74},"end":{"line":53,"column":1}},"line":42},"3":{"name":"(anonymous_3)","decl":{"start":{"line":55,"column":24},"end":{"line":55,"column":25}},"loc":{"start":{"line":57,"column":27},"end":{"line":66,"column":1}},"line":57},"4":{"name":"(anonymous_4)","decl":{"start":{"line":68,"column":29},"end":{"line":68,"column":30}},"loc":{"start":{"line":68,"column":87},"end":{"line":75,"column":1}},"line":68},"5":{"name":"(anonymous_5)","decl":{"start":{"line":77,"column":32},"end":{"line":77,"column":33}},"loc":{"start":{"line":77,"column":90},"end":{"line":80,"column":1}},"line":77},"6":{"name":"(anonymous_6)","decl":{"start":{"line":79,"column":31},"end":{"line":79,"column":32}},"loc":{"start":{"line":79,"column":40},"end":{"line":79,"column":54}},"line":79},"7":{"name":"(anonymous_7)","decl":{"start":{"line":82,"column":25},"end":{"line":82,"column":26}},"loc":{"start":{"line":86,"column":14},"end":{"line":89,"column":1}},"line":86},"8":{"name":"(anonymous_8)","decl":{"start":{"line":91,"column":38},"end":{"line":91,"column":39}},"loc":{"start":{"line":94,"column":13},"end":{"line":107,"column":1}},"line":94},"9":{"name":"(anonymous_9)","decl":{"start":{"line":109,"column":44},"end":{"line":109,"column":45}},"loc":{"start":{"line":113,"column":13},"end":{"line":139,"column":1}},"line":113},"10":{"name":"(anonymous_10)","decl":{"start":{"line":141,"column":31},"end":{"line":141,"column":32}},"loc":{"start":{"line":144,"column":13},"end":{"line":159,"column":1}},"line":144},"11":{"name":"(anonymous_11)","decl":{"start":{"line":161,"column":34},"end":{"line":161,"column":35}},"loc":{"start":{"line":164,"column":22},"end":{"line":254,"column":1}},"line":164},"12":{"name":"(anonymous_12)","decl":{"start":{"line":238,"column":52},"end":{"line":238,"column":53}},"loc":{"start":{"line":238,"column":63},"end":{"line":238,"column":72}},"line":238}},"branchMap":{"0":{"loc":{"start":{"line":32,"column":2},"end":{"line":32,"column":31}},"type":"if","locations":[{"start":{"line":32,"column":2},"end":{"line":32,"column":31}},{"start":{},"end":{}}],"line":32},"1":{"loc":{"start":{"line":46,"column":4},"end":{"line":46,"column":36}},"type":"if","locations":[{"start":{"line":46,"column":4},"end":{"line":46,"column":36}},{"start":{},"end":{}}],"line":46},"2":{"loc":{"start":{"line":48,"column":4},"end":{"line":48,"column":30}},"type":"if","locations":[{"start":{"line":48,"column":4},"end":{"line":48,"column":30}},{"start":{},"end":{}}],"line":48},"3":{"loc":{"start":{"line":59,"column":2},"end":{"line":59,"column":48}},"type":"if","locations":[{"start":{"line":59,"column":2},"end":{"line":59,"column":48}},{"start":{},"end":{}}],"line":59},"4":{"loc":{"start":{"line":69,"column":2},"end":{"line":69,"column":47}},"type":"if","locations":[{"start":{"line":69,"column":2},"end":{"line":69,"column":47}},{"start":{},"end":{}}],"line":69},"5":{"loc":{"start":{"line":72,"column":2},"end":{"line":72,"column":66}},"type":"if","locations":[{"start":{"line":72,"column":2},"end":{"line":72,"column":66}},{"start":{},"end":{}}],"line":72},"6":{"loc":{"start":{"line":72,"column":6},"end":{"line":72,"column":51}},"type":"binary-expr","locations":[{"start":{"line":72,"column":6},"end":{"line":72,"column":33}},{"start":{"line":72,"column":37},"end":{"line":72,"column":51}}],"line":72},"7":{"loc":{"start":{"line":78,"column":2},"end":{"line":78,"column":47}},"type":"if","locations":[{"start":{"line":78,"column":2},"end":{"line":78,"column":47}},{"start":{},"end":{}}],"line":78},"8":{"loc":{"start":{"line":99,"column":4},"end":{"line":101,"column":5}},"type":"if","locations":[{"start":{"line":99,"column":4},"end":{"line":101,"column":5}},{"start":{},"end":{}}],"line":99},"9":{"loc":{"start":{"line":114,"column":2},"end":{"line":116,"column":3}},"type":"if","locations":[{"start":{"line":114,"column":2},"end":{"line":116,"column":3}},{"start":{},"end":{}}],"line":114},"10":{"loc":{"start":{"line":124,"column":4},"end":{"line":127,"column":5}},"type":"if","locations":[{"start":{"line":124,"column":4},"end":{"line":127,"column":5}},{"start":{},"end":{}}],"line":124},"11":{"loc":{"start":{"line":129,"column":4},"end":{"line":133,"column":5}},"type":"if","locations":[{"start":{"line":129,"column":4},"end":{"line":133,"column":5}},{"start":{},"end":{}}],"line":129},"12":{"loc":{"start":{"line":146,"column":2},"end":{"line":148,"column":3}},"type":"if","locations":[{"start":{"line":146,"column":2},"end":{"line":148,"column":3}},{"start":{},"end":{}}],"line":146},"13":{"loc":{"start":{"line":152,"column":20},"end":{"line":152,"column":80}},"type":"cond-expr","locations":[{"start":{"line":152,"column":52},"end":{"line":152,"column":57}},{"start":{"line":152,"column":60},"end":{"line":152,"column":80}}],"line":152},"14":{"loc":{"start":{"line":154,"column":2},"end":{"line":156,"column":3}},"type":"if","locations":[{"start":{"line":154,"column":2},"end":{"line":156,"column":3}},{"start":{},"end":{}}],"line":154},"15":{"loc":{"start":{"line":154,"column":6},"end":{"line":154,"column":56}},"type":"binary-expr","locations":[{"start":{"line":154,"column":6},"end":{"line":154,"column":18}},{"start":{"line":154,"column":22},"end":{"line":154,"column":56}}],"line":154},"16":{"loc":{"start":{"line":169,"column":36},"end":{"line":169,"column":71}},"type":"cond-expr","locations":[{"start":{"line":169,"column":54},"end":{"line":169,"column":55}},{"start":{"line":169,"column":58},"end":{"line":169,"column":71}}],"line":169},"17":{"loc":{"start":{"line":179,"column":4},"end":{"line":179,"column":31}},"type":"if","locations":[{"start":{"line":179,"column":4},"end":{"line":179,"column":31}},{"start":{},"end":{}}],"line":179},"18":{"loc":{"start":{"line":182,"column":26},"end":{"line":182,"column":55}},"type":"binary-expr","locations":[{"start":{"line":182,"column":26},"end":{"line":182,"column":39}},{"start":{"line":182,"column":43},"end":{"line":182,"column":55}}],"line":182},"19":{"loc":{"start":{"line":184,"column":4},"end":{"line":189,"column":5}},"type":"if","locations":[{"start":{"line":184,"column":4},"end":{"line":189,"column":5}},{"start":{},"end":{}}],"line":184},"20":{"loc":{"start":{"line":185,"column":6},"end":{"line":187,"column":7}},"type":"if","locations":[{"start":{"line":185,"column":6},"end":{"line":187,"column":7}},{"start":{},"end":{}}],"line":185},"21":{"loc":{"start":{"line":192,"column":28},"end":{"line":192,"column":49}},"type":"binary-expr","locations":[{"start":{"line":192,"column":28},"end":{"line":192,"column":44}},{"start":{"line":192,"column":48},"end":{"line":192,"column":49}}],"line":192},"22":{"loc":{"start":{"line":194,"column":4},"end":{"line":196,"column":5}},"type":"if","locations":[{"start":{"line":194,"column":4},"end":{"line":196,"column":5}},{"start":{},"end":{}}],"line":194},"23":{"loc":{"start":{"line":199,"column":2},"end":{"line":228,"column":3}},"type":"if","locations":[{"start":{"line":199,"column":2},"end":{"line":228,"column":3}},{"start":{},"end":{}}],"line":199},"24":{"loc":{"start":{"line":199,"column":6},"end":{"line":199,"column":54}},"type":"binary-expr","locations":[{"start":{"line":199,"column":6},"end":{"line":199,"column":17}},{"start":{"line":199,"column":21},"end":{"line":199,"column":54}}],"line":199},"25":{"loc":{"start":{"line":212,"column":6},"end":{"line":215,"column":7}},"type":"if","locations":[{"start":{"line":212,"column":6},"end":{"line":215,"column":7}},{"start":{},"end":{}}],"line":212},"26":{"loc":{"start":{"line":224,"column":6},"end":{"line":226,"column":7}},"type":"if","locations":[{"start":{"line":224,"column":6},"end":{"line":226,"column":7}},{"start":{},"end":{}}],"line":224},"27":{"loc":{"start":{"line":224,"column":10},"end":{"line":224,"column":33}},"type":"binary-expr","locations":[{"start":{"line":224,"column":10},"end":{"line":224,"column":19}},{"start":{"line":224,"column":23},"end":{"line":224,"column":33}}],"line":224},"28":{"loc":{"start":{"line":233,"column":4},"end":{"line":235,"column":48}},"type":"cond-expr","locations":[{"start":{"line":234,"column":8},"end":{"line":234,"column":41}},{"start":{"line":235,"column":8},"end":{"line":235,"column":48}}],"line":233}},"s":{"0":1,"1":1,"2":51,"3":51,"4":0,"5":51,"6":1,"7":25,"8":25,"9":25,"10":1,"11":16,"12":16,"13":27,"14":3,"15":24,"16":24,"17":0,"18":24,"19":16,"20":1,"21":2,"22":2,"23":0,"24":2,"25":14,"26":2,"27":1,"28":2,"29":0,"30":2,"31":2,"32":0,"33":2,"34":1,"35":1,"36":0,"37":1,"38":1,"39":1,"40":10,"41":10,"42":1,"43":11,"44":11,"45":11,"46":11,"47":17,"48":11,"49":6,"50":6,"51":11,"52":1,"53":1,"54":0,"55":1,"56":1,"57":1,"58":1,"59":1,"60":5,"61":1,"62":1,"63":4,"64":3,"65":3,"66":3,"67":1,"68":1,"69":1,"70":16,"71":16,"72":4,"73":12,"74":12,"75":12,"76":12,"77":11,"78":1,"79":1,"80":16,"81":16,"82":16,"83":16,"84":16,"85":16,"86":16,"87":16,"88":16,"89":27,"90":27,"91":0,"92":27,"93":27,"94":27,"95":3,"96":2,"97":3,"98":24,"99":24,"100":24,"101":11,"102":16,"103":1,"104":1,"105":1,"106":1,"107":7,"108":7,"109":7,"110":2,"111":2,"112":5,"113":5,"114":5,"115":2,"116":16,"117":16,"118":16,"119":16,"120":16,"121":112,"122":16},"f":{"0":51,"1":25,"2":16,"3":2,"4":2,"5":1,"6":1,"7":10,"8":11,"9":1,"10":16,"11":16,"12":112},"b":{"0":[0,51],"1":[3,24],"2":[0,24],"3":[0,2],"4":[0,2],"5":[0,2],"6":[2,2],"7":[0,1],"8":[11,6],"9":[0,1],"10":[1,4],"11":[3,1],"12":[4,12],"13":[4,8],"14":[11,1],"15":[12,1],"16":[0,16],"17":[0,27],"18":[27,13],"19":[3,24],"20":[2,1],"21":[24,0],"22":[11,13],"23":[1,15],"24":[16,1],"25":[2,5],"26":[2,3],"27":[5,3],"28":[1,15]},"_coverageSchema":"1a1c01bbd47fc00a2c39e90264f33305004495a9","hash":"c1b2f36de6b8fcb92b0582080cb7e69fe1baa45e"}
,"D:\\disertatie\\Train-Eat-Track\\src\\utils\\dateKey.ts": {"path":"D:\\disertatie\\Train-Eat-Track\\src\\utils\\dateKey.ts","statementMap":{"0":{"start":{"line":1,"column":25},"end":{"line":1,"column":44}},"1":{"start":{"line":3,"column":27},"end":{"line":18,"column":1}},"2":{"start":{"line":4,"column":2},"end":{"line":4,"column":26}},"3":{"start":{"line":4,"column":14},"end":{"line":4,"column":26}},"4":{"start":{"line":6,"column":2},"end":{"line":8,"column":3}},"5":{"start":{"line":7,"column":4},"end":{"line":7,"column":66}},"6":{"start":{"line":10,"column":2},"end":{"line":14,"column":3}},"7":{"start":{"line":11,"column":22},"end":{"line":11,"column":67}},"8":{"start":{"line":12,"column":4},"end":{"line":12,"column":69}},"9":{"start":{"line":12,"column":57},"end":{"line":12,"column":69}},"10":{"start":{"line":13,"column":4},"end":{"line":13,"column":31}},"11":{"start":{"line":16,"column":17},"end":{"line":16,"column":51}},"12":{"start":{"line":17,"column":2},"end":{"line":17,"column":56}},"13":{"start":{"line":20,"column":26},"end":{"line":24,"column":1}},"14":{"start":{"line":21,"column":21},"end":{"line":21,"column":35}},"15":{"start":{"line":22,"column":2},"end":{"line":22,"column":34}},"16":{"start":{"line":23,"column":2},"end":{"line":23,"column":20}},"17":{"start":{"line":26,"column":25},"end":{"line":32,"column":1}},"18":{"start":{"line":27,"column":21},"end":{"line":27,"column":37}},"19":{"start":{"line":28,"column":15},"end":{"line":28,"column":39}},"20":{"start":{"line":29,"column":16},"end":{"line":29,"column":63}},"21":{"start":{"line":30,"column":14},"end":{"line":30,"column":56}},"22":{"start":{"line":31,"column":2},"end":{"line":31,"column":35}},"23":{"start":{"line":34,"column":25},"end":{"line":35,"column":38}},"24":{"start":{"line":35,"column":2},"end":{"line":35,"column":38}}},"fnMap":{"0":{"name":"(anonymous_0)","decl":{"start":{"line":3,"column":27},"end":{"line":3,"column":28}},"loc":{"start":{"line":3,"column":60},"end":{"line":18,"column":1}},"line":3},"1":{"name":"(anonymous_1)","decl":{"start":{"line":20,"column":26},"end":{"line":20,"column":27}},"loc":{"start":{"line":20,"column":48},"end":{"line":24,"column":1}},"line":20},"2":{"name":"(anonymous_2)","decl":{"start":{"line":26,"column":25},"end":{"line":26,"column":26}},"loc":{"start":{"line":26,"column":49},"end":{"line":32,"column":1}},"line":26},"3":{"name":"(anonymous_3)","decl":{"start":{"line":34,"column":25},"end":{"line":34,"column":26}},"loc":{"start":{"line":35,"column":2},"end":{"line":35,"column":38}},"line":35}},"branchMap":{"0":{"loc":{"start":{"line":4,"column":2},"end":{"line":4,"column":26}},"type":"if","locations":[{"start":{"line":4,"column":2},"end":{"line":4,"column":26}},{"start":{},"end":{}}],"line":4},"1":{"loc":{"start":{"line":6,"column":2},"end":{"line":8,"column":3}},"type":"if","locations":[{"start":{"line":6,"column":2},"end":{"line":8,"column":3}},{"start":{},"end":{}}],"line":6},"2":{"loc":{"start":{"line":7,"column":11},"end":{"line":7,"column":65}},"type":"cond-expr","locations":[{"start":{"line":7,"column":43},"end":{"line":7,"column":47}},{"start":{"line":7,"column":50},"end":{"line":7,"column":65}}],"line":7},"3":{"loc":{"start":{"line":10,"column":2},"end":{"line":14,"column":3}},"type":"if","locations":[{"start":{"line":10,"column":2},"end":{"line":14,"column":3}},{"start":{},"end":{}}],"line":10},"4":{"loc":{"start":{"line":10,"column":6},"end":{"line":10,"column":70}},"type":"binary-expr","locations":[{"start":{"line":10,"column":6},"end":{"line":10,"column":31}},{"start":{"line":10,"column":35},"end":{"line":10,"column":49}},{"start":{"line":10,"column":53},"end":{"line":10,"column":70}}],"line":10},"5":{"loc":{"start":{"line":12,"column":4},"end":{"line":12,"column":69}},"type":"if","locations":[{"start":{"line":12,"column":4},"end":{"line":12,"column":69}},{"start":{},"end":{}}],"line":12},"6":{"loc":{"start":{"line":12,"column":8},"end":{"line":12,"column":55}},"type":"binary-expr","locations":[{"start":{"line":12,"column":8},"end":{"line":12,"column":18}},{"start":{"line":12,"column":22},"end":{"line":12,"column":55}}],"line":12},"7":{"loc":{"start":{"line":17,"column":9},"end":{"line":17,"column":55}},"type":"cond-expr","locations":[{"start":{"line":17,"column":42},"end":{"line":17,"column":46}},{"start":{"line":17,"column":49},"end":{"line":17,"column":55}}],"line":17}},"s":{"0":3,"1":3,"2":175,"3":4,"4":171,"5":166,"6":5,"7":2,"8":2,"9":1,"10":1,"11":3,"12":3,"13":3,"14":264,"15":264,"16":264,"17":3,"18":73,"19":73,"20":73,"21":73,"22":73,"23":3,"24":5},"f":{"0":175,"1":264,"2":73,"3":5},"b":{"0":[4,171],"1":[166,5],"2":[1,165],"3":[2,3],"4":[5,2,2],"5":[1,1],"6":[2,2],"7":[1,2]},"_coverageSchema":"1a1c01bbd47fc00a2c39e90264f33305004495a9","hash":"8005e72abf5788236b86a9f3a0cdd4ef326fbfec"}
,"D:\\disertatie\\Train-Eat-Track\\src\\utils\\utils.ts": {"path":"D:\\disertatie\\Train-Eat-Track\\src\\utils\\utils.ts","statementMap":{"0":{"start":{"line":2,"column":4},"end":{"line":4,"column":5}},"1":{"start":{"line":3,"column":8},"end":{"line":3,"column":32}},"2":{"start":{"line":6,"column":18},"end":{"line":6,"column":44}},"3":{"start":{"line":7,"column":20},"end":{"line":7,"column":53}},"4":{"start":{"line":8,"column":29},"end":{"line":8,"column":41}},"5":{"start":{"line":10,"column":4},"end":{"line":24,"column":5}},"6":{"start":{"line":11,"column":8},"end":{"line":17,"column":9}},"7":{"start":{"line":12,"column":12},"end":{"line":12,"column":67}},"8":{"start":{"line":13,"column":15},"end":{"line":17,"column":9}},"9":{"start":{"line":14,"column":12},"end":{"line":14,"column":45}},"10":{"start":{"line":16,"column":12},"end":{"line":16,"column":32}},"11":{"start":{"line":19,"column":8},"end":{"line":23,"column":9}},"12":{"start":{"line":20,"column":12},"end":{"line":20,"column":56}},"13":{"start":{"line":22,"column":12},"end":{"line":22,"column":34}}},"fnMap":{"0":{"name":"formatDuration","decl":{"start":{"line":1,"column":16},"end":{"line":1,"column":30}},"loc":{"start":{"line":1,"column":56},"end":{"line":25,"column":1}},"line":1}},"branchMap":{"0":{"loc":{"start":{"line":2,"column":4},"end":{"line":4,"column":5}},"type":"if","locations":[{"start":{"line":2,"column":4},"end":{"line":4,"column":5}},{"start":{},"end":{}}],"line":2},"1":{"loc":{"start":{"line":10,"column":4},"end":{"line":24,"column":5}},"type":"if","locations":[{"start":{"line":10,"column":4},"end":{"line":24,"column":5}},{"start":{"line":18,"column":11},"end":{"line":24,"column":5}}],"line":10},"2":{"loc":{"start":{"line":11,"column":8},"end":{"line":17,"column":9}},"type":"if","locations":[{"start":{"line":11,"column":8},"end":{"line":17,"column":9}},{"start":{"line":13,"column":15},"end":{"line":17,"column":9}}],"line":11},"3":{"loc":{"start":{"line":13,"column":15},"end":{"line":17,"column":9}},"type":"if","locations":[{"start":{"line":13,"column":15},"end":{"line":17,"column":9}},{"start":{"line":15,"column":15},"end":{"line":17,"column":9}}],"line":13},"4":{"loc":{"start":{"line":19,"column":8},"end":{"line":23,"column":9}},"type":"if","locations":[{"start":{"line":19,"column":8},"end":{"line":23,"column":9}},{"start":{"line":21,"column":15},"end":{"line":23,"column":9}}],"line":19}},"s":{"0":11,"1":3,"2":8,"3":8,"4":8,"5":8,"6":4,"7":2,"8":2,"9":1,"10":1,"11":4,"12":2,"13":2},"f":{"0":11},"b":{"0":[3,8],"1":[4,4],"2":[2,2],"3":[1,1],"4":[2,2]},"_coverageSchema":"1a1c01bbd47fc00a2c39e90264f33305004495a9","hash":"6bb0b7d35fc89b46c2e76c85a65eba39a25a4893"}
,"D:\\disertatie\\Train-Eat-Track\\src\\utils\\workoutPlanCycle.ts": {"path":"D:\\disertatie\\Train-Eat-Track\\src\\utils\\workoutPlanCycle.ts","statementMap":{"0":{"start":{"line":7,"column":32},"end":{"line":25,"column":1}},"1":{"start":{"line":11,"column":2},"end":{"line":11,"column":66}},"2":{"start":{"line":11,"column":57},"end":{"line":11,"column":66}},"3":{"start":{"line":13,"column":26},"end":{"line":13,"column":60}},"4":{"start":{"line":14,"column":23},"end":{"line":14,"column":40}},"5":{"start":{"line":15,"column":2},"end":{"line":15,"column":50}},"6":{"start":{"line":15,"column":41},"end":{"line":15,"column":50}},"7":{"start":{"line":17,"column":20},"end":{"line":17,"column":61}},"8":{"start":{"line":18,"column":2},"end":{"line":18,"column":62}},"9":{"start":{"line":18,"column":53},"end":{"line":18,"column":62}},"10":{"start":{"line":20,"column":18},"end":{"line":20,"column":55}},"11":{"start":{"line":21,"column":17},"end":{"line":21,"column":51}},"12":{"start":{"line":22,"column":25},"end":{"line":22,"column":67}},"13":{"start":{"line":24,"column":2},"end":{"line":24,"column":64}},"14":{"start":{"line":27,"column":39},"end":{"line":32,"column":1}},"15":{"start":{"line":31,"column":2},"end":{"line":31,"column":58}},"16":{"start":{"line":38,"column":30},"end":{"line":57,"column":1}},"17":{"start":{"line":42,"column":2},"end":{"line":42,"column":66}},"18":{"start":{"line":42,"column":57},"end":{"line":42,"column":66}},"19":{"start":{"line":44,"column":26},"end":{"line":44,"column":60}},"20":{"start":{"line":45,"column":23},"end":{"line":45,"column":40}},"21":{"start":{"line":46,"column":2},"end":{"line":46,"column":50}},"22":{"start":{"line":46,"column":41},"end":{"line":46,"column":50}},"23":{"start":{"line":48,"column":20},"end":{"line":48,"column":61}},"24":{"start":{"line":49,"column":2},"end":{"line":49,"column":62}},"25":{"start":{"line":49,"column":53},"end":{"line":49,"column":62}},"26":{"start":{"line":51,"column":18},"end":{"line":51,"column":55}},"27":{"start":{"line":52,"column":17},"end":{"line":52,"column":51}},"28":{"start":{"line":53,"column":25},"end":{"line":53,"column":67}},"29":{"start":{"line":54,"column":2},"end":{"line":54,"column":35}},"30":{"start":{"line":54,"column":26},"end":{"line":54,"column":35}},"31":{"start":{"line":56,"column":2},"end":{"line":56,"column":48}},"32":{"start":{"line":59,"column":28},"end":{"line":62,"column":53}},"33":{"start":{"line":62,"column":14},"end":{"line":62,"column":53}},"34":{"start":{"line":71,"column":52},"end":{"line":100,"column":1}},"35":{"start":{"line":77,"column":26},"end":{"line":77,"column":58}},"36":{"start":{"line":78,"column":43},"end":{"line":78,"column":47}},"37":{"start":{"line":79,"column":22},"end":{"line":79,"column":24}},"38":{"start":{"line":81,"column":2},"end":{"line":97,"column":3}},"39":{"start":{"line":82,"column":4},"end":{"line":82,"column":36}},"40":{"start":{"line":82,"column":27},"end":{"line":82,"column":36}},"41":{"start":{"line":83,"column":4},"end":{"line":83,"column":71}},"42":{"start":{"line":83,"column":62},"end":{"line":83,"column":71}},"43":{"start":{"line":85,"column":24},"end":{"line":85,"column":49}},"44":{"start":{"line":86,"column":4},"end":{"line":86,"column":31}},"45":{"start":{"line":86,"column":22},"end":{"line":86,"column":31}},"46":{"start":{"line":88,"column":29},"end":{"line":88,"column":62}},"47":{"start":{"line":89,"column":4},"end":{"line":89,"column":54}},"48":{"start":{"line":89,"column":45},"end":{"line":89,"column":54}},"49":{"start":{"line":91,"column":4},"end":{"line":91,"column":79}},"50":{"start":{"line":91,"column":70},"end":{"line":91,"column":79}},"51":{"start":{"line":93,"column":4},"end":{"line":96,"column":5}},"52":{"start":{"line":94,"column":6},"end":{"line":94,"column":39}},"53":{"start":{"line":95,"column":6},"end":{"line":95,"column":28}},"54":{"start":{"line":99,"column":2},"end":{"line":99,"column":21}},"55":{"start":{"line":108,"column":46},"end":{"line":126,"column":1}},"56":{"start":{"line":112,"column":18},"end":{"line":112,"column":35}},"57":{"start":{"line":113,"column":2},"end":{"line":113,"column":35}},"58":{"start":{"line":113,"column":20},"end":{"line":113,"column":35}},"59":{"start":{"line":115,"column":2},"end":{"line":123,"column":3}},"60":{"start":{"line":116,"column":4},"end":{"line":116,"column":36}},"61":{"start":{"line":116,"column":27},"end":{"line":116,"column":36}},"62":{"start":{"line":117,"column":4},"end":{"line":117,"column":71}},"63":{"start":{"line":117,"column":62},"end":{"line":117,"column":71}},"64":{"start":{"line":118,"column":24},"end":{"line":118,"column":49}},"65":{"start":{"line":119,"column":4},"end":{"line":119,"column":31}},"66":{"start":{"line":119,"column":22},"end":{"line":119,"column":31}},"67":{"start":{"line":121,"column":26},"end":{"line":121,"column":68}},"68":{"start":{"line":122,"column":4},"end":{"line":122,"column":31}},"69":{"start":{"line":125,"column":2},"end":{"line":125,"column":17}},"70":{"start":{"line":139,"column":42},"end":{"line":157,"column":1}},"71":{"start":{"line":144,"column":2},"end":{"line":144,"column":47}},"72":{"start":{"line":144,"column":34},"end":{"line":144,"column":47}},"73":{"start":{"line":146,"column":24},"end":{"line":146,"column":59}},"74":{"start":{"line":147,"column":18},"end":{"line":147,"column":49}},"75":{"start":{"line":148,"column":2},"end":{"line":148,"column":29}},"76":{"start":{"line":148,"column":16},"end":{"line":148,"column":29}},"77":{"start":{"line":149,"column":2},"end":{"line":149,"column":38}},"78":{"start":{"line":149,"column":25},"end":{"line":149,"column":38}},"79":{"start":{"line":150,"column":2},"end":{"line":150,"column":70}},"80":{"start":{"line":150,"column":57},"end":{"line":150,"column":70}},"81":{"start":{"line":153,"column":2},"end":{"line":153,"column":52}},"82":{"start":{"line":153,"column":39},"end":{"line":153,"column":52}},"83":{"start":{"line":156,"column":2},"end":{"line":156,"column":57}},"84":{"start":{"line":163,"column":36},"end":{"line":177,"column":1}},"85":{"start":{"line":167,"column":2},"end":{"line":167,"column":47}},"86":{"start":{"line":167,"column":34},"end":{"line":167,"column":47}},"87":{"start":{"line":168,"column":2},"end":{"line":168,"column":53}},"88":{"start":{"line":168,"column":40},"end":{"line":168,"column":53}},"89":{"start":{"line":170,"column":24},"end":{"line":170,"column":59}},"90":{"start":{"line":171,"column":18},"end":{"line":171,"column":49}},"91":{"start":{"line":172,"column":2},"end":{"line":172,"column":29}},"92":{"start":{"line":172,"column":16},"end":{"line":172,"column":29}},"93":{"start":{"line":173,"column":2},"end":{"line":173,"column":38}},"94":{"start":{"line":173,"column":25},"end":{"line":173,"column":38}},"95":{"start":{"line":174,"column":2},"end":{"line":174,"column":70}},"96":{"start":{"line":174,"column":57},"end":{"line":174,"column":70}},"97":{"start":{"line":176,"column":2},"end":{"line":176,"column":14}}},"fnMap":{"0":{"name":"(anonymous_0)","decl":{"start":{"line":7,"column":32},"end":{"line":7,"column":33}},"loc":{"start":{"line":10,"column":13},"end":{"line":25,"column":1}},"line":10},"1":{"name":"(anonymous_1)","decl":{"start":{"line":27,"column":39},"end":{"line":27,"column":40}},"loc":{"start":{"line":30,"column":13},"end":{"line":32,"column":1}},"line":30},"2":{"name":"(anonymous_2)","decl":{"start":{"line":38,"column":30},"end":{"line":38,"column":31}},"loc":{"start":{"line":41,"column":13},"end":{"line":57,"column":1}},"line":41},"3":{"name":"(anonymous_3)","decl":{"start":{"line":59,"column":28},"end":{"line":59,"column":29}},"loc":{"start":{"line":62,"column":14},"end":{"line":62,"column":53}},"line":62},"4":{"name":"(anonymous_4)","decl":{"start":{"line":71,"column":52},"end":{"line":71,"column":53}},"loc":{"start":{"line":76,"column":28},"end":{"line":100,"column":1}},"line":76},"5":{"name":"(anonymous_5)","decl":{"start":{"line":108,"column":46},"end":{"line":108,"column":47}},"loc":{"start":{"line":111,"column":18},"end":{"line":126,"column":1}},"line":111},"6":{"name":"(anonymous_6)","decl":{"start":{"line":139,"column":42},"end":{"line":139,"column":43}},"loc":{"start":{"line":143,"column":14},"end":{"line":157,"column":1}},"line":143},"7":{"name":"(anonymous_7)","decl":{"start":{"line":163,"column":36},"end":{"line":163,"column":37}},"loc":{"start":{"line":166,"column":14},"end":{"line":177,"column":1}},"line":166}},"branchMap":{"0":{"loc":{"start":{"line":11,"column":2},"end":{"line":11,"column":66}},"type":"if","locations":[{"start":{"line":11,"column":2},"end":{"line":11,"column":66}},{"start":{},"end":{}}],"line":11},"1":{"loc":{"start":{"line":11,"column":6},"end":{"line":11,"column":55}},"type":"binary-expr","locations":[{"start":{"line":11,"column":6},"end":{"line":11,"column":29}},{"start":{"line":11,"column":33},"end":{"line":11,"column":55}}],"line":11},"2":{"loc":{"start":{"line":15,"column":2},"end":{"line":15,"column":50}},"type":"if","locations":[{"start":{"line":15,"column":2},"end":{"line":15,"column":50}},{"start":{},"end":{}}],"line":15},"3":{"loc":{"start":{"line":15,"column":6},"end":{"line":15,"column":39}},"type":"binary-expr","locations":[{"start":{"line":15,"column":6},"end":{"line":15,"column":22}},{"start":{"line":15,"column":26},"end":{"line":15,"column":39}}],"line":15},"4":{"loc":{"start":{"line":18,"column":2},"end":{"line":18,"column":62}},"type":"if","locations":[{"start":{"line":18,"column":2},"end":{"line":18,"column":62}},{"start":{},"end":{}}],"line":18},"5":{"loc":{"start":{"line":18,"column":6},"end":{"line":18,"column":51}},"type":"binary-expr","locations":[{"start":{"line":18,"column":6},"end":{"line":18,"column":33}},{"start":{"line":18,"column":37},"end":{"line":18,"column":51}}],"line":18},"6":{"loc":{"start":{"line":42,"column":2},"end":{"line":42,"column":66}},"type":"if","locations":[{"start":{"line":42,"column":2},"end":{"line":42,"column":66}},{"start":{},"end":{}}],"line":42},"7":{"loc":{"start":{"line":42,"column":6},"end":{"line":42,"column":55}},"type":"binary-expr","locations":[{"start":{"line":42,"column":6},"end":{"line":42,"column":29}},{"start":{"line":42,"column":33},"end":{"line":42,"column":55}}],"line":42},"8":{"loc":{"start":{"line":46,"column":2},"end":{"line":46,"column":50}},"type":"if","locations":[{"start":{"line":46,"column":2},"end":{"line":46,"column":50}},{"start":{},"end":{}}],"line":46},"9":{"loc":{"start":{"line":46,"column":6},"end":{"line":46,"column":39}},"type":"binary-expr","locations":[{"start":{"line":46,"column":6},"end":{"line":46,"column":22}},{"start":{"line":46,"column":26},"end":{"line":46,"column":39}}],"line":46},"10":{"loc":{"start":{"line":49,"column":2},"end":{"line":49,"column":62}},"type":"if","locations":[{"start":{"line":49,"column":2},"end":{"line":49,"column":62}},{"start":{},"end":{}}],"line":49},"11":{"loc":{"start":{"line":49,"column":6},"end":{"line":49,"column":51}},"type":"binary-expr","locations":[{"start":{"line":49,"column":6},"end":{"line":49,"column":33}},{"start":{"line":49,"column":37},"end":{"line":49,"column":51}}],"line":49},"12":{"loc":{"start":{"line":54,"column":2},"end":{"line":54,"column":35}},"type":"if","locations":[{"start":{"line":54,"column":2},"end":{"line":54,"column":35}},{"start":{},"end":{}}],"line":54},"13":{"loc":{"start":{"line":82,"column":4},"end":{"line":82,"column":36}},"type":"if","locations":[{"start":{"line":82,"column":4},"end":{"line":82,"column":36}},{"start":{},"end":{}}],"line":82},"14":{"loc":{"start":{"line":83,"column":4},"end":{"line":83,"column":71}},"type":"if","locations":[{"start":{"line":83,"column":4},"end":{"line":83,"column":71}},{"start":{},"end":{}}],"line":83},"15":{"loc":{"start":{"line":83,"column":8},"end":{"line":83,"column":60}},"type":"binary-expr","locations":[{"start":{"line":83,"column":8},"end":{"line":83,"column":26}},{"start":{"line":83,"column":30},"end":{"line":83,"column":60}}],"line":83},"16":{"loc":{"start":{"line":86,"column":4},"end":{"line":86,"column":31}},"type":"if","locations":[{"start":{"line":86,"column":4},"end":{"line":86,"column":31}},{"start":{},"end":{}}],"line":86},"17":{"loc":{"start":{"line":89,"column":4},"end":{"line":89,"column":54}},"type":"if","locations":[{"start":{"line":89,"column":4},"end":{"line":89,"column":54}},{"start":{},"end":{}}],"line":89},"18":{"loc":{"start":{"line":91,"column":4},"end":{"line":91,"column":79}},"type":"if","locations":[{"start":{"line":91,"column":4},"end":{"line":91,"column":79}},{"start":{},"end":{}}],"line":91},"19":{"loc":{"start":{"line":93,"column":4},"end":{"line":96,"column":5}},"type":"if","locations":[{"start":{"line":93,"column":4},"end":{"line":96,"column":5}},{"start":{},"end":{}}],"line":93},"20":{"loc":{"start":{"line":113,"column":2},"end":{"line":113,"column":35}},"type":"if","locations":[{"start":{"line":113,"column":2},"end":{"line":113,"column":35}},{"start":{},"end":{}}],"line":113},"21":{"loc":{"start":{"line":116,"column":4},"end":{"line":116,"column":36}},"type":"if","locations":[{"start":{"line":116,"column":4},"end":{"line":116,"column":36}},{"start":{},"end":{}}],"line":116},"22":{"loc":{"start":{"line":117,"column":4},"end":{"line":117,"column":71}},"type":"if","locations":[{"start":{"line":117,"column":4},"end":{"line":117,"column":71}},{"start":{},"end":{}}],"line":117},"23":{"loc":{"start":{"line":117,"column":8},"end":{"line":117,"column":60}},"type":"binary-expr","locations":[{"start":{"line":117,"column":8},"end":{"line":117,"column":26}},{"start":{"line":117,"column":30},"end":{"line":117,"column":60}}],"line":117},"24":{"loc":{"start":{"line":119,"column":4},"end":{"line":119,"column":31}},"type":"if","locations":[{"start":{"line":119,"column":4},"end":{"line":119,"column":31}},{"start":{},"end":{}}],"line":119},"25":{"loc":{"start":{"line":144,"column":2},"end":{"line":144,"column":47}},"type":"if","locations":[{"start":{"line":144,"column":2},"end":{"line":144,"column":47}},{"start":{},"end":{}}],"line":144},"26":{"loc":{"start":{"line":148,"column":2},"end":{"line":148,"column":29}},"type":"if","locations":[{"start":{"line":148,"column":2},"end":{"line":148,"column":29}},{"start":{},"end":{}}],"line":148},"27":{"loc":{"start":{"line":149,"column":2},"end":{"line":149,"column":38}},"type":"if","locations":[{"start":{"line":149,"column":2},"end":{"line":149,"column":38}},{"start":{},"end":{}}],"line":149},"28":{"loc":{"start":{"line":150,"column":2},"end":{"line":150,"column":70}},"type":"if","locations":[{"start":{"line":150,"column":2},"end":{"line":150,"column":70}},{"start":{},"end":{}}],"line":150},"29":{"loc":{"start":{"line":150,"column":6},"end":{"line":150,"column":55}},"type":"binary-expr","locations":[{"start":{"line":150,"column":6},"end":{"line":150,"column":23}},{"start":{"line":150,"column":27},"end":{"line":150,"column":55}}],"line":150},"30":{"loc":{"start":{"line":153,"column":2},"end":{"line":153,"column":52}},"type":"if","locations":[{"start":{"line":153,"column":2},"end":{"line":153,"column":52}},{"start":{},"end":{}}],"line":153},"31":{"loc":{"start":{"line":167,"column":2},"end":{"line":167,"column":47}},"type":"if","locations":[{"start":{"line":167,"column":2},"end":{"line":167,"column":47}},{"start":{},"end":{}}],"line":167},"32":{"loc":{"start":{"line":168,"column":2},"end":{"line":168,"column":53}},"type":"if","locations":[{"start":{"line":168,"column":2},"end":{"line":168,"column":53}},{"start":{},"end":{}}],"line":168},"33":{"loc":{"start":{"line":172,"column":2},"end":{"line":172,"column":29}},"type":"if","locations":[{"start":{"line":172,"column":2},"end":{"line":172,"column":29}},{"start":{},"end":{}}],"line":172},"34":{"loc":{"start":{"line":173,"column":2},"end":{"line":173,"column":38}},"type":"if","locations":[{"start":{"line":173,"column":2},"end":{"line":173,"column":38}},{"start":{},"end":{}}],"line":173},"35":{"loc":{"start":{"line":174,"column":2},"end":{"line":174,"column":70}},"type":"if","locations":[{"start":{"line":174,"column":2},"end":{"line":174,"column":70}},{"start":{},"end":{}}],"line":174},"36":{"loc":{"start":{"line":174,"column":6},"end":{"line":174,"column":55}},"type":"binary-expr","locations":[{"start":{"line":174,"column":6},"end":{"line":174,"column":23}},{"start":{"line":174,"column":27},"end":{"line":174,"column":55}}],"line":174}},"s":{"0":2,"1":42,"2":4,"3":38,"4":38,"5":38,"6":0,"7":38,"8":38,"9":1,"10":37,"11":37,"12":37,"13":37,"14":2,"15":12,"16":2,"17":14,"18":1,"19":13,"20":13,"21":13,"22":0,"23":13,"24":13,"25":0,"26":13,"27":13,"28":13,"29":13,"30":1,"31":12,"32":2,"33":10,"34":2,"35":5,"36":5,"37":5,"38":5,"39":5,"40":1,"41":4,"42":1,"43":3,"44":3,"45":0,"46":3,"47":3,"48":0,"49":3,"50":1,"51":2,"52":2,"53":2,"54":5,"55":2,"56":5,"57":5,"58":1,"59":4,"60":6,"61":1,"62":5,"63":0,"64":5,"65":5,"66":0,"67":5,"68":5,"69":4,"70":2,"71":10,"72":1,"73":9,"74":9,"75":9,"76":0,"77":9,"78":3,"79":6,"80":3,"81":3,"82":1,"83":2,"84":2,"85":5,"86":1,"87":4,"88":1,"89":3,"90":3,"91":3,"92":0,"93":3,"94":1,"95":2,"96":1,"97":1},"f":{"0":42,"1":12,"2":14,"3":10,"4":5,"5":5,"6":10,"7":5},"b":{"0":[4,38],"1":[42,38],"2":[0,38],"3":[38,38],"4":[1,37],"5":[38,38],"6":[1,13],"7":[14,13],"8":[0,13],"9":[13,13],"10":[0,13],"11":[13,13],"12":[1,12],"13":[1,4],"14":[1,3],"15":[4,4],"16":[0,3],"17":[0,3],"18":[1,2],"19":[2,0],"20":[1,4],"21":[1,5],"22":[0,5],"23":[5,5],"24":[0,5],"25":[1,9],"26":[0,9],"27":[3,6],"28":[3,3],"29":[6,6],"30":[1,2],"31":[1,4],"32":[1,3],"33":[0,3],"34":[1,2],"35":[1,1],"36":[2,2]},"_coverageSchema":"1a1c01bbd47fc00a2c39e90264f33305004495a9","hash":"516cd2223fdebbc57e1a66083e0737a3bd2a9956"}
}
