{"D:\\disertatie\\Train-Eat-Track\\src\\features\\home\\homeSelectors.ts": {"path":"D:\\disertatie\\Train-Eat-Track\\src\\features\\home\\homeSelectors.ts","statementMap":{"0":{"start":{"line":28,"column":33},"end":{"line":28,"column":37}},"1":{"start":{"line":30,"column":20},"end":{"line":34,"column":1}},"2":{"start":{"line":31,"column":21},"end":{"line":31,"column":39}},"3":{"start":{"line":32,"column":2},"end":{"line":32,"column":31}},"4":{"start":{"line":32,"column":19},"end":{"line":32,"column":31}},"5":{"start":{"line":33,"column":2},"end":{"line":33,"column":32}},"6":{"start":{"line":36,"column":18},"end":{"line":40,"column":1}},"7":{"start":{"line":37,"column":18},"end":{"line":37,"column":32}},"8":{"start":{"line":38,"column":2},"end":{"line":38,"column":45}},"9":{"start":{"line":39,"column":2},"end":{"line":39,"column":17}},"10":{"start":{"line":42,"column":29},"end":{"line":53,"column":1}},"11":{"start":{"line":43,"column":26},"end":{"line":43,"column":43}},"12":{"start":{"line":45,"column":2},"end":{"line":50,"column":3}},"13":{"start":{"line":46,"column":4},"end":{"line":46,"column":36}},"14":{"start":{"line":46,"column":27},"end":{"line":46,"column":36}},"15":{"start":{"line":47,"column":23},"end":{"line":47,"column":48}},"16":{"start":{"line":48,"column":4},"end":{"line":48,"column":30}},"17":{"start":{"line":48,"column":21},"end":{"line":48,"column":30}},"18":{"start":{"line":49,"column":4},"end":{"line":49,"column":47}},"19":{"start":{"line":52,"column":2},"end":{"line":52,"column":25}},"20":{"start":{"line":55,"column":24},"end":{"line":66,"column":1}},"21":{"start":{"line":58,"column":17},"end":{"line":58,"column":43}},"22":{"start":{"line":59,"column":2},"end":{"line":59,"column":48}},"23":{"start":{"line":59,"column":34},"end":{"line":59,"column":48}},"24":{"start":{"line":61,"column":2},"end":{"line":63,"column":3}},"25":{"start":{"line":62,"column":4},"end":{"line":62,"column":48}},"26":{"start":{"line":65,"column":2},"end":{"line":65,"column":16}},"27":{"start":{"line":68,"column":29},"end":{"line":75,"column":1}},"28":{"start":{"line":69,"column":2},"end":{"line":69,"column":47}},"29":{"start":{"line":69,"column":34},"end":{"line":69,"column":47}},"30":{"start":{"line":71,"column":20},"end":{"line":71,"column":49}},"31":{"start":{"line":72,"column":2},"end":{"line":72,"column":66}},"32":{"start":{"line":72,"column":53},"end":{"line":72,"column":66}},"33":{"start":{"line":74,"column":2},"end":{"line":74,"column":53}},"34":{"start":{"line":77,"column":32},"end":{"line":80,"column":1}},"35":{"start":{"line":78,"column":2},"end":{"line":78,"column":47}},"36":{"start":{"line":78,"column":34},"end":{"line":78,"column":47}},"37":{"start":{"line":79,"column":2},"end":{"line":79,"column":56}},"38":{"start":{"line":79,"column":40},"end":{"line":79,"column":54}},"39":{"start":{"line":82,"column":25},"end":{"line":89,"column":1}},"40":{"start":{"line":87,"column":18},"end":{"line":87,"column":60}},"41":{"start":{"line":88,"column":2},"end":{"line":88,"column":42}},"42":{"start":{"line":91,"column":38},"end":{"line":107,"column":1}},"43":{"start":{"line":95,"column":15},"end":{"line":95,"column":16}},"44":{"start":{"line":96,"column":15},"end":{"line":96,"column":24}},"45":{"start":{"line":98,"column":2},"end":{"line":104,"column":3}},"46":{"start":{"line":98,"column":17},"end":{"line":98,"column":18}},"47":{"start":{"line":99,"column":4},"end":{"line":101,"column":5}},"48":{"start":{"line":100,"column":6},"end":{"line":100,"column":12}},"49":{"start":{"line":102,"column":4},"end":{"line":102,"column":16}},"50":{"start":{"line":103,"column":4},"end":{"line":103,"column":35}},"51":{"start":{"line":106,"column":2},"end":{"line":106,"column":16}},"52":{"start":{"line":109,"column":44},"end":{"line":139,"column":1}},"53":{"start":{"line":114,"column":2},"end":{"line":116,"column":3}},"54":{"start":{"line":115,"column":4},"end":{"line":115,"column":13}},"55":{"start":{"line":118,"column":21},"end":{"line":118,"column":49}},"56":{"start":{"line":120,"column":15},"end":{"line":120,"column":16}},"57":{"start":{"line":121,"column":15},"end":{"line":121,"column":24}},"58":{"start":{"line":123,"column":2},"end":{"line":136,"column":3}},"59":{"start":{"line":123,"column":17},"end":{"line":123,"column":18}},"60":{"start":{"line":124,"column":4},"end":{"line":127,"column":5}},"61":{"start":{"line":125,"column":6},"end":{"line":125,"column":37}},"62":{"start":{"line":126,"column":6},"end":{"line":126,"column":15}},"63":{"start":{"line":129,"column":4},"end":{"line":133,"column":5}},"64":{"start":{"line":130,"column":6},"end":{"line":130,"column":18}},"65":{"start":{"line":131,"column":6},"end":{"line":131,"column":37}},"66":{"start":{"line":132,"column":6},"end":{"line":132,"column":15}},"67":{"start":{"line":135,"column":4},"end":{"line":135,"column":10}},"68":{"start":{"line":138,"column":2},"end":{"line":138,"column":16}},"69":{"start":{"line":141,"column":31},"end":{"line":159,"column":1}},"70":{"start":{"line":145,"column":26},"end":{"line":145,"column":56}},"71":{"start":{"line":146,"column":2},"end":{"line":148,"column":3}},"72":{"start":{"line":147,"column":4},"end":{"line":147,"column":13}},"73":{"start":{"line":150,"column":16},"end":{"line":150,"column":38}},"74":{"start":{"line":151,"column":19},"end":{"line":151,"column":35}},"75":{"start":{"line":152,"column":20},"end":{"line":152,"column":80}},"76":{"start":{"line":154,"column":2},"end":{"line":156,"column":3}},"77":{"start":{"line":155,"column":4},"end":{"line":155,"column":69}},"78":{"start":{"line":158,"column":2},"end":{"line":158,"column":86}},"79":{"start":{"line":161,"column":34},"end":{"line":254,"column":1}},"80":{"start":{"line":165,"column":16},"end":{"line":165,"column":38}},"81":{"start":{"line":167,"column":20},"end":{"line":167,"column":34}},"82":{"start":{"line":168,"column":17},"end":{"line":168,"column":32}},"83":{"start":{"line":169,"column":2},"end":{"line":169,"column":74}},"84":{"start":{"line":171,"column":38},"end":{"line":171,"column":59}},"85":{"start":{"line":172,"column":34},"end":{"line":172,"column":83}},"86":{"start":{"line":174,"column":44},"end":{"line":174,"column":46}},"87":{"start":{"line":175,"column":29},"end":{"line":175,"column":30}},"88":{"start":{"line":177,"column":2},"end":{"line":197,"column":3}},"89":{"start":{"line":178,"column":24},"end":{"line":178,"column":49}},"90":{"start":{"line":179,"column":4},"end":{"line":179,"column":31}},"91":{"start":{"line":179,"column":22},"end":{"line":179,"column":31}},"92":{"start":{"line":181,"column":21},"end":{"line":181,"column":87}},"93":{"start":{"line":182,"column":26},"end":{"line":182,"column":55}},"94":{"start":{"line":184,"column":4},"end":{"line":189,"column":5}},"95":{"start":{"line":185,"column":6},"end":{"line":187,"column":7}},"96":{"start":{"line":186,"column":8},"end":{"line":186,"column":38}},"97":{"start":{"line":188,"column":6},"end":{"line":188,"column":15}},"98":{"start":{"line":191,"column":4},"end":{"line":191,"column":34}},"99":{"start":{"line":192,"column":4},"end":{"line":192,"column":50}},"100":{"start":{"line":194,"column":4},"end":{"line":196,"column":5}},"101":{"start":{"line":195,"column":6},"end":{"line":195,"column":39}},"102":{"start":{"line":199,"column":2},"end":{"line":228,"column":3}},"103":{"start":{"line":200,"column":23},"end":{"line":200,"column":51}},"104":{"start":{"line":203,"column":40},"end":{"line":206,"column":5}},"105":{"start":{"line":208,"column":4},"end":{"line":227,"column":5}},"106":{"start":{"line":208,"column":19},"end":{"line":208,"column":20}},"107":{"start":{"line":209,"column":18},"end":{"line":209,"column":40}},"108":{"start":{"line":210,"column":25},"end":{"line":210,"column":51}},"109":{"start":{"line":212,"column":6},"end":{"line":215,"column":7}},"110":{"start":{"line":213,"column":8},"end":{"line":213,"column":34}},"111":{"start":{"line":214,"column":8},"end":{"line":214,"column":17}},"112":{"start":{"line":217,"column":24},"end":{"line":217,"column":70}},"113":{"start":{"line":218,"column":25},"end":{"line":222,"column":7}},"114":{"start":{"line":224,"column":6},"end":{"line":226,"column":7}},"115":{"start":{"line":225,"column":8},"end":{"line":225,"column":33}},"116":{"start":{"line":230,"column":24},"end":{"line":230,"column":46}},"117":{"start":{"line":231,"column":21},"end":{"line":231,"column":48}},"118":{"start":{"line":233,"column":4},"end":{"line":235,"column":48}},"119":{"start":{"line":237,"column":24},"end":{"line":237,"column":69}},"120":{"start":{"line":238,"column":27},"end":{"line":238,"column":80}},"121":{"start":{"line":238,"column":63},"end":{"line":238,"column":72}},"122":{"start":{"line":240,"column":2},"end":{"line":253,"column":4}}},"fnMap":{"0":{"name":"(anonymous_0)","decl":{"start":{"line":30,"column":20},"end":{"line":30,"column":21}},"loc":{"start":{"line":30,"column":59},"end":{"line":34,"column":1}},"line":30},"1":{"name":"(anonymous_1)","decl":{"start":{"line":36,"column":18},"end":{"line":36,"column":19}},"loc":{"start":{"line":36,"column":55},"end":{"line":40,"column":1}},"line":36},"2":{"name":"(anonymous_2)","decl":{"start":{"line":42,"column":29},"end":{"line":42,"column":30}},"loc":{"start":{"line":42,"column":74},"end":{"line":53,"column":1}},"line":42},"3":{"name":"(anonymous_3)","decl":{"start":{"line":55,"column":24},"end":{"line":55,"column":25}},"loc":{"start":{"line":57,"column":27},"end":{"line":66,"column":1}},"line":57},"4":{"name":"(anonymous_4)","decl":{"start":{"line":68,"column":29},"end":{"line":68,"column":30}},"loc":{"start":{"line":68,"column":87},"end":{"line":75,"column":1}},"line":68},"5":{"name":"(anonymous_5)","decl":{"start":{"line":77,"column":32},"end":{"line":77,"column":33}},"loc":{"start":{"line":77,"column":90},"end":{"line":80,"column":1}},"line":77},"6":{"name":"(anonymous_6)","decl":{"start":{"line":79,"column":31},"end":{"line":79,"column":32}},"loc":{"start":{"line":79,"column":40},"end":{"line":79,"column":54}},"line":79},"7":{"name":"(anonymous_7)","decl":{"start":{"line":82,"column":25},"end":{"line":82,"column":26}},"loc":{"start":{"line":86,"column":14},"end":{"line":89,"column":1}},"line":86},"8":{"name":"(anonymous_8)","decl":{"start":{"line":91,"column":38},"end":{"line":91,"column":39}},"loc":{"start":{"line":94,"column":13},"end":{"line":107,"column":1}},"line":94},"9":{"name":"(anonymous_9)","decl":{"start":{"line":109,"column":44},"end":{"line":109,"column":45}},"loc":{"start":{"line":113,"column":13},"end":{"line":139,"column":1}},"line":113},"10":{"name":"(anonymous_10)","decl":{"start":{"line":141,"column":31},"end":{"line":141,"column":32}},"loc":{"start":{"line":144,"column":13},"end":{"line":159,"column":1}},"line":144},"11":{"name":"(anonymous_11)","decl":{"start":{"line":161,"column":34},"end":{"line":161,"column":35}},"loc":{"start":{"line":164,"column":22},"end":{"line":254,"column":1}},"line":164},"12":{"name":"(anonymous_12)","decl":{"start":{"line":238,"column":52},"end":{"line":238,"column":53}},"loc":{"start":{"line":238,"column":63},"end":{"line":238,"column":72}},"line":238}},"branchMap":{"0":{"loc":{"start":{"line":32,"column":2},"end":{"line":32,"column":31}},"type":"if","locations":[{"start":{"line":32,"column":2},"end":{"line":32,"column":31}},{"start":{},"end":{}}],"line":32},"1":{"loc":{"start":{"line":46,"column":4},"end":{"line":46,"column":36}},"type":"if","locations":[{"start":{"line":46,"column":4},"end":{"line":46,"column":36}},{"start":{},"end":{}}],"line":46},"2":{"loc":{"start":{"line":48,"column":4},"end":{"line":48,"column":30}},"type":"if","locations":[{"start":{"line":48,"column":4},"end":{"line":48,"column":30}},{"start":{},"end":{}}],"line":48},"3":{"loc":{"start":{"line":59,"column":2},"end":{"line":59,"column":48}},"type":"if","locations":[{"start":{"line":59,"column":2},"end":{"line":59,"column":48}},{"start":{},"end":{}}],"line":59},"4":{"loc":{"start":{"line":69,"column":2},"end":{"line":69,"column":47}},"type":"if","locations":[{"start":{"line":69,"column":2},"end":{"line":69,"column":47}},{"start":{},"end":{}}],"line":69},"5":{"loc":{"start":{"line":72,"column":2},"end":{"line":72,"column":66}},"type":"if","locations":[{"start":{"line":72,"column":2},"end":{"line":72,"column":66}},{"start":{},"end":{}}],"line":72},"6":{"loc":{"start":{"line":72,"column":6},"end":{"line":72,"column":51}},"type":"binary-expr","locations":[{"start":{"line":72,"column":6},"end":{"line":72,"column":33}},{"start":{"line":72,"column":37},"end":{"line":72,"column":51}}],"line":72},"7":{"loc":{"start":{"line":78,"column":2},"end":{"line":78,"column":47}},"type":"if","locations":[{"start":{"line":78,"column":2},"end":{"line":78,"column":47}},{"start":{},"end":{}}],"line":78},"8":{"loc":{"start":{"line":99,"column":4},"end":{"line":101,"column":5}},"type":"if","locations":[{"start":{"line":99,"column":4},"end":{"line":101,"column":5}},{"start":{},"end":{}}],"line":99},"9":{"loc":{"start":{"line":114,"column":2},"end":{"line":116,"column":3}},"type":"if","locations":[{"start":{"line":114,"column":2},"end":{"line":116,"column":3}},{"start":{},"end":{}}],"line":114},"10":{"loc":{"start":{"line":124,"column":4},"end":{"line":127,"column":5}},"type":"if","locations":[{"start":{"line":124,"column":4},"end":{"line":127,"column":5}},{"start":{},"end":{}}],"line":124},"11":{"loc":{"start":{"line":129,"column":4},"end":{"line":133,"column":5}},"type":"if","locations":[{"start":{"line":129,"column":4},"end":{"line":133,"column":5}},{"start":{},"end":{}}],"line":129},"12":{"loc":{"start":{"line":146,"column":2},"end":{"line":148,"column":3}},"type":"if","locations":[{"start":{"line":146,"column":2},"end":{"line":148,"column":3}},{"start":{},"end":{}}],"line":146},"13":{"loc":{"start":{"line":152,"column":20},"end":{"line":152,"column":80}},"type":"cond-expr","locations":[{"start":{"line":152,"column":52},"end":{"line":152,"column":57}},{"start":{"line":152,"column":60},"end":{"line":152,"column":80}}],"line":152},"14":{"loc":{"start":{"line":154,"column":2},"end":{"line":156,"column":3}},"type":"if","locations":[{"start":{"line":154,"column":2},"end":{"line":156,"column":3}},{"start":{},"end":{}}],"line":154},"15":{"loc":{"start":{"line":154,"column":6},"end":{"line":154,"column":56}},"type":"binary-expr","locations":[{"start":{"line":154,"column":6},"end":{"line":154,"column":18}},{"start":{"line":154,"column":22},"end":{"line":154,"column":56}}],"line":154},"16":{"loc":{"start":{"line":169,"column":36},"end":{"line":169,"column":71}},"type":"cond-expr","locations":[{"start":{"line":169,"column":54},"end":{"line":169,"column":55}},{"start":{"line":169,"column":58},"end":{"line":169,"column":71}}],"line":169},"17":{"loc":{"start":{"line":179,"column":4},"end":{"line":179,"column":31}},"type":"if","locations":[{"start":{"line":179,"column":4},"end":{"line":179,"column":31}},{"start":{},"end":{}}],"line":179},"18":{"loc":{"start":{"line":182,"column":26},"end":{"line":182,"column":55}},"type":"binary-expr","locations":[{"start":{"line":182,"column":26},"end":{"line":182,"column":39}},{"start":{"line":182,"column":43},"end":{"line":182,"column":55}}],"line":182},"19":{"loc":{"start":{"line":184,"column":4},"end":{"line":189,"column":5}},"type":"if","locations":[{"start":{"line":184,"column":4},"end":{"line":189,"column":5}},{"start":{},"end":{}}],"line":184},"20":{"loc":{"start":{"line":185,"column":6},"end":{"line":187,"column":7}},"type":"if","locations":[{"start":{"line":185,"column":6},"end":{"line":187,"column":7}},{"start":{},"end":{}}],"line":185},"21":{"loc":{"start":{"line":192,"column":28},"end":{"line":192,"column":49}},"type":"binary-expr","locations":[{"start":{"line":192,"column":28},"end":{"line":192,"column":44}},{"start":{"line":192,"column":48},"end":{"line":192,"column":49}}],"line":192},"22":{"loc":{"start":{"line":194,"column":4},"end":{"line":196,"column":5}},"type":"if","locations":[{"start":{"line":194,"column":4},"end":{"line":196,"column":5}},{"start":{},"end":{}}],"line":194},"23":{"loc":{"start":{"line":199,"column":2},"end":{"line":228,"column":3}},"type":"if","locations":[{"start":{"line":199,"column":2},"end":{"line":228,"column":3}},{"start":{},"end":{}}],"line":199},"24":{"loc":{"start":{"line":199,"column":6},"end":{"line":199,"column":54}},"type":"binary-expr","locations":[{"start":{"line":199,"column":6},"end":{"line":199,"column":17}},{"start":{"line":199,"column":21},"end":{"line":199,"column":54}}],"line":199},"25":{"loc":{"start":{"line":212,"column":6},"end":{"line":215,"column":7}},"type":"if","locations":[{"start":{"line":212,"column":6},"end":{"line":215,"column":7}},{"start":{},"end":{}}],"line":212},"26":{"loc":{"start":{"line":224,"column":6},"end":{"line":226,"column":7}},"type":"if","locations":[{"start":{"line":224,"column":6},"end":{"line":226,"column":7}},{"start":{},"end":{}}],"line":224},"27":{"loc":{"start":{"line":224,"column":10},"end":{"line":224,"column":33}},"type":"binary-expr","locations":[{"start":{"line":224,"column":10},"end":{"line":224,"column":19}},{"start":{"line":224,"column":23},"end":{"line":224,"column":33}}],"line":224},"28":{"loc":{"start":{"line":233,"column":4},"end":{"line":235,"column":48}},"type":"cond-expr","locations":[{"start":{"line":234,"column":8},"end":{"line":234,"column":41}},{"start":{"line":235,"column":8},"end":{"line":235,"column":48}}],"line":233}},"s":{"0":1,"1":1,"2":51,"3":51,"4":0,"5":51,"6":1,"7":25,"8":25,"9":25,"10":1,"11":16,"12":16,"13":27,"14":3,"15":24,"16":24,"17":0,"18":24,"19":16,"20":1,"21":2,"22":2,"23":0,"24":2,"25":14,"26":2,"27":1,"28":2,"29":0,"30":2,"31":2,"32":0,"33":2,"34":1,"35":1,"36":0,"37":1,"38":1,"39":1,"40":10,"41":10,"42":1,"43":11,"44":11,"45":11,"46":11,"47":17,"48":11,"49":6,"50":6,"51":11,"52":1,"53":1,"54":0,"55":1,"56":1,"57":1,"58":1,"59":1,"60":5,"61":1,"62":1,"63":4,"64":3,"65":3,"66":3,"67":1,"68":1,"69":1,"70":16,"71":16,"72":4,"73":12,"74":12,"75":12,"76":12,"77":11,"78":1,"79":1,"80":16,"81":16,"82":16,"83":16,"84":16,"85":16,"86":16,"87":16,"88":16,"89":27,"90":27,"91":0,"92":27,"93":27,"94":27,"95":3,"96":2,"97":3,"98":24,"99":24,"100":24,"101":11,"102":16,"103":1,"104":1,"105":1,"106":1,"107":7,"108":7,"109":7,"110":2,"111":2,"112":5,"113":5,"114":5,"115":2,"116":16,"117":16,"118":16,"119":16,"120":16,"121":112,"122":16},"f":{"0":51,"1":25,"2":16,"3":2,"4":2,"5":1,"6":1,"7":10,"8":11,"9":1,"10":16,"11":16,"12":112},"b":{"0":[0,51],"1":[3,24],"2":[0,24],"3":[0,2],"4":[0,2],"5":[0,2],"6":[2,2],"7":[0,1],"8":[11,6],"9":[0,1],"10":[1,4],"11":[3,1],"12":[4,12],"13":[4,8],"14":[11,1],"15":[12,1],"16":[0,16],"17":[0,27],"18":[27,13],"19":[3,24],"20":[2,1],"21":[24,0],"22":[11,13],"23":[1,15],"24":[16,1],"25":[2,5],"26":[2,3],"27":[5,3],"28":[1,15]},"_coverageSchema":"1a1c01bbd47fc00a2c39e90264f33305004495a9","hash":"c1b2f36de6b8fcb92b0582080cb7e69fe1baa45e"}
,"D:\\disertatie\\Train-Eat-Track\\src\\services\\maintenanceService.ts": {"path":"D:\\disertatie\\Train-Eat-Track\\src\\services\\maintenanceService.ts","statementMap":{"0":{"start":{"line":23,"column":24},"end":{"line":23,"column":40}},"1":{"start":{"line":24,"column":26},"end":{"line":24,"column":30}},"2":{"start":{"line":26,"column":20},"end":{"line":46,"column":1}},"3":{"start":{"line":30,"column":56},"end":{"line":30,"column":60}},"4":{"start":{"line":32,"column":2},"end":{"line":45,"column":3}},"5":{"start":{"line":33,"column":4},"end":{"line":40,"column":7}},"6":{"start":{"line":36,"column":8},"end":{"line":38,"column":30}},"7":{"start":{"line":37,"column":10},"end":{"line":37,"column":87}},"8":{"start":{"line":42,"column":4},"end":{"line":44,"column":5}},"9":{"start":{"line":43,"column":6},"end":{"line":43,"column":30}},"10":{"start":{"line":49,"column":22},"end":{"line":50,"column":57}},"11":{"start":{"line":50,"column":2},"end":{"line":50,"column":57}},"12":{"start":{"line":53,"column":22},"end":{"line":54,"column":57}},"13":{"start":{"line":54,"column":2},"end":{"line":54,"column":57}},"14":{"start":{"line":57,"column":29},"end":{"line":58,"column":57}},"15":{"start":{"line":58,"column":2},"end":{"line":58,"column":57}},"16":{"start":{"line":60,"column":33},"end":{"line":67,"column":1}},"17":{"start":{"line":61,"column":2},"end":{"line":66,"column":3}},"18":{"start":{"line":62,"column":18},"end":{"line":62,"column":74}},"19":{"start":{"line":63,"column":4},"end":{"line":63,"column":28}},"20":{"start":{"line":65,"column":4},"end":{"line":65,"column":17}},"21":{"start":{"line":69,"column":33},"end":{"line":77,"column":1}},"22":{"start":{"line":70,"column":2},"end":{"line":76,"column":3}},"23":{"start":{"line":71,"column":4},"end":{"line":71,"column":69}},"24":{"start":{"line":73,"column":4},"end":{"line":75,"column":5}},"25":{"start":{"line":74,"column":6},"end":{"line":74,"column":83}},"26":{"start":{"line":80,"column":33},"end":{"line":81,"column":56}},"27":{"start":{"line":81,"column":2},"end":{"line":81,"column":56}},"28":{"start":{"line":83,"column":38},"end":{"line":103,"column":1}},"29":{"start":{"line":84,"column":2},"end":{"line":102,"column":3}},"30":{"start":{"line":85,"column":23},"end":{"line":85,"column":55}},"31":{"start":{"line":86,"column":18},"end":{"line":86,"column":56}},"32":{"start":{"line":87,"column":4},"end":{"line":89,"column":5}},"33":{"start":{"line":88,"column":6},"end":{"line":88,"column":31}},"34":{"start":{"line":92,"column":24},"end":{"line":92,"column":91}},"35":{"start":{"line":93,"column":4},"end":{"line":97,"column":5}},"36":{"start":{"line":94,"column":34},"end":{"line":94,"column":57}},"37":{"start":{"line":95,"column":6},"end":{"line":95,"column":82}},"38":{"start":{"line":96,"column":6},"end":{"line":96,"column":33}},"39":{"start":{"line":99,"column":4},"end":{"line":99,"column":14}},"40":{"start":{"line":101,"column":4},"end":{"line":101,"column":14}},"41":{"start":{"line":105,"column":38},"end":{"line":119,"column":1}},"42":{"start":{"line":109,"column":2},"end":{"line":118,"column":3}},"43":{"start":{"line":110,"column":4},"end":{"line":113,"column":6}},"44":{"start":{"line":115,"column":4},"end":{"line":117,"column":5}},"45":{"start":{"line":116,"column":6},"end":{"line":116,"column":81}},"46":{"start":{"line":122,"column":32},"end":{"line":159,"column":1}},"47":{"start":{"line":123,"column":2},"end":{"line":158,"column":3}},"48":{"start":{"line":124,"column":14},"end":{"line":124,"column":42}},"49":{"start":{"line":126,"column":26},"end":{"line":129,"column":5}},"50":{"start":{"line":131,"column":35},"end":{"line":131,"column":37}},"51":{"start":{"line":132,"column":4},"end":{"line":139,"column":7}},"52":{"start":{"line":133,"column":19},"end":{"line":133,"column":33}},"53":{"start":{"line":134,"column":6},"end":{"line":138,"column":9}},"54":{"start":{"line":142,"column":4},"end":{"line":142,"column":57}},"55":{"start":{"line":142,"column":27},"end":{"line":142,"column":55}},"56":{"start":{"line":145,"column":4},"end":{"line":145,"column":50}},"57":{"start":{"line":147,"column":4},"end":{"line":147,"column":44}},"58":{"start":{"line":149,"column":4},"end":{"line":151,"column":5}},"59":{"start":{"line":150,"column":6},"end":{"line":150,"column":82}},"60":{"start":{"line":153,"column":19},"end":{"line":153,"column":55}},"61":{"start":{"line":154,"column":4},"end":{"line":156,"column":5}},"62":{"start":{"line":155,"column":6},"end":{"line":155,"column":45}},"63":{"start":{"line":157,"column":4},"end":{"line":157,"column":74}},"64":{"start":{"line":161,"column":31},"end":{"line":220,"column":1}},"65":{"start":{"line":165,"column":2},"end":{"line":219,"column":3}},"66":{"start":{"line":167,"column":14},"end":{"line":170,"column":5}},"67":{"start":{"line":172,"column":26},"end":{"line":175,"column":5}},"68":{"start":{"line":177,"column":4},"end":{"line":200,"column":5}},"69":{"start":{"line":179,"column":21},"end":{"line":179,"column":68}},"70":{"start":{"line":180,"column":6},"end":{"line":187,"column":8}},"71":{"start":{"line":190,"column":6},"end":{"line":199,"column":8}},"72":{"start":{"line":203,"column":19},"end":{"line":203,"column":55}},"73":{"start":{"line":204,"column":26},"end":{"line":204,"column":72}},"74":{"start":{"line":204,"column":50},"end":{"line":204,"column":71}},"75":{"start":{"line":205,"column":4},"end":{"line":209,"column":5}},"76":{"start":{"line":206,"column":6},"end":{"line":206,"column":36}},"77":{"start":{"line":208,"column":6},"end":{"line":208,"column":25}},"78":{"start":{"line":210,"column":4},"end":{"line":210,"column":56}},"79":{"start":{"line":210,"column":26},"end":{"line":210,"column":54}},"80":{"start":{"line":211,"column":4},"end":{"line":211,"column":49}},"81":{"start":{"line":213,"column":4},"end":{"line":213,"column":29}},"82":{"start":{"line":215,"column":4},"end":{"line":217,"column":5}},"83":{"start":{"line":216,"column":6},"end":{"line":216,"column":78}},"84":{"start":{"line":218,"column":4},"end":{"line":218,"column":74}},"85":{"start":{"line":222,"column":33},"end":{"line":256,"column":1}},"86":{"start":{"line":226,"column":2},"end":{"line":255,"column":3}},"87":{"start":{"line":227,"column":14},"end":{"line":230,"column":5}},"88":{"start":{"line":232,"column":26},"end":{"line":235,"column":5}},"89":{"start":{"line":237,"column":4},"end":{"line":242,"column":5}},"90":{"start":{"line":238,"column":6},"end":{"line":241,"column":8}},"91":{"start":{"line":245,"column":19},"end":{"line":245,"column":55}},"92":{"start":{"line":246,"column":21},"end":{"line":246,"column":58}},"93":{"start":{"line":246,"column":42},"end":{"line":246,"column":57}},"94":{"start":{"line":247,"column":4},"end":{"line":247,"column":51}},"95":{"start":{"line":249,"column":4},"end":{"line":249,"column":29}},"96":{"start":{"line":251,"column":4},"end":{"line":253,"column":5}},"97":{"start":{"line":252,"column":6},"end":{"line":252,"column":80}},"98":{"start":{"line":254,"column":4},"end":{"line":254,"column":74}},"99":{"start":{"line":259,"column":29},"end":{"line":264,"column":1}},"100":{"start":{"line":260,"column":15},"end":{"line":260,"column":33}},"101":{"start":{"line":261,"column":16},"end":{"line":261,"column":60}},"102":{"start":{"line":262,"column":14},"end":{"line":262,"column":53}},"103":{"start":{"line":263,"column":2},"end":{"line":263,"column":35}},"104":{"start":{"line":266,"column":28},"end":{"line":269,"column":1}},"105":{"start":{"line":267,"column":29},"end":{"line":267,"column":59}},"106":{"start":{"line":268,"column":2},"end":{"line":268,"column":40}},"107":{"start":{"line":271,"column":29},"end":{"line":277,"column":1}},"108":{"start":{"line":272,"column":12},"end":{"line":272,"column":83}},"109":{"start":{"line":273,"column":17},"end":{"line":273,"column":35}},"110":{"start":{"line":274,"column":2},"end":{"line":274,"column":44}},"111":{"start":{"line":275,"column":20},"end":{"line":275,"column":64}},"112":{"start":{"line":276,"column":2},"end":{"line":276,"column":77}},"113":{"start":{"line":279,"column":32},"end":{"line":284,"column":1}},"114":{"start":{"line":280,"column":12},"end":{"line":280,"column":26}},"115":{"start":{"line":281,"column":14},"end":{"line":281,"column":24}},"116":{"start":{"line":282,"column":15},"end":{"line":282,"column":55}},"117":{"start":{"line":283,"column":2},"end":{"line":283,"column":35}},"118":{"start":{"line":286,"column":30},"end":{"line":291,"column":1}},"119":{"start":{"line":287,"column":16},"end":{"line":287,"column":38}},"120":{"start":{"line":288,"column":14},"end":{"line":288,"column":29}},"121":{"start":{"line":289,"column":2},"end":{"line":289,"column":33}},"122":{"start":{"line":290,"column":2},"end":{"line":290,"column":13}},"123":{"start":{"line":294,"column":34},"end":{"line":339,"column":1}},"124":{"start":{"line":295,"column":2},"end":{"line":295,"column":38}},"125":{"start":{"line":295,"column":28},"end":{"line":295,"column":38}},"126":{"start":{"line":297,"column":24},"end":{"line":297,"column":81}},"127":{"start":{"line":297,"column":52},"end":{"line":297,"column":80}},"128":{"start":{"line":298,"column":18},"end":{"line":298,"column":50}},"129":{"start":{"line":300,"column":2},"end":{"line":309,"column":5}},"130":{"start":{"line":301,"column":17},"end":{"line":301,"column":41}},"131":{"start":{"line":302,"column":22},"end":{"line":302,"column":44}},"132":{"start":{"line":303,"column":20},"end":{"line":303,"column":44}},"133":{"start":{"line":305,"column":4},"end":{"line":307,"column":5}},"134":{"start":{"line":306,"column":6},"end":{"line":306,"column":31}},"135":{"start":{"line":308,"column":4},"end":{"line":308,"column":38}},"136":{"start":{"line":311,"column":30},"end":{"line":311,"column":32}},"137":{"start":{"line":312,"column":19},"end":{"line":312,"column":20}},"138":{"start":{"line":314,"column":25},"end":{"line":314,"column":58}},"139":{"start":{"line":316,"column":2},"end":{"line":336,"column":5}},"140":{"start":{"line":317,"column":24},"end":{"line":317,"column":45}},"141":{"start":{"line":318,"column":22},"end":{"line":318,"column":43}},"142":{"start":{"line":319,"column":20},"end":{"line":319,"column":45}},"143":{"start":{"line":321,"column":25},"end":{"line":321,"column":64}},"144":{"start":{"line":321,"column":51},"end":{"line":321,"column":63}},"145":{"start":{"line":323,"column":6},"end":{"line":325,"column":14}},"146":{"start":{"line":324,"column":42},"end":{"line":324,"column":56}},"147":{"start":{"line":327,"column":4},"end":{"line":333,"column":7}},"148":{"start":{"line":335,"column":4},"end":{"line":335,"column":17}},"149":{"start":{"line":338,"column":2},"end":{"line":338,"column":15}},"150":{"start":{"line":342,"column":40},"end":{"line":402,"column":1}},"151":{"start":{"line":346,"column":2},"end":{"line":346,"column":36}},"152":{"start":{"line":346,"column":24},"end":{"line":346,"column":36}},"153":{"start":{"line":349,"column":28},"end":{"line":349,"column":67}},"154":{"start":{"line":349,"column":48},"end":{"line":349,"column":66}},"155":{"start":{"line":350,"column":2},"end":{"line":350,"column":48}},"156":{"start":{"line":350,"column":36},"end":{"line":350,"column":48}},"157":{"start":{"line":352,"column":23},"end":{"line":352,"column":50}},"158":{"start":{"line":353,"column":16},"end":{"line":353,"column":31}},"159":{"start":{"line":354,"column":16},"end":{"line":354,"column":31}},"160":{"start":{"line":356,"column":2},"end":{"line":356,"column":68}},"161":{"start":{"line":356,"column":56},"end":{"line":356,"column":68}},"162":{"start":{"line":358,"column":21},"end":{"line":358,"column":50}},"163":{"start":{"line":359,"column":24},"end":{"line":359,"column":44}},"164":{"start":{"line":364,"column":2},"end":{"line":373,"column":3}},"165":{"start":{"line":365,"column":4},"end":{"line":365,"column":27}},"166":{"start":{"line":366,"column":4},"end":{"line":366,"column":73}},"167":{"start":{"line":367,"column":9},"end":{"line":373,"column":3}},"168":{"start":{"line":368,"column":4},"end":{"line":368,"column":23}},"169":{"start":{"line":369,"column":4},"end":{"line":369,"column":94}},"170":{"start":{"line":371,"column":4},"end":{"line":371,"column":23}},"171":{"start":{"line":372,"column":4},"end":{"line":372,"column":92}},"172":{"start":{"line":378,"column":21},"end":{"line":378,"column":57}},"173":{"start":{"line":379,"column":30},"end":{"line":379,"column":84}},"174":{"start":{"line":379,"column":55},"end":{"line":379,"column":83}},"175":{"start":{"line":381,"column":2},"end":{"line":392,"column":3}},"176":{"start":{"line":383,"column":6},"end":{"line":384,"column":32}},"177":{"start":{"line":383,"column":45},"end":{"line":383,"column":68}},"178":{"start":{"line":388,"column":31},"end":{"line":388,"column":45}},"179":{"start":{"line":389,"column":35},"end":{"line":389,"column":66}},"180":{"start":{"line":391,"column":4},"end":{"line":391,"column":76}},"181":{"start":{"line":394,"column":2},"end":{"line":401,"column":4}},"182":{"start":{"line":405,"column":32},"end":{"line":425,"column":1}},"183":{"start":{"line":409,"column":81},"end":{"line":409,"column":83}},"184":{"start":{"line":410,"column":19},"end":{"line":410,"column":59}},"185":{"start":{"line":410,"column":46},"end":{"line":410,"column":57}},"186":{"start":{"line":412,"column":2},"end":{"line":422,"column":3}},"187":{"start":{"line":412,"column":15},"end":{"line":412,"column":16}},"188":{"start":{"line":413,"column":24},"end":{"line":413,"column":43}},"189":{"start":{"line":414,"column":4},"end":{"line":414,"column":51}},"190":{"start":{"line":415,"column":20},"end":{"line":415,"column":46}},"191":{"start":{"line":417,"column":4},"end":{"line":421,"column":7}},"192":{"start":{"line":424,"column":2},"end":{"line":424,"column":14}}},"fnMap":{"0":{"name":"(anonymous_0)","decl":{"start":{"line":26,"column":20},"end":{"line":26,"column":21}},"loc":{"start":{"line":29,"column":17},"end":{"line":46,"column":1}},"line":29},"1":{"name":"(anonymous_1)","decl":{"start":{"line":35,"column":21},"end":{"line":35,"column":22}},"loc":{"start":{"line":35,"column":36},"end":{"line":39,"column":7}},"line":35},"2":{"name":"(anonymous_2)","decl":{"start":{"line":36,"column":31},"end":{"line":36,"column":32}},"loc":{"start":{"line":36,"column":37},"end":{"line":38,"column":9}},"line":36},"3":{"name":"(anonymous_3)","decl":{"start":{"line":49,"column":22},"end":{"line":49,"column":23}},"loc":{"start":{"line":50,"column":2},"end":{"line":50,"column":57}},"line":50},"4":{"name":"(anonymous_4)","decl":{"start":{"line":53,"column":22},"end":{"line":53,"column":23}},"loc":{"start":{"line":54,"column":2},"end":{"line":54,"column":57}},"line":54},"5":{"name":"(anonymous_5)","decl":{"start":{"line":57,"column":29},"end":{"line":57,"column":30}},"loc":{"start":{"line":58,"column":2},"end":{"line":58,"column":57}},"line":58},"6":{"name":"(anonymous_6)","decl":{"start":{"line":60,"column":33},"end":{"line":60,"column":34}},"loc":{"start":{"line":60,"column":77},"end":{"line":67,"column":1}},"line":60},"7":{"name":"(anonymous_7)","decl":{"start":{"line":69,"column":33},"end":{"line":69,"column":34}},"loc":{"start":{"line":69,"column":74},"end":{"line":77,"column":1}},"line":69},"8":{"name":"(anonymous_8)","decl":{"start":{"line":80,"column":33},"end":{"line":80,"column":34}},"loc":{"start":{"line":81,"column":2},"end":{"line":81,"column":56}},"line":81},"9":{"name":"(anonymous_9)","decl":{"start":{"line":83,"column":38},"end":{"line":83,"column":39}},"loc":{"start":{"line":83,"column":88},"end":{"line":103,"column":1}},"line":83},"10":{"name":"(anonymous_10)","decl":{"start":{"line":105,"column":38},"end":{"line":105,"column":39}},"loc":{"start":{"line":108,"column":20},"end":{"line":119,"column":1}},"line":108},"11":{"name":"(anonymous_11)","decl":{"start":{"line":122,"column":32},"end":{"line":122,"column":33}},"loc":{"start":{"line":122,"column":81},"end":{"line":159,"column":1}},"line":122},"12":{"name":"(anonymous_12)","decl":{"start":{"line":132,"column":26},"end":{"line":132,"column":27}},"loc":{"start":{"line":132,"column":39},"end":{"line":139,"column":5}},"line":132},"13":{"name":"(anonymous_13)","decl":{"start":{"line":142,"column":17},"end":{"line":142,"column":18}},"loc":{"start":{"line":142,"column":27},"end":{"line":142,"column":55}},"line":142},"14":{"name":"(anonymous_14)","decl":{"start":{"line":161,"column":31},"end":{"line":161,"column":32}},"loc":{"start":{"line":164,"column":28},"end":{"line":220,"column":1}},"line":164},"15":{"name":"(anonymous_15)","decl":{"start":{"line":204,"column":43},"end":{"line":204,"column":44}},"loc":{"start":{"line":204,"column":50},"end":{"line":204,"column":71}},"line":204},"16":{"name":"(anonymous_16)","decl":{"start":{"line":210,"column":16},"end":{"line":210,"column":17}},"loc":{"start":{"line":210,"column":26},"end":{"line":210,"column":54}},"line":210},"17":{"name":"(anonymous_17)","decl":{"start":{"line":222,"column":33},"end":{"line":222,"column":34}},"loc":{"start":{"line":225,"column":28},"end":{"line":256,"column":1}},"line":225},"18":{"name":"(anonymous_18)","decl":{"start":{"line":246,"column":35},"end":{"line":246,"column":36}},"loc":{"start":{"line":246,"column":42},"end":{"line":246,"column":57}},"line":246},"19":{"name":"(anonymous_19)","decl":{"start":{"line":259,"column":29},"end":{"line":259,"column":30}},"loc":{"start":{"line":259,"column":53},"end":{"line":264,"column":1}},"line":259},"20":{"name":"(anonymous_20)","decl":{"start":{"line":266,"column":28},"end":{"line":266,"column":29}},"loc":{"start":{"line":266,"column":55},"end":{"line":269,"column":1}},"line":266},"21":{"name":"(anonymous_21)","decl":{"start":{"line":271,"column":29},"end":{"line":271,"column":30}},"loc":{"start":{"line":271,"column":53},"end":{"line":277,"column":1}},"line":271},"22":{"name":"(anonymous_22)","decl":{"start":{"line":279,"column":32},"end":{"line":279,"column":33}},"loc":{"start":{"line":279,"column":54},"end":{"line":284,"column":1}},"line":279},"23":{"name":"(anonymous_23)","decl":{"start":{"line":286,"column":30},"end":{"line":286,"column":31}},"loc":{"start":{"line":286,"column":52},"end":{"line":291,"column":1}},"line":286},"24":{"name":"(anonymous_24)","decl":{"start":{"line":294,"column":34},"end":{"line":294,"column":35}},"loc":{"start":{"line":294,"column":76},"end":{"line":339,"column":1}},"line":294},"25":{"name":"(anonymous_25)","decl":{"start":{"line":297,"column":42},"end":{"line":297,"column":43}},"loc":{"start":{"line":297,"column":52},"end":{"line":297,"column":80}},"line":297},"26":{"name":"(anonymous_26)","decl":{"start":{"line":300,"column":24},"end":{"line":300,"column":25}},"loc":{"start":{"line":300,"column":35},"end":{"line":309,"column":3}},"line":300},"27":{"name":"(anonymous_27)","decl":{"start":{"line":316,"column":25},"end":{"line":316,"column":26}},"loc":{"start":{"line":316,"column":38},"end":{"line":336,"column":3}},"line":316},"28":{"name":"(anonymous_28)","decl":{"start":{"line":321,"column":44},"end":{"line":321,"column":45}},"loc":{"start":{"line":321,"column":51},"end":{"line":321,"column":63}},"line":321},"29":{"name":"(anonymous_29)","decl":{"start":{"line":324,"column":30},"end":{"line":324,"column":31}},"loc":{"start":{"line":324,"column":42},"end":{"line":324,"column":56}},"line":324},"30":{"name":"(anonymous_30)","decl":{"start":{"line":342,"column":40},"end":{"line":342,"column":41}},"loc":{"start":{"line":345,"column":39},"end":{"line":402,"column":1}},"line":345},"31":{"name":"(anonymous_31)","decl":{"start":{"line":349,"column":41},"end":{"line":349,"column":42}},"loc":{"start":{"line":349,"column":48},"end":{"line":349,"column":66}},"line":349},"32":{"name":"(anonymous_32)","decl":{"start":{"line":379,"column":48},"end":{"line":379,"column":49}},"loc":{"start":{"line":379,"column":55},"end":{"line":379,"column":83}},"line":379},"33":{"name":"(anonymous_33)","decl":{"start":{"line":383,"column":33},"end":{"line":383,"column":34}},"loc":{"start":{"line":383,"column":45},"end":{"line":383,"column":68}},"line":383},"34":{"name":"(anonymous_34)","decl":{"start":{"line":405,"column":32},"end":{"line":405,"column":33}},"loc":{"start":{"line":408,"column":71},"end":{"line":425,"column":1}},"line":408},"35":{"name":"(anonymous_35)","decl":{"start":{"line":410,"column":39},"end":{"line":410,"column":40}},"loc":{"start":{"line":410,"column":46},"end":{"line":410,"column":57}},"line":410}},"branchMap":{"0":{"loc":{"start":{"line":42,"column":4},"end":{"line":44,"column":5}},"type":"if","locations":[{"start":{"line":42,"column":4},"end":{"line":44,"column":5}},{"start":{},"end":{}}],"line":42},"1":{"loc":{"start":{"line":73,"column":4},"end":{"line":75,"column":5}},"type":"if","locations":[{"start":{"line":73,"column":4},"end":{"line":75,"column":5}},{"start":{},"end":{}}],"line":73},"2":{"loc":{"start":{"line":87,"column":4},"end":{"line":89,"column":5}},"type":"if","locations":[{"start":{"line":87,"column":4},"end":{"line":89,"column":5}},{"start":{},"end":{}}],"line":87},"3":{"loc":{"start":{"line":93,"column":4},"end":{"line":97,"column":5}},"type":"if","locations":[{"start":{"line":93,"column":4},"end":{"line":97,"column":5}},{"start":{},"end":{}}],"line":93},"4":{"loc":{"start":{"line":115,"column":4},"end":{"line":117,"column":5}},"type":"if","locations":[{"start":{"line":115,"column":4},"end":{"line":117,"column":5}},{"start":{},"end":{}}],"line":115},"5":{"loc":{"start":{"line":149,"column":4},"end":{"line":151,"column":5}},"type":"if","locations":[{"start":{"line":149,"column":4},"end":{"line":151,"column":5}},{"start":{},"end":{}}],"line":149},"6":{"loc":{"start":{"line":154,"column":4},"end":{"line":156,"column":5}},"type":"if","locations":[{"start":{"line":154,"column":4},"end":{"line":156,"column":5}},{"start":{},"end":{}}],"line":154},"7":{"loc":{"start":{"line":177,"column":4},"end":{"line":200,"column":5}},"type":"if","locations":[{"start":{"line":177,"column":4},"end":{"line":200,"column":5}},{"start":{"line":188,"column":11},"end":{"line":200,"column":5}}],"line":177},"8":{"loc":{"start":{"line":183,"column":20},"end":{"line":183,"column":42}},"type":"binary-expr","locations":[{"start":{"line":183,"column":20},"end":{"line":183,"column":34}},{"start":{"line":183,"column":38},"end":{"line":183,"column":42}}],"line":183},"9":{"loc":{"start":{"line":194,"column":20},"end":{"line":194,"column":42}},"type":"binary-expr","locations":[{"start":{"line":194,"column":20},"end":{"line":194,"column":34}},{"start":{"line":194,"column":38},"end":{"line":194,"column":42}}],"line":194},"10":{"loc":{"start":{"line":205,"column":4},"end":{"line":209,"column":5}},"type":"if","locations":[{"start":{"line":205,"column":4},"end":{"line":209,"column":5}},{"start":{"line":207,"column":11},"end":{"line":209,"column":5}}],"line":205},"11":{"loc":{"start":{"line":215,"column":4},"end":{"line":217,"column":5}},"type":"if","locations":[{"start":{"line":215,"column":4},"end":{"line":217,"column":5}},{"start":{},"end":{}}],"line":215},"12":{"loc":{"start":{"line":237,"column":4},"end":{"line":242,"column":5}},"type":"if","locations":[{"start":{"line":237,"column":4},"end":{"line":242,"column":5}},{"start":{},"end":{}}],"line":237},"13":{"loc":{"start":{"line":251,"column":4},"end":{"line":253,"column":5}},"type":"if","locations":[{"start":{"line":251,"column":4},"end":{"line":253,"column":5}},{"start":{},"end":{}}],"line":251},"14":{"loc":{"start":{"line":273,"column":17},"end":{"line":273,"column":35}},"type":"binary-expr","locations":[{"start":{"line":273,"column":17},"end":{"line":273,"column":30}},{"start":{"line":273,"column":34},"end":{"line":273,"column":35}}],"line":273},"15":{"loc":{"start":{"line":282,"column":36},"end":{"line":282,"column":54}},"type":"cond-expr","locations":[{"start":{"line":282,"column":48},"end":{"line":282,"column":50}},{"start":{"line":282,"column":53},"end":{"line":282,"column":54}}],"line":282},"16":{"loc":{"start":{"line":295,"column":2},"end":{"line":295,"column":38}},"type":"if","locations":[{"start":{"line":295,"column":2},"end":{"line":295,"column":38}},{"start":{},"end":{}}],"line":295},"17":{"loc":{"start":{"line":305,"column":4},"end":{"line":307,"column":5}},"type":"if","locations":[{"start":{"line":305,"column":4},"end":{"line":307,"column":5}},{"start":{},"end":{}}],"line":305},"18":{"loc":{"start":{"line":323,"column":6},"end":{"line":325,"column":14}},"type":"cond-expr","locations":[{"start":{"line":324,"column":10},"end":{"line":324,"column":82}},{"start":{"line":325,"column":10},"end":{"line":325,"column":14}}],"line":323},"19":{"loc":{"start":{"line":332,"column":15},"end":{"line":332,"column":63}},"type":"cond-expr","locations":[{"start":{"line":332,"column":25},"end":{"line":332,"column":56}},{"start":{"line":332,"column":59},"end":{"line":332,"column":63}}],"line":332},"20":{"loc":{"start":{"line":344,"column":2},"end":{"line":344,"column":30}},"type":"default-arg","locations":[{"start":{"line":344,"column":26},"end":{"line":344,"column":30}}],"line":344},"21":{"loc":{"start":{"line":346,"column":2},"end":{"line":346,"column":36}},"type":"if","locations":[{"start":{"line":346,"column":2},"end":{"line":346,"column":36}},{"start":{},"end":{}}],"line":346},"22":{"loc":{"start":{"line":350,"column":2},"end":{"line":350,"column":48}},"type":"if","locations":[{"start":{"line":350,"column":2},"end":{"line":350,"column":48}},{"start":{},"end":{}}],"line":350},"23":{"loc":{"start":{"line":356,"column":2},"end":{"line":356,"column":68}},"type":"if","locations":[{"start":{"line":356,"column":2},"end":{"line":356,"column":68}},{"start":{},"end":{}}],"line":356},"24":{"loc":{"start":{"line":356,"column":6},"end":{"line":356,"column":54}},"type":"binary-expr","locations":[{"start":{"line":356,"column":6},"end":{"line":356,"column":28}},{"start":{"line":356,"column":32},"end":{"line":356,"column":54}}],"line":356},"25":{"loc":{"start":{"line":364,"column":2},"end":{"line":373,"column":3}},"type":"if","locations":[{"start":{"line":364,"column":2},"end":{"line":373,"column":3}},{"start":{"line":367,"column":9},"end":{"line":373,"column":3}}],"line":364},"26":{"loc":{"start":{"line":366,"column":18},"end":{"line":366,"column":72}},"type":"cond-expr","locations":[{"start":{"line":366,"column":38},"end":{"line":366,"column":53}},{"start":{"line":366,"column":56},"end":{"line":366,"column":72}}],"line":366},"27":{"loc":{"start":{"line":367,"column":9},"end":{"line":373,"column":3}},"type":"if","locations":[{"start":{"line":367,"column":9},"end":{"line":373,"column":3}},{"start":{"line":370,"column":9},"end":{"line":373,"column":3}}],"line":367},"28":{"loc":{"start":{"line":369,"column":18},"end":{"line":369,"column":93}},"type":"cond-expr","locations":[{"start":{"line":369,"column":38},"end":{"line":369,"column":64}},{"start":{"line":369,"column":67},"end":{"line":369,"column":93}}],"line":369},"29":{"loc":{"start":{"line":372,"column":18},"end":{"line":372,"column":91}},"type":"cond-expr","locations":[{"start":{"line":372,"column":38},"end":{"line":372,"column":62}},{"start":{"line":372,"column":65},"end":{"line":372,"column":91}}],"line":372},"30":{"loc":{"start":{"line":379,"column":55},"end":{"line":379,"column":83}},"type":"binary-expr","locations":[{"start":{"line":379,"column":55},"end":{"line":379,"column":65}},{"start":{"line":379,"column":69},"end":{"line":379,"column":83}}],"line":379},"31":{"loc":{"start":{"line":381,"column":2},"end":{"line":392,"column":3}},"type":"if","locations":[{"start":{"line":381,"column":2},"end":{"line":392,"column":3}},{"start":{},"end":{}}],"line":381},"32":{"loc":{"start":{"line":383,"column":52},"end":{"line":383,"column":67}},"type":"binary-expr","locations":[{"start":{"line":383,"column":52},"end":{"line":383,"column":62}},{"start":{"line":383,"column":66},"end":{"line":383,"column":67}}],"line":383},"33":{"loc":{"start":{"line":420,"column":13},"end":{"line":420,"column":42}},"type":"binary-expr","locations":[{"start":{"line":420,"column":13},"end":{"line":420,"column":34}},{"start":{"line":420,"column":38},"end":{"line":420,"column":42}}],"line":420}},"s":{"0":1,"1":1,"2":1,"3":0,"4":0,"5":0,"6":0,"7":0,"8":0,"9":0,"10":1,"11":0,"12":1,"13":0,"14":1,"15":0,"16":1,"17":0,"18":0,"19":0,"20":0,"21":1,"22":0,"23":0,"24":0,"25":0,"26":1,"27":0,"28":1,"29":0,"30":0,"31":0,"32":0,"33":0,"34":0,"35":0,"36":0,"37":0,"38":0,"39":0,"40":0,"41":1,"42":0,"43":0,"44":0,"45":0,"46":1,"47":0,"48":0,"49":0,"50":0,"51":0,"52":0,"53":0,"54":0,"55":0,"56":0,"57":0,"58":0,"59":0,"60":0,"61":0,"62":0,"63":0,"64":1,"65":0,"66":0,"67":0,"68":0,"69":0,"70":0,"71":0,"72":0,"73":0,"74":0,"75":0,"76":0,"77":0,"78":0,"79":0,"80":0,"81":0,"82":0,"83":0,"84":0,"85":1,"86":0,"87":0,"88":0,"89":0,"90":0,"91":0,"92":0,"93":0,"94":0,"95":0,"96":0,"97":0,"98":0,"99":1,"100":54,"101":54,"102":54,"103":54,"104":1,"105":18,"106":18,"107":1,"108":2,"109":2,"110":2,"111":2,"112":2,"113":1,"114":20,"115":20,"116":20,"117":20,"118":1,"119":7,"120":7,"121":7,"122":7,"123":1,"124":6,"125":1,"126":5,"127":5,"128":5,"129":5,"130":10,"131":10,"132":10,"133":10,"134":6,"135":10,"136":5,"137":5,"138":5,"139":5,"140":6,"141":6,"142":6,"143":6,"144":10,"145":6,"146":8,"147":6,"148":6,"149":5,"150":1,"151":9,"152":1,"153":8,"154":16,"155":8,"156":1,"157":7,"158":7,"159":7,"160":7,"161":0,"162":7,"163":7,"164":7,"165":3,"166":3,"167":4,"168":3,"169":3,"170":1,"171":1,"172":7,"173":7,"174":9,"175":7,"176":1,"177":7,"178":1,"179":1,"180":1,"181":7,"182":1,"183":4,"184":4,"185":1,"186":4,"187":4,"188":28,"189":28,"190":28,"191":28,"192":4},"f":{"0":0,"1":0,"2":0,"3":0,"4":0,"5":0,"6":0,"7":0,"8":0,"9":0,"10":0,"11":0,"12":0,"13":0,"14":0,"15":0,"16":0,"17":0,"18":0,"19":54,"20":18,"21":2,"22":20,"23":7,"24":6,"25":5,"26":10,"27":6,"28":10,"29":8,"30":9,"31":16,"32":9,"33":7,"34":4,"35":1},"b":{"0":[0,0],"1":[0,0],"2":[0,0],"3":[0,0],"4":[0,0],"5":[0,0],"6":[0,0],"7":[0,0],"8":[0,0],"9":[0,0],"10":[0,0],"11":[0,0],"12":[0,0],"13":[0,0],"14":[2,1],"15":[1,19],"16":[1,5],"17":[6,4],"18":[5,1],"19":[5,1],"20":[7],"21":[1,8],"22":[1,7],"23":[0,7],"24":[7,7],"25":[3,4],"26":[2,1],"27":[3,1],"28":[3,0],"29":[1,0],"30":[9,7],"31":[1,6],"32":[7,0],"33":[28,27]},"_coverageSchema":"1a1c01bbd47fc00a2c39e90264f33305004495a9","hash":"9a92c46ccb11fb006bf2ebe35368bdb128af3ca5"}
,"D:\\disertatie\\Train-Eat-Track\\src\\services\\nutritionCacheService.ts": {"path":"D:\\disertatie\\Train-Eat-Track\\src\\services\\nutritionCacheService.ts","statementMap":{"0":{"start":{"line":15,"column":25},"end":{"line":15,"column":34}},"1":{"start":{"line":16,"column":33},"end":{"line":16,"column":43}},"2":{"start":{"line":18,"column":17},"end":{"line":18,"column":56}},"3":{"start":{"line":19,"column":28},"end":{"line":19,"column":53}},"4":{"start":{"line":21,"column":15},"end":{"line":24,"column":1}},"5":{"start":{"line":22,"column":17},"end":{"line":22,"column":32}},"6":{"start":{"line":23,"column":2},"end":{"line":23,"column":70}},"7":{"start":{"line":26,"column":23},"end":{"line":43,"column":1}},"8":{"start":{"line":27,"column":25},"end":{"line":27,"column":61}},"9":{"start":{"line":28,"column":2},"end":{"line":42,"column":4}},"10":{"start":{"line":35,"column":39},"end":{"line":40,"column":9}},"11":{"start":{"line":38,"column":40},"end":{"line":38,"column":51}},"12":{"start":{"line":45,"column":23},"end":{"line":54,"column":1}},"13":{"start":{"line":46,"column":25},"end":{"line":46,"column":59}},"14":{"start":{"line":47,"column":2},"end":{"line":53,"column":5}},"15":{"start":{"line":56,"column":20},"end":{"line":57,"column":33}},"16":{"start":{"line":57,"column":2},"end":{"line":57,"column":33}},"17":{"start":{"line":59,"column":16},"end":{"line":60,"column":49}},"18":{"start":{"line":60,"column":2},"end":{"line":60,"column":49}},"19":{"start":{"line":62,"column":43},"end":{"line":62,"column":59}},"20":{"start":{"line":63,"column":50},"end":{"line":63,"column":74}},"21":{"start":{"line":65,"column":39},"end":{"line":84,"column":1}},"22":{"start":{"line":70,"column":21},"end":{"line":70,"column":60}},"23":{"start":{"line":71,"column":2},"end":{"line":73,"column":3}},"24":{"start":{"line":72,"column":4},"end":{"line":72,"column":42}},"25":{"start":{"line":75,"column":16},"end":{"line":75,"column":35}},"26":{"start":{"line":76,"column":2},"end":{"line":78,"column":3}},"27":{"start":{"line":77,"column":4},"end":{"line":77,"column":42}},"28":{"start":{"line":80,"column":2},"end":{"line":83,"column":4}},"29":{"start":{"line":86,"column":39},"end":{"line":107,"column":1}},"30":{"start":{"line":91,"column":14},"end":{"line":91,"column":39}},"31":{"start":{"line":92,"column":21},"end":{"line":92,"column":52}},"32":{"start":{"line":93,"column":20},"end":{"line":93,"column":46}},"33":{"start":{"line":94,"column":19},"end":{"line":94,"column":36}},"34":{"start":{"line":96,"column":2},"end":{"line":99,"column":3}},"35":{"start":{"line":97,"column":4},"end":{"line":97,"column":36}},"36":{"start":{"line":98,"column":4},"end":{"line":98,"column":45}},"37":{"start":{"line":101,"column":2},"end":{"line":105,"column":5}},"38":{"start":{"line":106,"column":2},"end":{"line":106,"column":43}},"39":{"start":{"line":109,"column":44},"end":{"line":111,"column":1}},"40":{"start":{"line":110,"column":2},"end":{"line":110,"column":45}},"41":{"start":{"line":113,"column":41},"end":{"line":128,"column":1}},"42":{"start":{"line":114,"column":2},"end":{"line":118,"column":3}},"43":{"start":{"line":115,"column":4},"end":{"line":115,"column":21}},"44":{"start":{"line":116,"column":4},"end":{"line":116,"column":32}},"45":{"start":{"line":117,"column":4},"end":{"line":117,"column":11}},"46":{"start":{"line":120,"column":17},"end":{"line":120,"column":29}},"47":{"start":{"line":121,"column":2},"end":{"line":125,"column":3}},"48":{"start":{"line":122,"column":4},"end":{"line":124,"column":5}},"49":{"start":{"line":123,"column":6},"end":{"line":123,"column":27}},"50":{"start":{"line":127,"column":2},"end":{"line":127,"column":37}},"51":{"start":{"line":130,"column":42},"end":{"line":138,"column":1}},"52":{"start":{"line":134,"column":2},"end":{"line":134,"column":31}},"53":{"start":{"line":134,"column":19},"end":{"line":134,"column":31}},"54":{"start":{"line":135,"column":24},"end":{"line":135,"column":55}},"55":{"start":{"line":136,"column":2},"end":{"line":136,"column":34}},"56":{"start":{"line":136,"column":22},"end":{"line":136,"column":34}},"57":{"start":{"line":137,"column":2},"end":{"line":137,"column":64}},"58":{"start":{"line":140,"column":42},"end":{"line":145,"column":1}},"59":{"start":{"line":144,"column":2},"end":{"line":144,"column":45}}},"fnMap":{"0":{"name":"(anonymous_0)","decl":{"start":{"line":21,"column":15},"end":{"line":21,"column":16}},"loc":{"start":{"line":21,"column":63},"end":{"line":24,"column":1}},"line":21},"1":{"name":"(anonymous_1)","decl":{"start":{"line":26,"column":23},"end":{"line":26,"column":24}},"loc":{"start":{"line":26,"column":90},"end":{"line":43,"column":1}},"line":26},"2":{"name":"(anonymous_2)","decl":{"start":{"line":35,"column":28},"end":{"line":35,"column":29}},"loc":{"start":{"line":35,"column":39},"end":{"line":40,"column":9}},"line":35},"3":{"name":"(anonymous_3)","decl":{"start":{"line":38,"column":29},"end":{"line":38,"column":30}},"loc":{"start":{"line":38,"column":40},"end":{"line":38,"column":51}},"line":38},"4":{"name":"(anonymous_4)","decl":{"start":{"line":45,"column":23},"end":{"line":45,"column":24}},"loc":{"start":{"line":45,"column":62},"end":{"line":54,"column":1}},"line":45},"5":{"name":"(anonymous_5)","decl":{"start":{"line":56,"column":20},"end":{"line":56,"column":21}},"loc":{"start":{"line":57,"column":2},"end":{"line":57,"column":33}},"line":57},"6":{"name":"(anonymous_6)","decl":{"start":{"line":59,"column":16},"end":{"line":59,"column":17}},"loc":{"start":{"line":60,"column":2},"end":{"line":60,"column":49}},"line":60},"7":{"name":"(anonymous_7)","decl":{"start":{"line":65,"column":39},"end":{"line":65,"column":40}},"loc":{"start":{"line":69,"column":28},"end":{"line":84,"column":1}},"line":69},"8":{"name":"(anonymous_8)","decl":{"start":{"line":86,"column":39},"end":{"line":86,"column":40}},"loc":{"start":{"line":90,"column":45},"end":{"line":107,"column":1}},"line":90},"9":{"name":"(anonymous_9)","decl":{"start":{"line":109,"column":44},"end":{"line":109,"column":45}},"loc":{"start":{"line":109,"column":76},"end":{"line":111,"column":1}},"line":109},"10":{"name":"(anonymous_10)","decl":{"start":{"line":113,"column":41},"end":{"line":113,"column":42}},"loc":{"start":{"line":113,"column":62},"end":{"line":128,"column":1}},"line":113},"11":{"name":"(anonymous_11)","decl":{"start":{"line":130,"column":42},"end":{"line":130,"column":43}},"loc":{"start":{"line":133,"column":14},"end":{"line":138,"column":1}},"line":133},"12":{"name":"(anonymous_12)","decl":{"start":{"line":140,"column":42},"end":{"line":140,"column":43}},"loc":{"start":{"line":143,"column":5},"end":{"line":145,"column":1}},"line":143}},"branchMap":{"0":{"loc":{"start":{"line":23,"column":9},"end":{"line":23,"column":69}},"type":"cond-expr","locations":[{"start":{"line":23,"column":42},"end":{"line":23,"column":60}},{"start":{"line":23,"column":63},"end":{"line":23,"column":69}}],"line":23},"1":{"loc":{"start":{"line":31,"column":15},"end":{"line":33,"column":17}},"type":"cond-expr","locations":[{"start":{"line":32,"column":8},"end":{"line":32,"column":51}},{"start":{"line":33,"column":8},"end":{"line":33,"column":17}}],"line":31},"2":{"loc":{"start":{"line":34,"column":11},"end":{"line":41,"column":10}},"type":"cond-expr","locations":[{"start":{"line":35,"column":8},"end":{"line":40,"column":11}},{"start":{"line":41,"column":8},"end":{"line":41,"column":10}}],"line":34},"3":{"loc":{"start":{"line":37,"column":17},"end":{"line":39,"column":16}},"type":"cond-expr","locations":[{"start":{"line":38,"column":14},"end":{"line":38,"column":53}},{"start":{"line":39,"column":14},"end":{"line":39,"column":16}}],"line":37},"4":{"loc":{"start":{"line":50,"column":15},"end":{"line":52,"column":12}},"type":"cond-expr","locations":[{"start":{"line":51,"column":8},"end":{"line":51,"column":65}},{"start":{"line":52,"column":8},"end":{"line":52,"column":12}}],"line":50},"5":{"loc":{"start":{"line":71,"column":2},"end":{"line":73,"column":3}},"type":"if","locations":[{"start":{"line":71,"column":2},"end":{"line":73,"column":3}},{"start":{},"end":{}}],"line":71},"6":{"loc":{"start":{"line":76,"column":2},"end":{"line":78,"column":3}},"type":"if","locations":[{"start":{"line":76,"column":2},"end":{"line":78,"column":3}},{"start":{},"end":{}}],"line":76},"7":{"loc":{"start":{"line":76,"column":6},"end":{"line":76,"column":36}},"type":"binary-expr","locations":[{"start":{"line":76,"column":6},"end":{"line":76,"column":12}},{"start":{"line":76,"column":16},"end":{"line":76,"column":36}}],"line":76},"8":{"loc":{"start":{"line":96,"column":2},"end":{"line":99,"column":3}},"type":"if","locations":[{"start":{"line":96,"column":2},"end":{"line":99,"column":3}},{"start":{},"end":{}}],"line":96},"9":{"loc":{"start":{"line":96,"column":6},"end":{"line":96,"column":50}},"type":"binary-expr","locations":[{"start":{"line":96,"column":6},"end":{"line":96,"column":14}},{"start":{"line":96,"column":18},"end":{"line":96,"column":50}}],"line":96},"10":{"loc":{"start":{"line":114,"column":2},"end":{"line":118,"column":3}},"type":"if","locations":[{"start":{"line":114,"column":2},"end":{"line":118,"column":3}},{"start":{},"end":{}}],"line":114},"11":{"loc":{"start":{"line":122,"column":4},"end":{"line":124,"column":5}},"type":"if","locations":[{"start":{"line":122,"column":4},"end":{"line":124,"column":5}},{"start":{},"end":{}}],"line":122},"12":{"loc":{"start":{"line":132,"column":2},"end":{"line":132,"column":21}},"type":"default-arg","locations":[{"start":{"line":132,"column":16},"end":{"line":132,"column":21}}],"line":132},"13":{"loc":{"start":{"line":134,"column":2},"end":{"line":134,"column":31}},"type":"if","locations":[{"start":{"line":134,"column":2},"end":{"line":134,"column":31}},{"start":{},"end":{}}],"line":134},"14":{"loc":{"start":{"line":136,"column":2},"end":{"line":136,"column":34}},"type":"if","locations":[{"start":{"line":136,"column":2},"end":{"line":136,"column":34}},{"start":{},"end":{}}],"line":136},"15":{"loc":{"start":{"line":142,"column":2},"end":{"line":142,"column":32}},"type":"default-arg","locations":[{"start":{"line":142,"column":22},"end":{"line":142,"column":32}}],"line":142}},"s":{"0":1,"1":1,"2":1,"3":1,"4":1,"5":38,"6":38,"7":1,"8":22,"9":22,"10":3,"11":0,"12":1,"13":16,"14":16,"15":1,"16":30,"17":1,"18":7,"19":1,"20":1,"21":1,"22":12,"23":12,"24":5,"25":7,"26":7,"27":1,"28":6,"29":1,"30":16,"31":16,"32":16,"33":16,"34":16,"35":1,"36":1,"37":15,"38":15,"39":1,"40":2,"41":1,"42":19,"43":18,"44":18,"45":18,"46":1,"47":1,"48":2,"49":1,"50":1,"51":1,"52":5,"53":1,"54":4,"55":4,"56":1,"57":3,"58":1,"59":4},"f":{"0":38,"1":22,"2":3,"3":0,"4":16,"5":30,"6":7,"7":12,"8":16,"9":2,"10":19,"11":5,"12":4},"b":{"0":[0,38],"1":[0,22],"2":[22,0],"3":[3,0],"4":[0,16],"5":[5,7],"6":[1,6],"7":[7,2],"8":[1,15],"9":[16,2],"10":[18,1],"11":[1,1],"12":[4],"13":[1,4],"14":[1,3],"15":[3]},"_coverageSchema":"1a1c01bbd47fc00a2c39e90264f33305004495a9","hash":"916cfd72ea09be9f3a30d8b52463b341568185c5"}
,"D:\\disertatie\\Train-Eat-Track\\src\\services\\nutritionService.ts": {"path":"D:\\disertatie\\Train-Eat-Track\\src\\services\\nutritionService.ts","statementMap":{"0":{"start":{"line":21,"column":24},"end":{"line":21,"column":35}},"1":{"start":{"line":22,"column":26},"end":{"line":22,"column":30}},"2":{"start":{"line":24,"column":20},"end":{"line":44,"column":1}},"3":{"start":{"line":28,"column":56},"end":{"line":28,"column":60}},"4":{"start":{"line":30,"column":2},"end":{"line":43,"column":3}},"5":{"start":{"line":31,"column":4},"end":{"line":38,"column":7}},"6":{"start":{"line":34,"column":8},"end":{"line":36,"column":30}},"7":{"start":{"line":35,"column":10},"end":{"line":35,"column":87}},"8":{"start":{"line":40,"column":4},"end":{"line":42,"column":5}},"9":{"start":{"line":41,"column":6},"end":{"line":41,"column":30}},"10":{"start":{"line":46,"column":22},"end":{"line":50,"column":1}},"11":{"start":{"line":47,"column":21},"end":{"line":47,"column":35}},"12":{"start":{"line":48,"column":2},"end":{"line":48,"column":34}},"13":{"start":{"line":49,"column":2},"end":{"line":49,"column":20}},"14":{"start":{"line":52,"column":26},"end":{"line":57,"column":1}},"15":{"start":{"line":53,"column":21},"end":{"line":53,"column":40}},"16":{"start":{"line":54,"column":2},"end":{"line":56,"column":23}},"17":{"start":{"line":59,"column":27},"end":{"line":66,"column":1}},"18":{"start":{"line":60,"column":2},"end":{"line":62,"column":3}},"19":{"start":{"line":61,"column":4},"end":{"line":61,"column":26}},"20":{"start":{"line":64,"column":17},"end":{"line":64,"column":39}},"21":{"start":{"line":65,"column":2},"end":{"line":65,"column":60}},"22":{"start":{"line":68,"column":26},"end":{"line":78,"column":1}},"23":{"start":{"line":69,"column":24},"end":{"line":69,"column":70}},"24":{"start":{"line":70,"column":20},"end":{"line":70,"column":104}},"25":{"start":{"line":72,"column":2},"end":{"line":77,"column":22}},"26":{"start":{"line":80,"column":30},"end":{"line":84,"column":1}},"27":{"start":{"line":82,"column":4},"end":{"line":82,"column":74}},"28":{"start":{"line":83,"column":2},"end":{"line":83,"column":63}},"29":{"start":{"line":86,"column":29},"end":{"line":100,"column":1}},"30":{"start":{"line":87,"column":2},"end":{"line":87,"column":45}},"31":{"start":{"line":87,"column":33},"end":{"line":87,"column":45}},"32":{"start":{"line":89,"column":38},"end":{"line":89,"column":54}},"33":{"start":{"line":90,"column":15},"end":{"line":90,"column":49}},"34":{"start":{"line":91,"column":16},"end":{"line":91,"column":51}},"35":{"start":{"line":92,"column":14},"end":{"line":92,"column":47}},"36":{"start":{"line":94,"column":2},"end":{"line":96,"column":3}},"37":{"start":{"line":95,"column":4},"end":{"line":95,"column":16}},"38":{"start":{"line":98,"column":17},"end":{"line":98,"column":47}},"39":{"start":{"line":99,"column":2},"end":{"line":99,"column":56}},"40":{"start":{"line":102,"column":29},"end":{"line":117,"column":1}},"41":{"start":{"line":103,"column":2},"end":{"line":105,"column":3}},"42":{"start":{"line":104,"column":4},"end":{"line":104,"column":26}},"43":{"start":{"line":107,"column":2},"end":{"line":109,"column":3}},"44":{"start":{"line":108,"column":4},"end":{"line":108,"column":56}},"45":{"start":{"line":111,"column":2},"end":{"line":114,"column":3}},"46":{"start":{"line":112,"column":19},"end":{"line":112,"column":34}},"47":{"start":{"line":113,"column":4},"end":{"line":113,"column":58}},"48":{"start":{"line":116,"column":2},"end":{"line":116,"column":14}},"49":{"start":{"line":119,"column":31},"end":{"line":136,"column":1}},"50":{"start":{"line":123,"column":13},"end":{"line":123,"column":20}},"51":{"start":{"line":124,"column":22},"end":{"line":124,"column":70}},"52":{"start":{"line":126,"column":2},"end":{"line":133,"column":3}},"53":{"start":{"line":126,"column":19},"end":{"line":126,"column":20}},"54":{"start":{"line":127,"column":20},"end":{"line":127,"column":31}},"55":{"start":{"line":128,"column":29},"end":{"line":128,"column":80}},"56":{"start":{"line":129,"column":4},"end":{"line":132,"column":5}},"57":{"start":{"line":130,"column":6},"end":{"line":130,"column":21}},"58":{"start":{"line":131,"column":6},"end":{"line":131,"column":39}},"59":{"start":{"line":135,"column":2},"end":{"line":135,"column":14}},"60":{"start":{"line":139,"column":25},"end":{"line":140,"column":57}},"61":{"start":{"line":140,"column":2},"end":{"line":140,"column":57}},"62":{"start":{"line":143,"column":25},"end":{"line":144,"column":57}},"63":{"start":{"line":144,"column":2},"end":{"line":144,"column":57}},"64":{"start":{"line":146,"column":33},"end":{"line":181,"column":1}},"65":{"start":{"line":150,"column":2},"end":{"line":180,"column":3}},"66":{"start":{"line":151,"column":20},"end":{"line":151,"column":36}},"67":{"start":{"line":153,"column":14},"end":{"line":156,"column":5}},"68":{"start":{"line":158,"column":26},"end":{"line":161,"column":5}},"69":{"start":{"line":163,"column":4},"end":{"line":169,"column":5}},"70":{"start":{"line":164,"column":24},"end":{"line":164,"column":72}},"71":{"start":{"line":165,"column":6},"end":{"line":168,"column":8}},"72":{"start":{"line":171,"column":4},"end":{"line":174,"column":6}},"73":{"start":{"line":176,"column":4},"end":{"line":178,"column":5}},"74":{"start":{"line":177,"column":6},"end":{"line":177,"column":81}},"75":{"start":{"line":179,"column":4},"end":{"line":179,"column":74}},"76":{"start":{"line":183,"column":34},"end":{"line":264,"column":1}},"77":{"start":{"line":186,"column":2},"end":{"line":263,"column":3}},"78":{"start":{"line":187,"column":19},"end":{"line":187,"column":35}},"79":{"start":{"line":188,"column":4},"end":{"line":190,"column":5}},"80":{"start":{"line":189,"column":6},"end":{"line":189,"column":78}},"81":{"start":{"line":192,"column":17},"end":{"line":192,"column":41}},"82":{"start":{"line":193,"column":20},"end":{"line":193,"column":36}},"83":{"start":{"line":195,"column":4},"end":{"line":212,"column":5}},"84":{"start":{"line":196,"column":21},"end":{"line":196,"column":59}},"85":{"start":{"line":197,"column":66},"end":{"line":199,"column":7}},"86":{"start":{"line":201,"column":6},"end":{"line":209,"column":8}},"87":{"start":{"line":211,"column":6},"end":{"line":211,"column":59}},"88":{"start":{"line":214,"column":14},"end":{"line":217,"column":5}},"89":{"start":{"line":218,"column":26},"end":{"line":221,"column":5}},"90":{"start":{"line":223,"column":4},"end":{"line":241,"column":5}},"91":{"start":{"line":224,"column":24},"end":{"line":224,"column":72}},"92":{"start":{"line":225,"column":21},"end":{"line":225,"column":59}},"93":{"start":{"line":226,"column":66},"end":{"line":228,"column":7}},"94":{"start":{"line":230,"column":6},"end":{"line":238,"column":8}},"95":{"start":{"line":240,"column":6},"end":{"line":240,"column":59}},"96":{"start":{"line":244,"column":54},"end":{"line":244,"column":63}},"97":{"start":{"line":246,"column":19},"end":{"line":255,"column":5}},"98":{"start":{"line":257,"column":4},"end":{"line":257,"column":54}},"99":{"start":{"line":259,"column":4},"end":{"line":261,"column":5}},"100":{"start":{"line":260,"column":6},"end":{"line":260,"column":79}},"101":{"start":{"line":262,"column":4},"end":{"line":262,"column":74}},"102":{"start":{"line":266,"column":39},"end":{"line":321,"column":1}},"103":{"start":{"line":269,"column":2},"end":{"line":320,"column":3}},"104":{"start":{"line":270,"column":14},"end":{"line":272,"column":5}},"105":{"start":{"line":274,"column":26},"end":{"line":277,"column":5}},"106":{"start":{"line":278,"column":47},"end":{"line":278,"column":49}},"107":{"start":{"line":280,"column":4},"end":{"line":282,"column":7}},"108":{"start":{"line":281,"column":6},"end":{"line":281,"column":87}},"109":{"start":{"line":284,"column":4},"end":{"line":312,"column":7}},"110":{"start":{"line":285,"column":23},"end":{"line":285,"column":65}},"111":{"start":{"line":286,"column":24},"end":{"line":286,"column":67}},"112":{"start":{"line":287,"column":22},"end":{"line":291,"column":17}},"113":{"start":{"line":292,"column":23},"end":{"line":296,"column":17}},"114":{"start":{"line":298,"column":6},"end":{"line":300,"column":7}},"115":{"start":{"line":299,"column":8},"end":{"line":299,"column":34}},"116":{"start":{"line":302,"column":26},"end":{"line":305,"column":17}},"117":{"start":{"line":306,"column":27},"end":{"line":309,"column":17}},"118":{"start":{"line":311,"column":6},"end":{"line":311,"column":40}},"119":{"start":{"line":314,"column":4},"end":{"line":314,"column":53}},"120":{"start":{"line":316,"column":4},"end":{"line":318,"column":5}},"121":{"start":{"line":317,"column":6},"end":{"line":317,"column":83}},"122":{"start":{"line":319,"column":4},"end":{"line":319,"column":74}},"123":{"start":{"line":323,"column":44},"end":{"line":412,"column":1}},"124":{"start":{"line":326,"column":39},"end":{"line":361,"column":3}},"125":{"start":{"line":327,"column":26},"end":{"line":329,"column":5}},"126":{"start":{"line":331,"column":26},"end":{"line":334,"column":5}},"127":{"start":{"line":336,"column":4},"end":{"line":338,"column":5}},"128":{"start":{"line":337,"column":6},"end":{"line":337,"column":18}},"129":{"start":{"line":340,"column":28},"end":{"line":340,"column":52}},"130":{"start":{"line":342,"column":4},"end":{"line":354,"column":7}},"131":{"start":{"line":343,"column":22},"end":{"line":343,"column":36}},"132":{"start":{"line":344,"column":26},"end":{"line":344,"column":64}},"133":{"start":{"line":345,"column":23},"end":{"line":345,"column":58}},"134":{"start":{"line":346,"column":24},"end":{"line":346,"column":47}},"135":{"start":{"line":348,"column":6},"end":{"line":348,"column":29}},"136":{"start":{"line":348,"column":22},"end":{"line":348,"column":29}},"137":{"start":{"line":349,"column":25},"end":{"line":349,"column":49}},"138":{"start":{"line":350,"column":24},"end":{"line":350,"column":44}},"139":{"start":{"line":351,"column":6},"end":{"line":353,"column":7}},"140":{"start":{"line":352,"column":8},"end":{"line":352,"column":38}},"141":{"start":{"line":356,"column":4},"end":{"line":358,"column":5}},"142":{"start":{"line":357,"column":6},"end":{"line":357,"column":18}},"143":{"start":{"line":360,"column":4},"end":{"line":360,"column":39}},"144":{"start":{"line":363,"column":2},"end":{"line":411,"column":3}},"145":{"start":{"line":364,"column":14},"end":{"line":368,"column":5}},"146":{"start":{"line":370,"column":26},"end":{"line":373,"column":5}},"147":{"start":{"line":375,"column":4},"end":{"line":377,"column":5}},"148":{"start":{"line":376,"column":6},"end":{"line":376,"column":18}},"149":{"start":{"line":379,"column":20},"end":{"line":379,"column":41}},"150":{"start":{"line":380,"column":19},"end":{"line":380,"column":77}},"151":{"start":{"line":381,"column":4},"end":{"line":381,"column":70}},"152":{"start":{"line":384,"column":6},"end":{"line":385,"column":64}},"153":{"start":{"line":387,"column":4},"end":{"line":392,"column":5}},"154":{"start":{"line":388,"column":6},"end":{"line":390,"column":7}},"155":{"start":{"line":389,"column":8},"end":{"line":389,"column":91}},"156":{"start":{"line":391,"column":6},"end":{"line":391,"column":18}},"157":{"start":{"line":394,"column":4},"end":{"line":410,"column":5}},"158":{"start":{"line":395,"column":35},"end":{"line":395,"column":71}},"159":{"start":{"line":396,"column":6},"end":{"line":400,"column":7}},"160":{"start":{"line":397,"column":8},"end":{"line":399,"column":10}},"161":{"start":{"line":401,"column":6},"end":{"line":401,"column":34}},"162":{"start":{"line":403,"column":6},"end":{"line":408,"column":7}},"163":{"start":{"line":404,"column":8},"end":{"line":407,"column":10}},"164":{"start":{"line":409,"column":6},"end":{"line":409,"column":18}},"165":{"start":{"line":414,"column":36},"end":{"line":454,"column":1}},"166":{"start":{"line":423,"column":2},"end":{"line":453,"column":3}},"167":{"start":{"line":424,"column":20},"end":{"line":424,"column":42}},"168":{"start":{"line":426,"column":14},"end":{"line":429,"column":5}},"169":{"start":{"line":431,"column":26},"end":{"line":434,"column":5}},"170":{"start":{"line":436,"column":4},"end":{"line":445,"column":5}},"171":{"start":{"line":437,"column":21},"end":{"line":437,"column":71}},"172":{"start":{"line":438,"column":6},"end":{"line":444,"column":8}},"173":{"start":{"line":447,"column":4},"end":{"line":447,"column":64}},"174":{"start":{"line":449,"column":4},"end":{"line":451,"column":5}},"175":{"start":{"line":450,"column":6},"end":{"line":450,"column":71}},"176":{"start":{"line":452,"column":4},"end":{"line":452,"column":74}},"177":{"start":{"line":456,"column":50},"end":{"line":456,"column":54}},"178":{"start":{"line":457,"column":81},"end":{"line":457,"column":85}},"179":{"start":{"line":459,"column":37},"end":{"line":464,"column":1}},"180":{"start":{"line":460,"column":2},"end":{"line":462,"column":3}},"181":{"start":{"line":461,"column":4},"end":{"line":461,"column":43}},"182":{"start":{"line":463,"column":2},"end":{"line":463,"column":19}},"183":{"start":{"line":466,"column":48},"end":{"line":502,"column":1}},"184":{"start":{"line":469,"column":2},"end":{"line":469,"column":58}},"185":{"start":{"line":469,"column":29},"end":{"line":469,"column":58}},"186":{"start":{"line":471,"column":2},"end":{"line":499,"column":7}},"187":{"start":{"line":472,"column":4},"end":{"line":498,"column":5}},"188":{"start":{"line":473,"column":28},"end":{"line":475,"column":8}},"189":{"start":{"line":476,"column":31},"end":{"line":476,"column":71}},"190":{"start":{"line":477,"column":27},"end":{"line":477,"column":57}},"191":{"start":{"line":479,"column":6},"end":{"line":482,"column":7}},"192":{"start":{"line":480,"column":8},"end":{"line":480,"column":72}},"193":{"start":{"line":481,"column":8},"end":{"line":481,"column":15}},"194":{"start":{"line":484,"column":27},"end":{"line":484,"column":69}},"195":{"start":{"line":485,"column":26},"end":{"line":485,"column":86}},"196":{"start":{"line":486,"column":6},"end":{"line":486,"column":65}},"197":{"start":{"line":488,"column":6},"end":{"line":491,"column":9}},"198":{"start":{"line":493,"column":6},"end":{"line":495,"column":7}},"199":{"start":{"line":494,"column":8},"end":{"line":494,"column":87}},"200":{"start":{"line":497,"column":6},"end":{"line":497,"column":35}},"201":{"start":{"line":501,"column":2},"end":{"line":501,"column":31}},"202":{"start":{"line":504,"column":46},"end":{"line":506,"column":1}},"203":{"start":{"line":505,"column":2},"end":{"line":505,"column":57}},"204":{"start":{"line":505,"column":29},"end":{"line":505,"column":57}}},"fnMap":{"0":{"name":"(anonymous_0)","decl":{"start":{"line":24,"column":20},"end":{"line":24,"column":21}},"loc":{"start":{"line":27,"column":17},"end":{"line":44,"column":1}},"line":27},"1":{"name":"(anonymous_1)","decl":{"start":{"line":33,"column":21},"end":{"line":33,"column":22}},"loc":{"start":{"line":33,"column":36},"end":{"line":37,"column":7}},"line":33},"2":{"name":"(anonymous_2)","decl":{"start":{"line":34,"column":31},"end":{"line":34,"column":32}},"loc":{"start":{"line":34,"column":37},"end":{"line":36,"column":9}},"line":34},"3":{"name":"(anonymous_3)","decl":{"start":{"line":46,"column":22},"end":{"line":46,"column":23}},"loc":{"start":{"line":46,"column":44},"end":{"line":50,"column":1}},"line":46},"4":{"name":"(anonymous_4)","decl":{"start":{"line":52,"column":26},"end":{"line":52,"column":27}},"loc":{"start":{"line":52,"column":50},"end":{"line":57,"column":1}},"line":52},"5":{"name":"(anonymous_5)","decl":{"start":{"line":59,"column":27},"end":{"line":59,"column":28}},"loc":{"start":{"line":59,"column":69},"end":{"line":66,"column":1}},"line":59},"6":{"name":"(anonymous_6)","decl":{"start":{"line":68,"column":26},"end":{"line":68,"column":27}},"loc":{"start":{"line":68,"column":95},"end":{"line":78,"column":1}},"line":68},"7":{"name":"(anonymous_7)","decl":{"start":{"line":80,"column":30},"end":{"line":80,"column":31}},"loc":{"start":{"line":80,"column":76},"end":{"line":84,"column":1}},"line":80},"8":{"name":"(anonymous_8)","decl":{"start":{"line":86,"column":29},"end":{"line":86,"column":30}},"loc":{"start":{"line":86,"column":62},"end":{"line":100,"column":1}},"line":86},"9":{"name":"(anonymous_9)","decl":{"start":{"line":102,"column":29},"end":{"line":102,"column":30}},"loc":{"start":{"line":102,"column":62},"end":{"line":117,"column":1}},"line":102},"10":{"name":"(anonymous_10)","decl":{"start":{"line":119,"column":31},"end":{"line":119,"column":32}},"loc":{"start":{"line":122,"column":38},"end":{"line":136,"column":1}},"line":122},"11":{"name":"(anonymous_11)","decl":{"start":{"line":139,"column":25},"end":{"line":139,"column":26}},"loc":{"start":{"line":140,"column":2},"end":{"line":140,"column":57}},"line":140},"12":{"name":"(anonymous_12)","decl":{"start":{"line":143,"column":25},"end":{"line":143,"column":26}},"loc":{"start":{"line":144,"column":2},"end":{"line":144,"column":57}},"line":144},"13":{"name":"(anonymous_13)","decl":{"start":{"line":146,"column":33},"end":{"line":146,"column":34}},"loc":{"start":{"line":149,"column":28},"end":{"line":181,"column":1}},"line":149},"14":{"name":"(anonymous_14)","decl":{"start":{"line":183,"column":34},"end":{"line":183,"column":35}},"loc":{"start":{"line":185,"column":28},"end":{"line":264,"column":1}},"line":185},"15":{"name":"(anonymous_15)","decl":{"start":{"line":266,"column":39},"end":{"line":266,"column":40}},"loc":{"start":{"line":268,"column":28},"end":{"line":321,"column":1}},"line":268},"16":{"name":"(anonymous_16)","decl":{"start":{"line":280,"column":26},"end":{"line":280,"column":27}},"loc":{"start":{"line":280,"column":39},"end":{"line":282,"column":5}},"line":280},"17":{"name":"(anonymous_17)","decl":{"start":{"line":284,"column":26},"end":{"line":284,"column":27}},"loc":{"start":{"line":284,"column":43},"end":{"line":312,"column":5}},"line":284},"18":{"name":"(anonymous_18)","decl":{"start":{"line":323,"column":44},"end":{"line":323,"column":45}},"loc":{"start":{"line":325,"column":27},"end":{"line":412,"column":1}},"line":325},"19":{"name":"(anonymous_19)","decl":{"start":{"line":326,"column":39},"end":{"line":326,"column":40}},"loc":{"start":{"line":326,"column":73},"end":{"line":361,"column":3}},"line":326},"20":{"name":"(anonymous_20)","decl":{"start":{"line":342,"column":26},"end":{"line":342,"column":27}},"loc":{"start":{"line":342,"column":39},"end":{"line":354,"column":5}},"line":342},"21":{"name":"(anonymous_21)","decl":{"start":{"line":414,"column":36},"end":{"line":414,"column":37}},"loc":{"start":{"line":422,"column":28},"end":{"line":454,"column":1}},"line":422},"22":{"name":"(anonymous_22)","decl":{"start":{"line":459,"column":37},"end":{"line":459,"column":38}},"loc":{"start":{"line":459,"column":84},"end":{"line":464,"column":1}},"line":459},"23":{"name":"(anonymous_23)","decl":{"start":{"line":466,"column":48},"end":{"line":466,"column":49}},"loc":{"start":{"line":468,"column":20},"end":{"line":502,"column":1}},"line":468},"24":{"name":"(anonymous_24)","decl":{"start":{"line":471,"column":27},"end":{"line":471,"column":28}},"loc":{"start":{"line":471,"column":39},"end":{"line":499,"column":3}},"line":471},"25":{"name":"(anonymous_25)","decl":{"start":{"line":504,"column":46},"end":{"line":504,"column":47}},"loc":{"start":{"line":504,"column":73},"end":{"line":506,"column":1}},"line":504}},"branchMap":{"0":{"loc":{"start":{"line":40,"column":4},"end":{"line":42,"column":5}},"type":"if","locations":[{"start":{"line":40,"column":4},"end":{"line":42,"column":5}},{"start":{},"end":{}}],"line":40},"1":{"loc":{"start":{"line":60,"column":2},"end":{"line":62,"column":3}},"type":"if","locations":[{"start":{"line":60,"column":2},"end":{"line":62,"column":3}},{"start":{},"end":{}}],"line":60},"2":{"loc":{"start":{"line":65,"column":9},"end":{"line":65,"column":59}},"type":"cond-expr","locations":[{"start":{"line":65,"column":42},"end":{"line":65,"column":50}},{"start":{"lin
[...]
line":6,"column":18},"end":{"line":6,"column":44}},"3":{"start":{"line":7,"column":20},"end":{"line":7,"column":53}},"4":{"start":{"line":8,"column":29},"end":{"line":8,"column":41}},"5":{"start":{"line":10,"column":4},"end":{"line":24,"column":5}},"6":{"start":{"line":11,"column":8},"end":{"line":17,"column":9}},"7":{"start":{"line":12,"column":12},"end":{"line":12,"column":67}},"8":{"start":{"line":13,"column":15},"end":{"line":17,"column":9}},"9":{"start":{"line":14,"column":12},"end":{"line":14,"column":45}},"10":{"start":{"line":16,"column":12},"end":{"line":16,"column":32}},"11":{"start":{"line":19,"column":8},"end":{"line":23,"column":9}},"12":{"start":{"line":20,"column":12},"end":{"line":20,"column":56}},"13":{"start":{"line":22,"column":12},"end":{"line":22,"column":34}}},"fnMap":{"0":{"name":"formatDuration","decl":{"start":{"line":1,"column":16},"end":{"line":1,"column":30}},"loc":{"start":{"line":1,"column":56},"end":{"line":25,"column":1}},"line":1}},"branchMap":{"0":{"loc":{"start":{"line":2,"column":4},"end":{"line":4,"column":5}},"type":"if","locations":[{"start":{"line":2,"column":4},"end":{"line":4,"column":5}},{"start":{},"end":{}}],"line":2},"1":{"loc":{"start":{"line":10,"column":4},"end":{"line":24,"column":5}},"type":"if","locations":[{"start":{"line":10,"column":4},"end":{"line":24,"column":5}},{"start":{"line":18,"column":11},"end":{"line":24,"column":5}}],"line":10},"2":{"loc":{"start":{"line":11,"column":8},"end":{"line":17,"column":9}},"type":"if","locations":[{"start":{"line":11,"column":8},"end":{"line":17,"column":9}},{"start":{"line":13,"column":15},"end":{"line":17,"column":9}}],"line":11},"3":{"loc":{"start":{"line":13,"column":15},"end":{"line":17,"column":9}},"type":"if","locations":[{"start":{"line":13,"column":15},"end":{"line":17,"column":9}},{"start":{"line":15,"column":15},"end":{"line":17,"column":9}}],"line":13},"4":{"loc":{"start":{"line":19,"column":8},"end":{"line":23,"column":9}},"type":"if","locations":[{"start":{"line":19,"column":8},"end":{"line":23,"column":9}},{"start":{"line":21,"column":15},"end":{"line":23,"column":9}}],"line":19}},"s":{"0":11,"1":3,"2":8,"3":8,"4":8,"5":8,"6":4,"7":2,"8":2,"9":1,"10":1,"11":4,"12":2,"13":2},"f":{"0":11},"b":{"0":[3,8],"1":[4,4],"2":[2,2],"3":[1,1],"4":[2,2]},"_coverageSchema":"1a1c01bbd47fc00a2c39e90264f33305004495a9","hash":"6bb0b7d35fc89b46c2e76c85a65eba39a25a4893"}
,"D:\\disertatie\\Train-Eat-Track\\src\\utils\\workoutPlanCycle.ts": {"path":"D:\\disertatie\\Train-Eat-Track\\src\\utils\\workoutPlanCycle.ts","statementMap":{"0":{"start":{"line":7,"column":32},"end":{"line":25,"column":1}},"1":{"start":{"line":11,"column":2},"end":{"line":11,"column":66}},"2":{"start":{"line":11,"column":57},"end":{"line":11,"column":66}},"3":{"start":{"line":13,"column":26},"end":{"line":13,"column":60}},"4":{"start":{"line":14,"column":23},"end":{"line":14,"column":40}},"5":{"start":{"line":15,"column":2},"end":{"line":15,"column":50}},"6":{"start":{"line":15,"column":41},"end":{"line":15,"column":50}},"7":{"start":{"line":17,"column":20},"end":{"line":17,"column":61}},"8":{"start":{"line":18,"column":2},"end":{"line":18,"column":62}},"9":{"start":{"line":18,"column":53},"end":{"line":18,"column":62}},"10":{"start":{"line":20,"column":18},"end":{"line":20,"column":55}},"11":{"start":{"line":21,"column":17},"end":{"line":21,"column":51}},"12":{"start":{"line":22,"column":25},"end":{"line":22,"column":67}},"13":{"start":{"line":24,"column":2},"end":{"line":24,"column":64}},"14":{"start":{"line":27,"column":39},"end":{"line":32,"column":1}},"15":{"start":{"line":31,"column":2},"end":{"line":31,"column":58}},"16":{"start":{"line":38,"column":30},"end":{"line":57,"column":1}},"17":{"start":{"line":42,"column":2},"end":{"line":42,"column":66}},"18":{"start":{"line":42,"column":57},"end":{"line":42,"column":66}},"19":{"start":{"line":44,"column":26},"end":{"line":44,"column":60}},"20":{"start":{"line":45,"column":23},"end":{"line":45,"column":40}},"21":{"start":{"line":46,"column":2},"end":{"line":46,"column":50}},"22":{"start":{"line":46,"column":41},"end":{"line":46,"column":50}},"23":{"start":{"line":48,"column":20},"end":{"line":48,"column":61}},"24":{"start":{"line":49,"column":2},"end":{"line":49,"column":62}},"25":{"start":{"line":49,"column":53},"end":{"line":49,"column":62}},"26":{"start":{"line":51,"column":18},"end":{"line":51,"column":55}},"27":{"start":{"line":52,"column":17},"end":{"line":52,"column":51}},"28":{"start":{"line":53,"column":25},"end":{"line":53,"column":67}},"29":{"start":{"line":54,"column":2},"end":{"line":54,"column":35}},"30":{"start":{"line":54,"column":26},"end":{"line":54,"column":35}},"31":{"start":{"line":56,"column":2},"end":{"line":56,"column":48}},"32":{"start":{"line":59,"column":28},"end":{"line":62,"column":53}},"33":{"start":{"line":62,"column":14},"end":{"line":62,"column":53}},"34":{"start":{"line":71,"column":52},"end":{"line":100,"column":1}},"35":{"start":{"line":77,"column":26},"end":{"line":77,"column":58}},"36":{"start":{"line":78,"column":43},"end":{"line":78,"column":47}},"37":{"start":{"line":79,"column":22},"end":{"line":79,"column":24}},"38":{"start":{"line":81,"column":2},"end":{"line":97,"column":3}},"39":{"start":{"line":82,"column":4},"end":{"line":82,"column":36}},"40":{"start":{"line":82,"column":27},"end":{"line":82,"column":36}},"41":{"start":{"line":83,"column":4},"end":{"line":83,"column":71}},"42":{"start":{"line":83,"column":62},"end":{"line":83,"column":71}},"43":{"start":{"line":85,"column":24},"end":{"line":85,"column":49}},"44":{"start":{"line":86,"column":4},"end":{"line":86,"column":31}},"45":{"start":{"line":86,"column":22},"end":{"line":86,"column":31}},"46":{"start":{"line":88,"column":29},"end":{"line":88,"column":62}},"47":{"start":{"line":89,"column":4},"end":{"line":89,"column":54}},"48":{"start":{"line":89,"column":45},"end":{"line":89,"column":54}},"49":{"start":{"line":91,"column":4},"end":{"line":91,"column":79}},"50":{"start":{"line":91,"column":70},"end":{"line":91,"column":79}},"51":{"start":{"line":93,"column":4},"end":{"line":96,"column":5}},"52":{"start":{"line":94,"column":6},"end":{"line":94,"column":39}},"53":{"start":{"line":95,"column":6},"end":{"line":95,"column":28}},"54":{"start":{"line":99,"column":2},"end":{"line":99,"column":21}},"55":{"start":{"line":108,"column":46},"end":{"line":126,"column":1}},"56":{"start":{"line":112,"column":18},"end":{"line":112,"column":35}},"57":{"start":{"line":113,"column":2},"end":{"line":113,"column":35}},"58":{"start":{"line":113,"column":20},"end":{"line":113,"column":35}},"59":{"start":{"line":115,"column":2},"end":{"line":123,"column":3}},"60":{"start":{"line":116,"column":4},"end":{"line":116,"column":36}},"61":{"start":{"line":116,"column":27},"end":{"line":116,"column":36}},"62":{"start":{"line":117,"column":4},"end":{"line":117,"column":71}},"63":{"start":{"line":117,"column":62},"end":{"line":117,"column":71}},"64":{"start":{"line":118,"column":24},"end":{"line":118,"column":49}},"65":{"start":{"line":119,"column":4},"end":{"line":119,"column":31}},"66":{"start":{"line":119,"column":22},"end":{"line":119,"column":31}},"67":{"start":{"line":121,"column":26},"end":{"line":121,"column":68}},"68":{"start":{"line":122,"column":4},"end":{"line":122,"column":31}},"69":{"start":{"line":125,"column":2},"end":{"line":125,"column":17}},"70":{"start":{"line":139,"column":42},"end":{"line":157,"column":1}},"71":{"start":{"line":144,"column":2},"end":{"line":144,"column":47}},"72":{"start":{"line":144,"column":34},"end":{"line":144,"column":47}},"73":{"start":{"line":146,"column":24},"end":{"line":146,"column":59}},"74":{"start":{"line":147,"column":18},"end":{"line":147,"column":49}},"75":{"start":{"line":148,"column":2},"end":{"line":148,"column":29}},"76":{"start":{"line":148,"column":16},"end":{"line":148,"column":29}},"77":{"start":{"line":149,"column":2},"end":{"line":149,"column":38}},"78":{"start":{"line":149,"column":25},"end":{"line":149,"column":38}},"79":{"start":{"line":150,"column":2},"end":{"line":150,"column":70}},"80":{"start":{"line":150,"column":57},"end":{"line":150,"column":70}},"81":{"start":{"line":153,"column":2},"end":{"line":153,"column":52}},"82":{"start":{"line":153,"column":39},"end":{"line":153,"column":52}},"83":{"start":{"line":156,"column":2},"end":{"line":156,"column":57}},"84":{"start":{"line":163,"column":36},"end":{"line":177,"column":1}},"85":{"start":{"line":167,"column":2},"end":{"line":167,"column":47}},"86":{"start":{"line":167,"column":34},"end":{"line":167,"column":47}},"87":{"start":{"line":168,"column":2},"end":{"line":168,"column":53}},"88":{"start":{"line":168,"column":40},"end":{"line":168,"column":53}},"89":{"start":{"line":170,"column":24},"end":{"line":170,"column":59}},"90":{"start":{"line":171,"column":18},"end":{"line":171,"column":49}},"91":{"start":{"line":172,"column":2},"end":{"line":172,"column":29}},"92":{"start":{"line":172,"column":16},"end":{"line":172,"column":29}},"93":{"start":{"line":173,"column":2},"end":{"line":173,"column":38}},"94":{"start":{"line":173,"column":25},"end":{"line":173,"column":38}},"95":{"start":{"line":174,"column":2},"end":{"line":174,"column":70}},"96":{"start":{"line":174,"column":57},"end":{"line":174,"column":70}},"97":{"start":{"line":176,"column":2},"end":{"line":176,"column":14}}},"fnMap":{"0":{"name":"(anonymous_0)","decl":{"start":{"line":7,"column":32},"end":{"line":7,"column":33}},"loc":{"start":{"line":10,"column":13},"end":{"line":25,"column":1}},"line":10},"1":{"name":"(anonymous_1)","decl":{"start":{"line":27,"column":39},"end":{"line":27,"column":40}},"loc":{"start":{"line":30,"column":13},"end":{"line":32,"column":1}},"line":30},"2":{"name":"(anonymous_2)","decl":{"start":{"line":38,"column":30},"end":{"line":38,"column":31}},"loc":{"start":{"line":41,"column":13},"end":{"line":57,"column":1}},"line":41},"3":{"name":"(anonymous_3)","decl":{"start":{"line":59,"column":28},"end":{"line":59,"column":29}},"loc":{"start":{"line":62,"column":14},"end":{"line":62,"column":53}},"line":62},"4":{"name":"(anonymous_4)","decl":{"start":{"line":71,"column":52},"end":{"line":71,"column":53}},"loc":{"start":{"line":76,"column":28},"end":{"line":100,"column":1}},"line":76},"5":{"name":"(anonymous_5)","decl":{"start":{"line":108,"column":46},"end":{"line":108,"column":47}},"loc":{"start":{"line":111,"column":18},"end":{"line":126,"column":1}},"line":111},"6":{"name":"(anonymous_6)","decl":{"start":{"line":139,"column":42},"end":{"line":139,"column":43}},"loc":{"start":{"line":143,"column":14},"end":{"line":157,"column":1}},"line":143},"7":{"name":"(anonymous_7)","decl":{"start":{"line":163,"column":36},"end":{"line":163,"column":37}},"loc":{"start":{"line":166,"column":14},"end":{"line":177,"column":1}},"line":166}},"branchMap":{"0":{"loc":{"start":{"line":11,"column":2},"end":{"line":11,"column":66}},"type":"if","locations":[{"start":{"line":11,"column":2},"end":{"line":11,"column":66}},{"start":{},"end":{}}],"line":11},"1":{"loc":{"start":{"line":11,"column":6},"end":{"line":11,"column":55}},"type":"binary-expr","locations":[{"start":{"line":11,"column":6},"end":{"line":11,"column":29}},{"start":{"line":11,"column":33},"end":{"line":11,"column":55}}],"line":11},"2":{"loc":{"start":{"line":15,"column":2},"end":{"line":15,"column":50}},"type":"if","locations":[{"start":{"line":15,"column":2},"end":{"line":15,"column":50}},{"start":{},"end":{}}],"line":15},"3":{"loc":{"start":{"line":15,"column":6},"end":{"line":15,"column":39}},"type":"binary-expr","locations":[{"start":{"line":15,"column":6},"end":{"line":15,"column":22}},{"start":{"line":15,"column":26},"end":{"line":15,"column":39}}],"line":15},"4":{"loc":{"start":{"line":18,"column":2},"end":{"line":18,"column":62}},"type":"if","locations":[{"start":{"line":18,"column":2},"end":{"line":18,"column":62}},{"start":{},"end":{}}],"line":18},"5":{"loc":{"start":{"line":18,"column":6},"end":{"line":18,"column":51}},"type":"binary-expr","locations":[{"start":{"line":18,"column":6},"end":{"line":18,"column":33}},{"start":{"line":18,"column":37},"end":{"line":18,"column":51}}],"line":18},"6":{"loc":{"start":{"line":42,"column":2},"end":{"line":42,"column":66}},"type":"if","locations":[{"start":{"line":42,"column":2},"end":{"line":42,"column":66}},{"start":{},"end":{}}],"line":42},"7":{"loc":{"start":{"line":42,"column":6},"end":{"line":42,"column":55}},"type":"binary-expr","locations":[{"start":{"line":42,"column":6},"end":{"line":42,"column":29}},{"start":{"line":42,"column":33},"end":{"line":42,"column":55}}],"line":42},"8":{"loc":{"start":{"line":46,"column":2},"end":{"line":46,"column":50}},"type":"if","locations":[{"start":{"line":46,"column":2},"end":{"line":46,"column":50}},{"start":{},"end":{}}],"line":46},"9":{"loc":{"start":{"line":46,"column":6},"end":{"line":46,"column":39}},"type":"binary-expr","locations":[{"start":{"line":46,"column":6},"end":{"line":46,"column":22}},{"start":{"line":46,"column":26},"end":{"line":46,"column":39}}],"line":46},"10":{"loc":{"start":{"line":49,"column":2},"end":{"line":49,"column":62}},"type":"if","locations":[{"start":{"line":49,"column":2},"end":{"line":49,"column":62}},{"start":{},"end":{}}],"line":49},"11":{"loc":{"start":{"line":49,"column":6},"end":{"line":49,"column":51}},"type":"binary-expr","locations":[{"start":{"line":49,"column":6},"end":{"line":49,"column":33}},{"start":{"line":49,"column":37},"end":{"line":49,"column":51}}],"line":49},"12":{"loc":{"start":{"line":54,"column":2},"end":{"line":54,"column":35}},"type":"if","locations":[{"start":{"line":54,"column":2},"end":{"line":54,"column":35}},{"start":{},"end":{}}],"line":54},"13":{"loc":{"start":{"line":82,"column":4},"end":{"line":82,"column":36}},"type":"if","locations":[{"start":{"line":82,"column":4},"end":{"line":82,"column":36}},{"start":{},"end":{}}],"line":82},"14":{"loc":{"start":{"line":83,"column":4},"end":{"line":83,"column":71}},"type":"if","locations":[{"start":{"line":83,"column":4},"end":{"line":83,"column":71}},{"start":{},"end":{}}],"line":83},"15":{"loc":{"start":{"line":83,"column":8},"end":{"line":83,"column":60}},"type":"binary-expr","locations":[{"start":{"line":83,"column":8},"end":{"line":83,"column":26}},{"start":{"line":83,"column":30},"end":{"line":83,"column":60}}],"line":83},"16":{"loc":{"start":{"line":86,"column":4},"end":{"line":86,"column":31}},"type":"if","locations":[{"start":{"line":86,"column":4},"end":{"line":86,"column":31}},{"start":{},"end":{}}],"line":86},"17":{"loc":{"start":{"line":89,"column":4},"end":{"line":89,"column":54}},"type":"if","locations":[{"start":{"line":89,"column":4},"end":{"line":89,"column":54}},{"start":{},"end":{}}],"line":89},"18":{"loc":{"start":{"line":91,"column":4},"end":{"line":91,"column":79}},"type":"if","locations":[{"start":{"line":91,"column":4},"end":{"line":91,"column":79}},{"start":{},"end":{}}],"line":91},"19":{"loc":{"start":{"line":93,"column":4},"end":{"line":96,"column":5}},"type":"if","locations":[{"start":{"line":93,"column":4},"end":{"line":96,"column":5}},{"start":{},"end":{}}],"line":93},"20":{"loc":{"start":{"line":113,"column":2},"end":{"line":113,"column":35}},"type":"if","locations":[{"start":{"line":113,"column":2},"end":{"line":113,"column":35}},{"start":{},"end":{}}],"line":113},"21":{"loc":{"start":{"line":116,"column":4},"end":{"line":116,"column":36}},"type":"if","locations":[{"start":{"line":116,"column":4},"end":{"line":116,"column":36}},{"start":{},"end":{}}],"line":116},"22":{"loc":{"start":{"line":117,"column":4},"end":{"line":117,"column":71}},"type":"if","locations":[{"start":{"line":117,"column":4},"end":{"line":117,"column":71}},{"start":{},"end":{}}],"line":117},"23":{"loc":{"start":{"line":117,"column":8},"end":{"line":117,"column":60}},"type":"binary-expr","locations":[{"start":{"line":117,"column":8},"end":{"line":117,"column":26}},{"start":{"line":117,"column":30},"end":{"line":117,"column":60}}],"line":117},"24":{"loc":{"start":{"line":119,"column":4},"end":{"line":119,"column":31}},"type":"if","locations":[{"start":{"line":119,"column":4},"end":{"line":119,"column":31}},{"start":{},"end":{}}],"line":119},"25":{"loc":{"start":{"line":144,"column":2},"end":{"line":144,"column":47}},"type":"if","locations":[{"start":{"line":144,"column":2},"end":{"line":144,"column":47}},{"start":{},"end":{}}],"line":144},"26":{"loc":{"start":{"line":148,"column":2},"end":{"line":148,"column":29}},"type":"if","locations":[{"start":{"line":148,"column":2},"end":{"line":148,"column":29}},{"start":{},"end":{}}],"line":148},"27":{"loc":{"start":{"line":149,"column":2},"end":{"line":149,"column":38}},"type":"if","locations":[{"start":{"line":149,"column":2},"end":{"line":149,"column":38}},{"start":{},"end":{}}],"line":149},"28":{"loc":{"start":{"line":150,"column":2},"end":{"line":150,"column":70}},"type":"if","locations":[{"start":{"line":150,"column":2},"end":{"line":150,"column":70}},{"start":{},"end":{}}],"line":150},"29":{"loc":{"start":{"line":150,"column":6},"end":{"line":150,"column":55}},"type":"binary-expr","locations":[{"start":{"line":150,"column":6},"end":{"line":150,"column":23}},{"start":{"line":150,"column":27},"end":{"line":150,"column":55}}],"line":150},"30":{"loc":{"start":{"line":153,"column":2},"end":{"line":153,"column":52}},"type":"if","locations":[{"start":{"line":153,"column":2},"end":{"line":153,"column":52}},{"start":{},"end":{}}],"line":153},"31":{"loc":{"start":{"line":167,"column":2},"end":{"line":167,"column":47}},"type":"if","locations":[{"start":{"line":167,"column":2},"end":{"line":167,"column":47}},{"start":{},"end":{}}],"line":167},"32":{"loc":{"start":{"line":168,"column":2},"end":{"line":168,"column":53}},"type":"if","locations":[{"start":{"line":168,"column":2},"end":{"line":168,"column":53}},{"start":{},"end":{}}],"line":168},"33":{"loc":{"start":{"line":172,"column":2},"end":{"line":172,"column":29}},"type":"if","locations":[{"start":{"line":172,"column":2},"end":{"line":172,"column":29}},{"start":{},"end":{}}],"line":172},"34":{"loc":{"start":{"line":173,"column":2},"end":{"line":173,"column":38}},"type":"if","locations":[{"start":{"line":173,"column":2},"end":{"line":173,"column":38}},{"start":{},"end":{}}],"line":173},"35":{"loc":{"start":{"line":174,"column":2},"end":{"line":174,"column":70}},"type":"if","locations":[{"start":{"line":174,"column":2},"end":{"line":174,"column":70}},{"start":{},"end":{}}],"line":174},"36":{"loc":{"start":{"line":174,"column":6},"end":{"line":174,"column":55}},"type":"binary-expr","locations":[{"start":{"line":174,"column":6},"end":{"line":174,"column":23}},{"start":{"line":174,"column":27},"end":{"line":174,"column":55}}],"line":174}},"s":{"0":2,"1":42,"2":4,"3":38,"4":38,"5":38,"6":0,"7":38,"8":38,"9":1,"10":37,"11":37,"12":37,"13":37,"14":2,"15":12,"16":2,"17":14,"18":1,"19":13,"20":13,"21":13,"22":0,"23":13,"24":13,"25":0,"26":13,"27":13,"28":13,"29":13,"30":1,"31":12,"32":2,"33":10,"34":2,"35":5,"36":5,"37":5,"38":5,"39":5,"40":1,"41":4,"42":1,"43":3,"44":3,"45":0,"46":3,"47":3,"48":0,"49":3,"50":1,"51":2,"52":2,"53":2,"54":5,"55":2,"56":5,"57":5,"58":1,"59":4,"60":6,"61":1,"62":5,"63":0,"64":5,"65":5,"66":0,"67":5,"68":5,"69":4,"70":2,"71":10,"72":1,"73":9,"74":9,"75":9,"76":0,"77":9,"78":3,"79":6,"80":3,"81":3,"82":1,"83":2,"84":2,"85":5,"86":1,"87":4,"88":1,"89":3,"90":3,"91":3,"92":0,"93":3,"94":1,"95":2,"96":1,"97":1},"f":{"0":42,"1":12,"2":14,"3":10,"4":5,"5":5,"6":10,"7":5},"b":{"0":[4,38],"1":[42,38],"2":[0,38],"3":[38,38],"4":[1,37],"5":[38,38],"6":[1,13],"7":[14,13],"8":[0,13],"9":[13,13],"10":[0,13],"11":[13,13],"12":[1,12],"13":[1,4],"14":[1,3],"15":[4,4],"16":[0,3],"17":[0,3],"18":[1,2],"19":[2,0],"20":[1,4],"21":[1,5],"22":[0,5],"23":[5,5],"24":[0,5],"25":[1,9],"26":[0,9],"27":[3,6],"28":[3,3],"29":[6,6],"30":[1,2],"31":[1,4],"32":[1,3],"33":[0,3],"34":[1,2],"35":[1,1],"36":[2,2]},"_coverageSchema":"1a1c01bbd47fc00a2c39e90264f33305004495a9","hash":"516cd2223fdebbc57e1a66083e0737a3bd2a9956"}
}
