TN:
SF:src\features\home\homeSelectors.ts
FN:30,(anonymous_0)
FN:36,(anonymous_1)
FN:42,(anonymous_2)
FN:55,(anonymous_3)
FN:68,(anonymous_4)
FN:77,(anonymous_5)
FN:79,(anonymous_6)
FN:82,(anonymous_7)
FN:91,(anonymous_8)
FN:109,(anonymous_9)
FN:141,(anonymous_10)
FN:161,(anonymous_11)
FN:238,(anonymous_12)
FNF:13
FNH:13
FNDA:51,(anonymous_0)
FNDA:25,(anonymous_1)
FNDA:16,(anonymous_2)
FNDA:2,(anonymous_3)
FNDA:2,(anonymous_4)
FNDA:1,(anonymous_5)
FNDA:1,(anonymous_6)
FNDA:10,(anonymous_7)
FNDA:11,(anonymous_8)
FNDA:1,(anonymous_9)
FNDA:16,(anonymous_10)
FNDA:16,(anonymous_11)
FNDA:112,(anonymous_12)
DA:28,1
DA:30,1
DA:31,51
DA:32,51
DA:33,51
DA:36,1
DA:37,25
DA:38,25
DA:39,25
DA:42,1
DA:43,16
DA:45,16
DA:46,27
DA:47,24
DA:48,24
DA:49,24
DA:52,16
DA:55,1
DA:58,2
DA:59,2
DA:61,2
DA:62,14
DA:65,2
DA:68,1
DA:69,2
DA:71,2
DA:72,2
DA:74,2
DA:77,1
DA:78,1
DA:79,1
DA:82,1
DA:87,10
DA:88,10
DA:91,1
DA:95,11
DA:96,11
DA:98,11
DA:99,17
DA:100,11
DA:102,6
DA:103,6
DA:106,11
DA:109,1
DA:114,1
DA:115,0
DA:118,1
DA:120,1
DA:121,1
DA:123,1
DA:124,5
DA:125,1
DA:126,1
DA:129,4
DA:130,3
DA:131,3
DA:132,3
DA:135,1
DA:138,1
DA:141,1
DA:145,16
DA:146,16
DA:147,4
DA:150,12
DA:151,12
DA:152,12
DA:154,12
DA:155,11
DA:158,1
DA:161,1
DA:165,16
DA:167,16
DA:168,16
DA:169,16
DA:171,16
DA:172,16
DA:174,16
DA:175,16
DA:177,16
DA:178,27
DA:179,27
DA:181,27
DA:182,27
DA:184,27
DA:185,3
DA:186,2
DA:188,3
DA:191,24
DA:192,24
DA:194,24
DA:195,11
DA:199,16
DA:200,1
DA:203,1
DA:208,1
DA:209,7
DA:210,7
DA:212,7
DA:213,2
DA:214,2
DA:217,5
DA:218,5
DA:224,5
DA:225,2
DA:230,16
DA:231,16
DA:233,16
DA:237,16
DA:238,112
DA:240,16
LF:110
LH:109
BRDA:32,0,0,0
BRDA:32,0,1,51
BRDA:46,1,0,3
BRDA:46,1,1,24
BRDA:48,2,0,0
BRDA:48,2,1,24
BRDA:59,3,0,0
BRDA:59,3,1,2
BRDA:69,4,0,0
BRDA:69,4,1,2
BRDA:72,5,0,0
BRDA:72,5,1,2
BRDA:72,6,0,2
BRDA:72,6,1,2
BRDA:78,7,0,0
BRDA:78,7,1,1
BRDA:99,8,0,11
BRDA:99,8,1,6
BRDA:114,9,0,0
BRDA:114,9,1,1
BRDA:124,10,0,1
BRDA:124,10,1,4
BRDA:129,11,0,3
BRDA:129,11,1,1
BRDA:146,12,0,4
BRDA:146,12,1,12
BRDA:152,13,0,4
BRDA:152,13,1,8
BRDA:154,14,0,11
BRDA:154,14,1,1
BRDA:154,15,0,12
BRDA:154,15,1,1
BRDA:169,16,0,0
BRDA:169,16,1,16
BRDA:179,17,0,0
BRDA:179,17,1,27
BRDA:182,18,0,27
BRDA:182,18,1,13
BRDA:184,19,0,3
BRDA:184,19,1,24
BRDA:185,20,0,2
BRDA:185,20,1,1
BRDA:192,21,0,24
BRDA:192,21,1,0
BRDA:194,22,0,11
BRDA:194,22,1,13
BRDA:199,23,0,1
BRDA:199,23,1,15
BRDA:199,24,0,16
BRDA:199,24,1,1
BRDA:212,25,0,2
BRDA:212,25,1,5
BRDA:224,26,0,2
BRDA:224,26,1,3
BRDA:224,27,0,5
BRDA:224,27,1,3
BRDA:233,28,0,1
BRDA:233,28,1,15
BRF:58
BRH:48
end_of_record
TN:
SF:src\services\maintenanceService.ts
FN:26,(anonymous_0)
FN:35,(anonymous_1)
FN:36,(anonymous_2)
FN:49,(anonymous_3)
FN:53,(anonymous_4)
FN:57,(anonymous_5)
FN:60,(anonymous_6)
FN:69,(anonymous_7)
FN:80,(anonymous_8)
FN:83,(anonymous_9)
FN:105,(anonymous_10)
FN:122,(anonymous_11)
FN:132,(anonymous_12)
FN:142,(anonymous_13)
FN:161,(anonymous_14)
FN:204,(anonymous_15)
FN:210,(anonymous_16)
FN:222,(anonymous_17)
FN:246,(anonymous_18)
FN:259,(anonymous_19)
FN:266,(anonymous_20)
FN:271,(anonymous_21)
FN:279,(anonymous_22)
FN:286,(anonymous_23)
FN:294,(anonymous_24)
FN:297,(anonymous_25)
FN:300,(anonymous_26)
FN:316,(anonymous_27)
FN:321,(anonymous_28)
FN:324,(anonymous_29)
FN:342,(anonymous_30)
FN:349,(anonymous_31)
FN:379,(anonymous_32)
FN:383,(anonymous_33)
FN:405,(anonymous_34)
FN:410,(anonymous_35)
FNF:36
FNH:17
FNDA:0,(anonymous_0)
FNDA:0,(anonymous_1)
FNDA:0,(anonymous_2)
FNDA:0,(anonymous_3)
FNDA:0,(anonymous_4)
FNDA:0,(anonymous_5)
FNDA:0,(anonymous_6)
FNDA:0,(anonymous_7)
FNDA:0,(anonymous_8)
FNDA:0,(anonymous_9)
FNDA:0,(anonymous_10)
FNDA:0,(anonymous_11)
FNDA:0,(anonymous_12)
FNDA:0,(anonymous_13)
FNDA:0,(anonymous_14)
FNDA:0,(anonymous_15)
FNDA:0,(anonymous_16)
FNDA:0,(anonymous_17)
FNDA:0,(anonymous_18)
FNDA:54,(anonymous_19)
FNDA:18,(anonymous_20)
FNDA:2,(anonymous_21)
FNDA:20,(anonymous_22)
FNDA:7,(anonymous_23)
FNDA:6,(anonymous_24)
FNDA:5,(anonymous_25)
FNDA:10,(anonymous_26)
FNDA:6,(anonymous_27)
FNDA:10,(anonymous_28)
FNDA:8,(anonymous_29)
FNDA:9,(anonymous_30)
FNDA:16,(anonymous_31)
FNDA:9,(anonymous_32)
FNDA:7,(anonymous_33)
FNDA:4,(anonymous_34)
FNDA:1,(anonymous_35)
DA:23,1
DA:24,1
DA:26,1
DA:30,0
DA:32,0
DA:33,0
DA:36,0
DA:37,0
DA:42,0
DA:43,0
DA:49,1
DA:50,0
DA:53,1
DA:54,0
DA:57,1
DA:58,0
DA:60,1
DA:61,0
DA:62,0
DA:63,0
DA:65,0
DA:69,1
DA:70,0
DA:71,0
DA:73,0
DA:74,0
DA:80,1
DA:81,0
DA:83,1
DA:84,0
DA:85,0
DA:86,0
DA:87,0
DA:88,0
DA:92,0
DA:93,0
DA:94,0
DA:95,0
DA:96,0
DA:99,0
DA:101,0
DA:105,1
DA:109,0
DA:110,0
DA:115,0
DA:116,0
DA:122,1
DA:123,0
DA:124,0
DA:126,0
DA:131,0
DA:132,0
DA:133,0
DA:134,0
DA:142,0
DA:145,0
DA:147,0
DA:149,0
DA:150,0
DA:153,0
DA:154,0
DA:155,0
DA:157,0
DA:161,1
DA:165,0
DA:167,0
DA:172,0
DA:177,0
DA:179,0
DA:180,0
DA:190,0
DA:203,0
DA:204,0
DA:205,0
DA:206,0
DA:208,0
DA:210,0
DA:211,0
DA:213,0
DA:215,0
DA:216,0
DA:218,0
DA:222,1
DA:226,0
DA:227,0
DA:232,0
DA:237,0
DA:238,0
DA:245,0
DA:246,0
DA:247,0
DA:249,0
DA:251,0
DA:252,0
DA:254,0
DA:259,1
DA:260,54
DA:261,54
DA:262,54
DA:263,54
DA:266,1
DA:267,18
DA:268,18
DA:271,1
DA:272,2
DA:273,2
DA:274,2
DA:275,2
DA:276,2
DA:279,1
DA:280,20
DA:281,20
DA:282,20
DA:283,20
DA:286,1
DA:287,7
DA:288,7
DA:289,7
DA:290,7
DA:294,1
DA:295,6
DA:297,5
DA:298,5
DA:300,5
DA:301,10
DA:302,10
DA:303,10
DA:305,10
DA:306,6
DA:308,10
DA:311,5
DA:312,5
DA:314,5
DA:316,5
DA:317,6
DA:318,6
DA:319,6
DA:321,10
DA:323,6
DA:324,8
DA:327,6
DA:335,6
DA:338,5
DA:342,1
DA:346,9
DA:349,16
DA:350,8
DA:352,7
DA:353,7
DA:354,7
DA:356,7
DA:358,7
DA:359,7
DA:364,7
DA:365,3
DA:366,3
DA:367,4
DA:368,3
DA:369,3
DA:371,1
DA:372,1
DA:378,7
DA:379,9
DA:381,7
DA:383,7
DA:388,1
DA:389,1
DA:391,1
DA:394,7
DA:405,1
DA:409,4
DA:410,4
DA:412,4
DA:413,28
DA:414,28
DA:415,28
DA:417,28
DA:424,4
LF:178
LH:97
BRDA:42,0,0,0
BRDA:42,0,1,0
BRDA:73,1,0,0
BRDA:73,1,1,0
BRDA:87,2,0,0
BRDA:87,2,1,0
BRDA:93,3,0,0
BRDA:93,3,1,0
BRDA:115,4,0,0
BRDA:115,4,1,0
BRDA:149,5,0,0
BRDA:149,5,1,0
BRDA:154,6,0,0
BRDA:154,6,1,0
BRDA:177,7,0,0
BRDA:177,7,1,0
BRDA:183,8,0,0
BRDA:183,8,1,0
BRDA:194,9,0,0
BRDA:194,9,1,0
BRDA:205,10,0,0
BRDA:205,10,1,0
BRDA:215,11,0,0
BRDA:215,11,1,0
BRDA:237,12,0,0
BRDA:237,12,1,0
BRDA:251,13,0,0
BRDA:251,13,1,0
BRDA:273,14,0,2
BRDA:273,14,1,1
BRDA:282,15,0,1
BRDA:282,15,1,19
BRDA:295,16,0,1
BRDA:295,16,1,5
BRDA:305,17,0,6
BRDA:305,17,1,4
BRDA:323,18,0,5
BRDA:323,18,1,1
BRDA:332,19,0,5
BRDA:332,19,1,1
BRDA:344,20,0,7
BRDA:346,21,0,1
BRDA:346,21,1,8
BRDA:350,22,0,1
BRDA:350,22,1,7
BRDA:356,23,0,0
BRDA:356,23,1,7
BRDA:356,24,0,7
BRDA:356,24,1,7
BRDA:364,25,0,3
BRDA:364,25,1,4
BRDA:366,26,0,2
BRDA:366,26,1,1
BRDA:367,27,0,3
BRDA:367,27,1,1
BRDA:369,28,0,3
BRDA:369,28,1,0
BRDA:372,29,0,1
BRDA:372,29,1,0
BRDA:379,30,0,9
BRDA:379,30,1,7
BRDA:381,31,0,1
BRDA:381,31,1,6
BRDA:383,32,0,7
BRDA:383,32,1,0
BRDA:420,33,0,28
BRDA:420,33,1,27
BRF:67
BRH:35
end_of_record
TN:
SF:src\services\nutritionCacheService.ts
FN:21,(anonymous_0)
FN:26,(anonymous_1)
FN:35,(anonymous_2)
FN:38,(anonymous_3)
FN:45,(anonymous_4)
FN:56,(anonymous_5)
FN:59,(anonymous_6)
FN:65,(anonymous_7)
FN:86,(anonymous_8)
FN:109,(anonymous_9)
FN:113,(anonymous_10)
FN:130,(anonymous_11)
FN:140,(anonymous_12)
FNF:13
FNH:12
FNDA:38,(anonymous_0)
FNDA:22,(anonymous_1)
FNDA:3,(anonymous_2)
FNDA:0,(anonymous_3)
FNDA:16,(anonymous_4)
FNDA:30,(anonymous_5)
FNDA:7,(anonymous_6)
FNDA:12,(anonymous_7)
FNDA:16,(anonymous_8)
FNDA:2,(anonymous_9)
FNDA:19,(anonymous_10)
FNDA:5,(anonymous_11)
FNDA:4,(anonymous_12)
DA:15,1
DA:16,1
DA:18,1
DA:19,1
DA:21,1
DA:22,38
DA:23,38
DA:26,1
DA:27,22
DA:28,22
DA:35,3
DA:38,0
DA:45,1
DA:46,16
DA:47,16
DA:56,1
DA:57,30
DA:59,1
DA:60,7
DA:62,1
DA:63,1
DA:65,1
DA:70,12
DA:71,12
DA:72,5
DA:75,7
DA:76,7
DA:77,1
DA:80,6
DA:86,1
DA:91,16
DA:92,16
DA:93,16
DA:94,16
DA:96,16
DA:97,1
DA:98,1
DA:101,15
DA:106,15
DA:109,1
DA:110,2
DA:113,1
DA:114,19
DA:115,18
DA:116,18
DA:117,18
DA:120,1
DA:121,1
DA:122,2
DA:123,1
DA:127,1
DA:130,1
DA:134,5
DA:135,4
DA:136,4
DA:137,3
DA:140,1
DA:144,4
LF:58
LH:57
BRDA:23,0,0,0
BRDA:23,0,1,38
BRDA:31,1,0,0
BRDA:31,1,1,22
BRDA:34,2,0,22
BRDA:34,2,1,0
BRDA:37,3,0,3
BRDA:37,3,1,0
BRDA:50,4,0,0
BRDA:50,4,1,16
BRDA:71,5,0,5
BRDA:71,5,1,7
BRDA:76,6,0,1
BRDA:76,6,1,6
BRDA:76,7,0,7
BRDA:76,7,1,2
BRDA:96,8,0,1
BRDA:96,8,1,15
BRDA:96,9,0,16
BRDA:96,9,1,2
BRDA:114,10,0,18
BRDA:114,10,1,1
BRDA:122,11,0,1
BRDA:122,11,1,1
BRDA:132,12,0,4
BRDA:134,13,0,1
BRDA:134,13,1,4
BRDA:136,14,0,1
BRDA:136,14,1,3
BRDA:142,15,0,3
BRF:30
BRH:25
end_of_record
TN:
SF:src\services\nutritionService.ts
FN:24,(anonymous_0)
FN:33,(anonymous_1)
FN:34,(anonymous_2)
FN:46,(anonymous_3)
FN:52,(anonymous_4)
FN:59,(anonymous_5)
FN:68,(anonymous_6)
FN:80,(anonymous_7)
FN:86,(anonymous_8)
FN:102,(anonymous_9)
FN:119,(anonymous_10)
FN:139,(anonymous_11)
FN:143,(anonymous_12)
FN:146,(anonymous_13)
FN:183,(anonymous_14)
FN:266,(anonymous_15)
FN:280,(anonymous_16)
FN:284,(anonymous_17)
FN:323,(anonymous_18)
FN:326,(anonymous_19)
FN:342,(anonymous_20)
FN:414,(anonymous_21)
FN:459,(anonymous_22)
FN:466,(anonymous_23)
FN:471,(anonymous_24)
FN:504,(anonymous_25)
FNF:26
FNH:2
FNDA:0,(anonymous_0)
FNDA:0,(anonymous_1)
FNDA:0,(anonymous_2)
FNDA:30,(anonymous_3)
FNDA:30,(anonymous_4)
FNDA:0,(anonymous_5)
FNDA:0,(anonymous_6)
FNDA:0,(anonymous_7)
FNDA:0,(anonymous_8)
FNDA:0,(anonymous_9)
FNDA:0,(anonymous_10)
FNDA:0,(anonymous_11)
FNDA:0,(anonymous_12)
FNDA:0,(anonymous_13)
FNDA:0,(anonymous_14)
FNDA:0,(anonymous_15)
FNDA:0,(anonymous_16)
FNDA:0,(anonymous_17)
FNDA:0,(anonymous_18)
FNDA:0,(anonymous_19)
FNDA:0,(anonymous_20)
FNDA:0,(anonymous_21)
FNDA:0,(anonymous_22)
FNDA:0,(anonymous_23)
FNDA:0,(anonymous_24)
FNDA:0,(anonymous_25)
DA:21,1
DA:22,1
DA:24,1
DA:28,0
DA:30,0
DA:31,0
DA:34,0
DA:35,0
DA:40,0
DA:41,0
DA:46,1
DA:47,30
DA:48,30
DA:49,30
DA:52,1
DA:53,30
DA:54,30
DA:59,1
DA:60,0
DA:61,0
DA:64,0
DA:65,0
DA:68,1
DA:69,0
DA:70,0
DA:72,0
DA:80,1
DA:82,0
DA:83,0
DA:86,1
DA:87,0
DA:89,0
DA:90,0
DA:91,0
DA:92,0
DA:94,0
DA:95,0
DA:98,0
DA:99,0
DA:102,1
DA:103,0
DA:104,0
DA:107,0
DA:108,0
DA:111,0
DA:112,0
DA:113,0
DA:116,0
DA:119,1
DA:123,0
DA:124,0
DA:126,0
DA:127,0
DA:128,0
DA:129,0
DA:130,0
DA:131,0
DA:135,0
DA:139,1
DA:140,0
DA:143,1
DA:144,0
DA:146,1
DA:150,0
DA:151,0
DA:153,0
DA:158,0
DA:163,0
DA:164,0
DA:165,0
DA:171,0
DA:176,0
DA:177,0
DA:179,0
DA:183,1
DA:186,0
DA:187,0
DA:188,0
DA:189,0
DA:192,0
DA:193,0
DA:195,0
DA:196,0
DA:197,0
DA:201,0
DA:211,0
DA:214,0
DA:218,0
DA:223,0
DA:224,0
DA:225,0
DA:226,0
DA:230,0
DA:240,0
DA:244,0
DA:246,0
DA:257,0
DA:259,0
DA:260,0
DA:262,0
DA:266,1
DA:269,0
DA:270,0
DA:274,0
DA:278,0
DA:280,0
DA:281,0
DA:284,0
DA:285,0
DA:286,0
DA:287,0
DA:292,0
DA:298,0
DA:299,0
DA:302,0
DA:306,0
DA:311,0
DA:314,0
DA:316,0
DA:317,0
DA:319,0
DA:323,1
DA:326,0
DA:327,0
DA:331,0
DA:336,0
DA:337,0
DA:340,0
DA:342,0
DA:343,0
DA:344,0
DA:345,0
DA:346,0
DA:348,0
DA:349,0
DA:350,0
DA:351,0
DA:352,0
DA:356,0
DA:357,0
DA:360,0
DA:363,0
DA:364,0
DA:370,0
DA:375,0
DA:376,0
DA:379,0
DA:380,0
DA:381,0
DA:384,0
DA:387,0
DA:388,0
DA:389,0
DA:391,0
DA:394,0
DA:395,0
DA:396,0
DA:397,0
DA:401,0
DA:403,0
DA:404,0
DA:409,0
DA:414,1
DA:423,0
DA:424,0
DA:426,0
DA:431,0
DA:436,0
DA:437,0
DA:438,0
DA:447,0
DA:449,0
DA:450,0
DA:452,0
DA:456,1
DA:457,1
DA:459,1
DA:460,0
DA:461,0
DA:463,0
DA:466,1
DA:469,0
DA:471,0
DA:472,0
DA:473,0
DA:476,0
DA:477,0
DA:479,0
DA:480,0
DA:481,0
DA:484,0
DA:485,0
DA:486,0
DA:488,0
DA:493,0
DA:494,0
DA:497,0
DA:501,0
DA:504,1
DA:505,0
LF:200
LH:28
BRDA:40,0,0,0
BRDA:40,0,1,0
BRDA:60,1,0,0
BRDA:60,1,1,0
BRDA:65,2,0,0
BRDA:65,2,1,0
BRDA:70,3,0,0
BRDA:70,3,1,0
BRDA:82,4,0,0
BRDA:82,4,1,0
BRDA:82,4,2,0
BRDA:82,4,3,0
BRDA:87,5,0,0
BRDA:87,5,1,0
BRDA:90,6,0,0
BRDA:90,6,1,0
BRDA:91,7,0,0
BRDA:91,7,1,0
BRDA:92,8,0,0
BRDA:92,8,1,0
BRDA:94,9,0,0
BRDA:94,9,1,0
BRDA:94,10,0,0
BRDA:94,10,1,0
BRDA:94,10,2,0
BRDA:99,11,0,0
BRDA:99,11,1,0
BRDA:103,12,0,0
BRDA:103,12,1,0
BRDA:107,13,0,0
BRDA:107,13,1,0
BRDA:108,14,0,0
BRDA:108,14,1,0
BRDA:111,15,0,0
BRDA:111,15,1,0
BRDA:111,16,0,0
BRDA:111,16,1,0
BRDA:113,17,0,0
BRDA:113,17,1,0
BRDA:129,18,0,0
BRDA:129,18,1,0
BRDA:163,19,0,0
BRDA:163,19,1,0
BRDA:176,20,0,0
BRDA:176,20,1,0
BRDA:188,21,0,0
BRDA:188,21,1,0
BRDA:195,22,0,0
BRDA:195,22,1,0
BRDA:223,23,0,0
BRDA:223,23,1,0
BRDA:259,24,0,0
BRDA:259,24,1,0
BRDA:298,25,0,0
BRDA:298,25,1,0
BRDA:303,26,0,0
BRDA:303,26,1,0
BRDA:303,26,2,0
BRDA:307,27,0,0
BRDA:307,27,1,0
BRDA:307,27,2,0
BRDA:316,28,0,0
BRDA:316,28,1,0
BRDA:336,29,0,0
BRDA:336,29,1,0
BRDA:346,30,0,0
BRDA:346,30,1,0
BRDA:348,31,0,0
BRDA:348,31,1,0
BRDA:351,32,0,0
BRDA:351,32,1,0
BRDA:356,33,0,0
BRDA:356,33,1,0
BRDA:375,34,0,0
BRDA:375,34,1,0
BRDA:381,35,0,0
BRDA:381,35,1,0
BRDA:384,36,0,0
BRDA:384,36,1,0
BRDA:385,37,0,0
BRDA:385,37,1,0
BRDA:387,38,0,0
BRDA:387,38,1,0
BRDA:388,39,0,0
BRDA:388,39,1,0
BRDA:396,40,0,0
BRDA:396,40,1,0
BRDA:403,41,0,0
BRDA:403,41,1,0
BRDA:436,42,0,0
BRDA:436,42,1,0
BRDA:449,43,0,0
BRDA:449,43,1,0
BRDA:460,44,0,0
BRDA:460,44,1,0
BRDA:460,45,0,0
BRDA:460,45,1,0
BRDA:469,46,0,0
BRDA:469,46,1,0
BRDA:476,47,0,0
BRDA:476,47,1,0
BRDA:477,48,0,0
BRDA:477,48,1,0
BRDA:479,49,0,0
BRDA:479,49,1,0
BRDA:485,50,0,0
BRDA:485,50,1,0
BRDA:493,51,0,0
BRDA:493,51,1,0
BRDA:505,52,0,0
BRDA:505,52,1,0
BRF:111
BRH:0
end_of_record
TN:
SF:src\services\workoutHistoryMemoryCache.ts
FN:10,(anonymous_0)
FN:25,(anonymous_1)
FN:35,(anonymous_2)
FNF:3
FNH:3
FNDA:13,(anonymous_0)
FNDA:13,(anonymous_1)
FNDA:12,(anonymous_2)
DA:8,1
DA:10,1
DA:14,13
DA:15,13
DA:17,9
DA:18,2
DA:19,2
DA:22,7
DA:25,1
DA:29,13
DA:35,1
DA:36,12
DA:37,11
DA:38,11
DA:41,1
LF:15
LH:15
BRDA:12,0,0,11
BRDA:15,1,0,4
BRDA:15,1,1,9
BRDA:17,2,0,2
BRDA:17,2,1,7
BRDA:36,3,0,11
BRDA:36,3,1,1
BRF:7
BRH:7
end_of_record
TN:
SF:src\types\maintenance.ts
FNF:0
FNH:0
DA:31,1
DA:38,1
DA:48,1
LF:3
LH:3
BRF:0
BRH:0
end_of_record
TN:
SF:src\utils\dateKey.ts
FN:3,(anonymous_0)
FN:20,(anonymous_1)
FN:26,(anonymous_2)
FN:34,(anonymous_3)
FNF:4
FNH:4
FNDA:175,(anonymous_0)
FNDA:264,(anonymous_1)
FNDA:73,(anonymous_2)
FNDA:5,(anonymous_3)
DA:1,3
DA:3,3
DA:4,175
DA:6,171
DA:7,166
DA:10,5
DA:11,2
DA:12,2
DA:13,1
DA:16,3
DA:17,3
DA:20,3
DA:21,264
DA:22,264
DA:23,264
DA:26,3
DA:27,73
DA:28,73
DA:29,73
DA:30,73
DA:31,73
DA:34,3
DA:35,5
LF:23
LH:23
BRDA:4,0,0,4
BRDA:4,0,1,171
BRDA:6,1,0,166
BRDA:6,1,1,5
BRDA:7,2,0,1
BRDA:7,2,1,165
BRDA:10,3,0,2
BRDA:10,3,1,3
BRDA:10,4,0,5
BRDA:10,4,1,2
BRDA:10,4,2,2
BRDA:12,5,0,1
BRDA:12,5,1,1
BRDA:12,6,0,2
BRDA:12,6,1,2
BRDA:17,7,0,1
BRDA:17,7,1,2
BRF:17
BRH:17
end_of_record
TN:
SF:src\utils\utils.ts
FN:1,formatDuration
FNF:1
FNH:1
FNDA:11,formatDuration
DA:2,11
DA:3,3
DA:6,8
DA:7,8
DA:8,8
DA:10,8
DA:11,4
DA:12,2
DA:13,2
DA:14,1
DA:16,1
DA:19,4
DA:20,2
DA:22,2
LF:14
LH:14
BRDA:2,0,0,3
BRDA:2,0,1,8
BRDA:10,1,0,4
BRDA:10,1,1,4
BRDA:11,2,0,2
BRDA:11,2,1,2
BRDA:13,3,0,1
BRDA:13,3,1,1
BRDA:19,4,0,2
BRDA:19,4,1,2
BRF:10
BRH:10
end_of_record
TN:
SF:src\utils\workoutPlanCycle.ts
FN:7,(anonymous_0)
FN:27,(anonymous_1)
FN:38,(anonymous_2)
FN:59,(anonymous_3)
FN:71,(anonymous_4)
FN:108,(anonymous_5)
FN:139,(anonymous_6)
FN:163,(anonymous_7)
FNF:8
FNH:8
FNDA:42,(anonymous_0)
FNDA:12,(anonymous_1)
FNDA:14,(anonymous_2)
FNDA:10,(anonymous_3)
FNDA:5,(anonymous_4)
FNDA:5,(anonymous_5)
FNDA:10,(anonymous_6)
FNDA:5,(anonymous_7)
DA:7,2
DA:11,42
DA:13,38
DA:14,38
DA:15,38
DA:17,38
DA:18,38
DA:20,37
DA:21,37
DA:22,37
DA:24,37
DA:27,2
DA:31,12
DA:38,2
DA:42,14
DA:44,13
DA:45,13
DA:46,13
DA:48,13
DA:49,13
DA:51,13
DA:52,13
DA:53,13
DA:54,13
DA:56,12
DA:59,2
DA:62,10
DA:71,2
DA:77,5
DA:78,5
DA:79,5
DA:81,5
DA:82,5
DA:83,4
DA:85,3
DA:86,3
DA:88,3
DA:89,3
DA:91,3
DA:93,2
DA:94,2
DA:95,2
DA:99,5
DA:108,2
DA:112,5
DA:113,5
DA:115,4
DA:116,6
DA:117,5
DA:118,5
DA:119,5
DA:121,5
DA:122,5
DA:125,4
DA:139,2
DA:144,10
DA:146,9
DA:147,9
DA:148,9
DA:149,9
DA:150,6
DA:153,3
DA:156,2
DA:163,2
DA:167,5
DA:168,4
DA:170,3
DA:171,3
DA:172,3
DA:173,3
DA:174,2
DA:176,1
LF:72
LH:72
BRDA:11,0,0,4
BRDA:11,0,1,38
BRDA:11,1,0,42
BRDA:11,1,1,38
BRDA:15,2,0,0
BRDA:15,2,1,38
BRDA:15,3,0,38
BRDA:15,3,1,38
BRDA:18,4,0,1
BRDA:18,4,1,37
BRDA:18,5,0,38
BRDA:18,5,1,38
BRDA:42,6,0,1
BRDA:42,6,1,13
BRDA:42,7,0,14
BRDA:42,7,1,13
BRDA:46,8,0,0
BRDA:46,8,1,13
BRDA:46,9,0,13
BRDA:46,9,1,13
BRDA:49,10,0,0
BRDA:49,10,1,13
BRDA:49,11,0,13
BRDA:49,11,1,13
BRDA:54,12,0,1
BRDA:54,12,1,12
BRDA:82,13,0,1
BRDA:82,13,1,4
BRDA:83,14,0,1
BRDA:83,14,1,3
BRDA:83,15,0,4
BRDA:83,15,1,4
BRDA:86,16,0,0
BRDA:86,16,1,3
BRDA:89,17,0,0
BRDA:89,17,1,3
BRDA:91,18,0,1
BRDA:91,18,1,2
BRDA:93,19,0,2
BRDA:93,19,1,0
BRDA:113,20,0,1
BRDA:113,20,1,4
BRDA:116,21,0,1
BRDA:116,21,1,5
BRDA:117,22,0,0
BRDA:117,22,1,5
BRDA:117,23,0,5
BRDA:117,23,1,5
BRDA:119,24,0,0
BRDA:119,24,1,5
BRDA:144,25,0,1
BRDA:144,25,1,9
BRDA:148,26,0,0
BRDA:148,26,1,9
BRDA:149,27,0,3
BRDA:149,27,1,6
BRDA:150,28,0,3
BRDA:150,28,1,3
BRDA:150,29,0,6
BRDA:150,29,1,6
BRDA:153,30,0,1
BRDA:153,30,1,2
BRDA:167,31,0,1
BRDA:167,31,1,4
BRDA:168,32,0,1
BRDA:168,32,1,3
BRDA:172,33,0,0
BRDA:172,33,1,3
BRDA:173,34,0,1
BRDA:173,34,1,2
BRDA:174,35,0,1
BRDA:174,35,1,1
BRDA:174,36,0,2
BRDA:174,36,1,2
BRF:74
BRH:64
end_of_record
