TN:
SF:src\features\home\homeSelectors.ts
FN:30,(anonymous_0)
FN:36,(anonymous_1)
FN:42,(anonymous_2)
FN:55,(anonymous_3)
FN:68,(anonymous_4)
FN:77,(anonymous_5)
FN:79,(anonymous_6)
FN:82,(anonymous_7)
FN:91,(anonymous_8)
FN:109,(anonymous_9)
FN:141,(anonymous_10)
FN:161,(anonymous_11)
FN:238,(anonymous_12)
FNF:13
FNH:13
FNDA:51,(anonymous_0)
FNDA:25,(anonymous_1)
FNDA:16,(anonymous_2)
FNDA:2,(anonymous_3)
FNDA:2,(anonymous_4)
FNDA:1,(anonymous_5)
FNDA:1,(anonymous_6)
FNDA:10,(anonymous_7)
FNDA:11,(anonymous_8)
FNDA:1,(anonymous_9)
FNDA:16,(anonymous_10)
FNDA:16,(anonymous_11)
FNDA:112,(anonymous_12)
DA:28,1
DA:30,1
DA:31,51
DA:32,51
DA:33,51
DA:36,1
DA:37,25
DA:38,25
DA:39,25
DA:42,1
DA:43,16
DA:45,16
DA:46,27
DA:47,24
DA:48,24
DA:49,24
DA:52,16
DA:55,1
DA:58,2
DA:59,2
DA:61,2
DA:62,14
DA:65,2
DA:68,1
DA:69,2
DA:71,2
DA:72,2
DA:74,2
DA:77,1
DA:78,1
DA:79,1
DA:82,1
DA:87,10
DA:88,10
DA:91,1
DA:95,11
DA:96,11
DA:98,11
DA:99,17
DA:100,11
DA:102,6
DA:103,6
DA:106,11
DA:109,1
DA:114,1
DA:115,0
DA:118,1
DA:120,1
DA:121,1
DA:123,1
DA:124,5
DA:125,1
DA:126,1
DA:129,4
DA:130,3
DA:131,3
DA:132,3
DA:135,1
DA:138,1
DA:141,1
DA:145,16
DA:146,16
DA:147,4
DA:150,12
DA:151,12
DA:152,12
DA:154,12
DA:155,11
DA:158,1
DA:161,1
DA:165,16
DA:167,16
DA:168,16
DA:169,16
DA:171,16
DA:172,16
DA:174,16
DA:175,16
DA:177,16
DA:178,27
DA:179,27
DA:181,27
DA:182,27
DA:184,27
DA:185,3
DA:186,2
DA:188,3
DA:191,24
DA:192,24
DA:194,24
DA:195,11
DA:199,16
DA:200,1
DA:203,1
DA:208,1
DA:209,7
DA:210,7
DA:212,7
DA:213,2
DA:214,2
DA:217,5
DA:218,5
DA:224,5
DA:225,2
DA:230,16
DA:231,16
DA:233,16
DA:237,16
DA:238,112
DA:240,16
LF:110
LH:109
BRDA:32,0,0,0
BRDA:32,0,1,51
BRDA:46,1,0,3
BRDA:46,1,1,24
BRDA:48,2,0,0
BRDA:48,2,1,24
BRDA:59,3,0,0
BRDA:59,3,1,2
BRDA:69,4,0,0
BRDA:69,4,1,2
BRDA:72,5,0,0
BRDA:72,5,1,2
BRDA:72,6,0,2
BRDA:72,6,1,2
BRDA:78,7,0,0
BRDA:78,7,1,1
BRDA:99,8,0,11
BRDA:99,8,1,6
BRDA:114,9,0,0
BRDA:114,9,1,1
BRDA:124,10,0,1
BRDA:124,10,1,4
BRDA:129,11,0,3
BRDA:129,11,1,1
BRDA:146,12,0,4
BRDA:146,12,1,12
BRDA:152,13,0,4
BRDA:152,13,1,8
BRDA:154,14,0,11
BRDA:154,14,1,1
BRDA:154,15,0,12
BRDA:154,15,1,1
BRDA:169,16,0,0
BRDA:169,16,1,16
BRDA:179,17,0,0
BRDA:179,17,1,27
BRDA:182,18,0,27
BRDA:182,18,1,13
BRDA:184,19,0,3
BRDA:184,19,1,24
BRDA:185,20,0,2
BRDA:185,20,1,1
BRDA:192,21,0,24
BRDA:192,21,1,0
BRDA:194,22,0,11
BRDA:194,22,1,13
BRDA:199,23,0,1
BRDA:199,23,1,15
BRDA:199,24,0,16
BRDA:199,24,1,1
BRDA:212,25,0,2
BRDA:212,25,1,5
BRDA:224,26,0,2
BRDA:224,26,1,3
BRDA:224,27,0,5
BRDA:224,27,1,3
BRDA:233,28,0,1
BRDA:233,28,1,15
BRF:58
BRH:48
end_of_record
TN:
SF:src\utils\dateKey.ts
FN:3,(anonymous_0)
FN:20,(anonymous_1)
FN:26,(anonymous_2)
FN:34,(anonymous_3)
FNF:4
FNH:4
FNDA:175,(anonymous_0)
FNDA:264,(anonymous_1)
FNDA:73,(anonymous_2)
FNDA:5,(anonymous_3)
DA:1,3
DA:3,3
DA:4,175
DA:6,171
DA:7,166
DA:10,5
DA:11,2
DA:12,2
DA:13,1
DA:16,3
DA:17,3
DA:20,3
DA:21,264
DA:22,264
DA:23,264
DA:26,3
DA:27,73
DA:28,73
DA:29,73
DA:30,73
DA:31,73
DA:34,3
DA:35,5
LF:23
LH:23
BRDA:4,0,0,4
BRDA:4,0,1,171
BRDA:6,1,0,166
BRDA:6,1,1,5
BRDA:7,2,0,1
BRDA:7,2,1,165
BRDA:10,3,0,2
BRDA:10,3,1,3
BRDA:10,4,0,5
BRDA:10,4,1,2
BRDA:10,4,2,2
BRDA:12,5,0,1
BRDA:12,5,1,1
BRDA:12,6,0,2
BRDA:12,6,1,2
BRDA:17,7,0,1
BRDA:17,7,1,2
BRF:17
BRH:17
end_of_record
TN:
SF:src\utils\utils.ts
FN:1,formatDuration
FNF:1
FNH:1
FNDA:11,formatDuration
DA:2,11
DA:3,3
DA:6,8
DA:7,8
DA:8,8
DA:10,8
DA:11,4
DA:12,2
DA:13,2
DA:14,1
DA:16,1
DA:19,4
DA:20,2
DA:22,2
LF:14
LH:14
BRDA:2,0,0,3
BRDA:2,0,1,8
BRDA:10,1,0,4
BRDA:10,1,1,4
BRDA:11,2,0,2
BRDA:11,2,1,2
BRDA:13,3,0,1
BRDA:13,3,1,1
BRDA:19,4,0,2
BRDA:19,4,1,2
BRF:10
BRH:10
end_of_record
TN:
SF:src\utils\workoutPlanCycle.ts
FN:7,(anonymous_0)
FN:27,(anonymous_1)
FN:38,(anonymous_2)
FN:59,(anonymous_3)
FN:71,(anonymous_4)
FN:108,(anonymous_5)
FN:139,(anonymous_6)
FN:163,(anonymous_7)
FNF:8
FNH:8
FNDA:42,(anonymous_0)
FNDA:12,(anonymous_1)
FNDA:14,(anonymous_2)
FNDA:10,(anonymous_3)
FNDA:5,(anonymous_4)
FNDA:5,(anonymous_5)
FNDA:10,(anonymous_6)
FNDA:5,(anonymous_7)
DA:7,2
DA:11,42
DA:13,38
DA:14,38
DA:15,38
DA:17,38
DA:18,38
DA:20,37
DA:21,37
DA:22,37
DA:24,37
DA:27,2
DA:31,12
DA:38,2
DA:42,14
DA:44,13
DA:45,13
DA:46,13
DA:48,13
DA:49,13
DA:51,13
DA:52,13
DA:53,13
DA:54,13
DA:56,12
DA:59,2
DA:62,10
DA:71,2
DA:77,5
DA:78,5
DA:79,5
DA:81,5
DA:82,5
DA:83,4
DA:85,3
DA:86,3
DA:88,3
DA:89,3
DA:91,3
DA:93,2
DA:94,2
DA:95,2
DA:99,5
DA:108,2
DA:112,5
DA:113,5
DA:115,4
DA:116,6
DA:117,5
DA:118,5
DA:119,5
DA:121,5
DA:122,5
DA:125,4
DA:139,2
DA:144,10
DA:146,9
DA:147,9
DA:148,9
DA:149,9
DA:150,6
DA:153,3
DA:156,2
DA:163,2
DA:167,5
DA:168,4
DA:170,3
DA:171,3
DA:172,3
DA:173,3
DA:174,2
DA:176,1
LF:72
LH:72
BRDA:11,0,0,4
BRDA:11,0,1,38
BRDA:11,1,0,42
BRDA:11,1,1,38
BRDA:15,2,0,0
BRDA:15,2,1,38
BRDA:15,3,0,38
BRDA:15,3,1,38
BRDA:18,4,0,1
BRDA:18,4,1,37
BRDA:18,5,0,38
BRDA:18,5,1,38
BRDA:42,6,0,1
BRDA:42,6,1,13
BRDA:42,7,0,14
BRDA:42,7,1,13
BRDA:46,8,0,0
BRDA:46,8,1,13
BRDA:46,9,0,13
BRDA:46,9,1,13
BRDA:49,10,0,0
BRDA:49,10,1,13
BRDA:49,11,0,13
BRDA:49,11,1,13
BRDA:54,12,0,1
BRDA:54,12,1,12
BRDA:82,13,0,1
BRDA:82,13,1,4
BRDA:83,14,0,1
BRDA:83,14,1,3
BRDA:83,15,0,4
BRDA:83,15,1,4
BRDA:86,16,0,0
BRDA:86,16,1,3
BRDA:89,17,0,0
BRDA:89,17,1,3
BRDA:91,18,0,1
BRDA:91,18,1,2
BRDA:93,19,0,2
BRDA:93,19,1,0
BRDA:113,20,0,1
BRDA:113,20,1,4
BRDA:116,21,0,1
BRDA:116,21,1,5
BRDA:117,22,0,0
BRDA:117,22,1,5
BRDA:117,23,0,5
BRDA:117,23,1,5
BRDA:119,24,0,0
BRDA:119,24,1,5
BRDA:144,25,0,1
BRDA:144,25,1,9
BRDA:148,26,0,0
BRDA:148,26,1,9
BRDA:149,27,0,3
BRDA:149,27,1,6
BRDA:150,28,0,3
BRDA:150,28,1,3
BRDA:150,29,0,6
BRDA:150,29,1,6
BRDA:153,30,0,1
BRDA:153,30,1,2
BRDA:167,31,0,1
BRDA:167,31,1,4
BRDA:168,32,0,1
BRDA:168,32,1,3
BRDA:172,33,0,0
BRDA:172,33,1,3
BRDA:173,34,0,1
BRDA:173,34,1,2
BRDA:174,35,0,1
BRDA:174,35,1,1
BRDA:174,36,0,2
BRDA:174,36,1,2
BRF:74
BRH:64
end_of_record
